<Event xmlns="http://schemas.microsoft.com/win/2004/08/events/event"><System><Provider Name="Microsoft-Windows-Deployment-Services-Diagnostics" Guid="{22b7d623-566b-47b6-9ba0-bc9da3c9d646}"></Provider>
<EventID Qualifiers="">4099</EventID>
<Version>0</Version>
<Level>4</Level>
<Task>101</Task>
<Opcode>1</Opcode>
<Keywords>0x8000000000000003</Keywords>
<TimeCreated SystemTime="2019-11-21 08:02:29.725187"></TimeCreated>
<EventRecordID>121489</EventRecordID>
<Correlation ActivityID="" RelatedActivityID=""></Correlation>
<Execution ProcessID="1824" ThreadID="1892"></Execution>
<Channel>Microsoft-Windows-Deployment-Services-Diagnostics/Operational</Channel>
<Computer>WIN-J9LVFC7736M.WDS.com</Computer>
<Security UserID="S-1-5-18"></Security>
</System>
<UserData><TFTPDownloadStartedEvent xmlns:auto-ns2="http://schemas.microsoft.com/win/2004/08/events" xmlns="Microsoft-Windows-Deployment-Services-Diagnostics"><ClientIP>192.168.0.100</ClientIP>
<FileName>\Tmp\x86x64{E11E8DD3-CF6E-4B40-B511-F7845A1D7683}.bcd</FileName>
<FileSize>12288</FileSize>
<ClientPort>19314</ClientPort>
<ServerPort>51393</ServerPort>
<VariableWindow>False</VariableWindow>
</TFTPDownloadStartedEvent>
</UserData>
</Event>

<Event xmlns="http://schemas.microsoft.com/win/2004/08/events/event"><System><Provider Name="Microsoft-Windows-Deployment-Services-Diagnostics" Guid="{22b7d623-566b-47b6-9ba0-bc9da3c9d646}"></Provider>
<EventID Qualifiers="">4100</EventID>
<Version>0</Version>
<Level>4</Level>
<Task>101</Task>
<Opcode>2</Opcode>
<Keywords>0x8000000000000003</Keywords>
<TimeCreated SystemTime="2019-11-21 08:02:29.725187"></TimeCreated>
<EventRecordID>121490</EventRecordID>
<Correlation ActivityID="" RelatedActivityID=""></Correlation>
<Execution ProcessID="1824" ThreadID="1892"></Execution>
<Channel>Microsoft-Windows-Deployment-Services-Diagnostics/Operational</Channel>
<Computer>WIN-J9LVFC7736M.WDS.com</Computer>
<Security UserID="S-1-5-18"></Security>
</System>
<UserData><TFTPDownloadCompletedEvent xmlns:auto-ns2="http://schemas.microsoft.com/win/2004/08/events" xmlns="Microsoft-Windows-Deployment-Services-Diagnostics"><ClientIP>192.168.0.100</ClientIP>
<FileName>\Tmp\x86x64{E11E8DD3-CF6E-4B40-B511-F7845A1D7683}.bcd</FileName>
<FileSize>12288</FileSize>
<ClientPort>19314</ClientPort>
<ServerPort>51393</ServerPort>
<VariableWindow>False</VariableWindow>
</TFTPDownloadCompletedEvent>
</UserData>
</Event>

<Event xmlns="http://schemas.microsoft.com/win/2004/08/events/event"><System><Provider Name="Microsoft-Windows-Deployment-Services-Diagnostics" Guid="{22b7d623-566b-47b6-9ba0-bc9da3c9d646}"></Provider>
<EventID Qualifiers="">57349</EventID>
<Version>0</Version>
<Level>4</Level>
<Task>0</Task>
<Opcode>0</Opcode>
<Keywords>0x8000000000000002</Keywords>
<TimeCreated SystemTime="2019-11-21 08:02:29.740816"></TimeCreated>
<EventRecordID>121491</EventRecordID>
<Correlation ActivityID="" RelatedActivityID=""></Correlation>
<Execution ProcessID="1824" ThreadID="5932"></Execution>
<Channel>Microsoft-Windows-Deployment-Services-Diagnostics/Operational</Channel>
<Computer>WIN-J9LVFC7736M.WDS.com</Computer>
<Security UserID="S-1-5-18"></Security>
</System>
<UserData><TptReadFileBuffer xmlns:auto-ns2="http://schemas.microsoft.com/win/2004/08/events" xmlns="Microsoft-Windows-Deployment-Services-Diagnostics"><FilePath>C:\RemoteInstall\Tmp\x86x64{E11E8DD3-CF6E-4B40-B511-F7845A1D7683}.bcd</FilePath>
<FileSize>12288</FileSize>
<BufferType>0</BufferType>
</TptReadFileBuffer>
</UserData>
</Event>

<Event xmlns="http://schemas.microsoft.com/win/2004/08/events/event"><System><Provider Name="Microsoft-Windows-Deployment-Services-Diagnostics" Guid="{22b7d623-566b-47b6-9ba0-bc9da3c9d646}"></Provider>
<EventID Qualifiers="">57349</EventID>
<Version>0</Version>
<Level>4</Level>
<Task>0</Task>
<Opcode>0</Opcode>
<Keywords>0x8000000000000002</Keywords>
<TimeCreated SystemTime="2019-11-21 08:02:29.740816"></TimeCreated>
<EventRecordID>121492</EventRecordID>
<Correlation ActivityID="" RelatedActivityID=""></Correlation>
<Execution ProcessID="1824" ThreadID="5932"></Execution>
<Channel>Microsoft-Windows-Deployment-Services-Diagnostics/Operational</Channel>
<Computer>WIN-J9LVFC7736M.WDS.com</Computer>
<Security UserID="S-1-5-18"></Security>
</System>
<UserData><TptReadFileBuffer xmlns:auto-ns2="http://schemas.microsoft.com/win/2004/08/events" xmlns="Microsoft-Windows-Deployment-Services-Diagnostics"><FilePath>C:\RemoteInstall\Tmp\x86x64{E11E8DD3-CF6E-4B40-B511-F7845A1D7683}.bcd</FilePath>
<FileSize>12288</FileSize>
<BufferType>0</BufferType>
</TptReadFileBuffer>
</UserData>
</Event>

<Event xmlns="http://schemas.microsoft.com/win/2004/08/events/event"><System><Provider Name="Microsoft-Windows-Deployment-Services-Diagnostics" Guid="{22b7d623-566b-47b6-9ba0-bc9da3c9d646}"></Provider>
<EventID Qualifiers="">57348</EventID>
<Version>0</Version>
<Level>4</Level>
<Task>0</Task>
<Opcode>0</Opcode>
<Keywords>0x8000000000000002</Keywords>
<TimeCreated SystemTime="2019-11-21 08:02:29.803322"></TimeCreated>
<EventRecordID>121493</EventRecordID>
<Correlation ActivityID="" RelatedActivityID=""></Correlation>
<Execution ProcessID="1824" ThreadID="1892"></Execution>
<Channel>Microsoft-Windows-Deployment-Services-Diagnostics/Operational</Channel>
<Computer>WIN-J9LVFC7736M.WDS.com</Computer>
<Security UserID="S-1-5-18"></Security>
</System>
<UserData><TptReadFileBuffer xmlns:auto-ns2="http://schemas.microsoft.com/win/2004/08/events" xmlns="Microsoft-Windows-Deployment-Services-Diagnostics"><FilePath>C:\RemoteInstall\Boot\x64\Images\boot.wim</FilePath>
<FileSize>272062425</FileSize>
<BufferType>0</BufferType>
</TptReadFileBuffer>
</UserData>
</Event>

<Event xmlns="http://schemas.microsoft.com/win/2004/08/events/event"><System><Provider Name="Microsoft-Windows-Deployment-Services-Diagnostics" Guid="{22b7d623-566b-47b6-9ba0-bc9da3c9d646}"></Provider>
<EventID Qualifiers="">57348</EventID>
<Version>0</Version>
<Level>4</Level>
<Task>0</Task>
<Opcode>0</Opcode>
<Keywords>0x8000000000000002</Keywords>
<TimeCreated SystemTime="2019-11-21 08:02:29.803322"></TimeCreated>
<EventRecordID>121494</EventRecordID>
<Correlation ActivityID="" RelatedActivityID=""></Correlation>
<Execution ProcessID="1824" ThreadID="1920"></Execution>
<Channel>Microsoft-Windows-Deployment-Services-Diagnostics/Operational</Channel>
<Computer>WIN-J9LVFC7736M.WDS.com</Computer>
<Security UserID="S-1-5-18"></Security>
</System>
<UserData><TptReadFileBuffer xmlns:auto-ns2="http://schemas.microsoft.com/win/2004/08/events" xmlns="Microsoft-Windows-Deployment-Services-Diagnostics"><FilePath>C:\RemoteInstall\Boot\Boot.SDI</FilePath>
<FileSize>3170304</FileSize>
<BufferType>0</BufferType>
</TptReadFileBuffer>
</UserData>
</Event>

<Event xmlns="http://schemas.microsoft.com/win/2004/08/events/event"><System><Provider Name="Microsoft-Windows-Deployment-Services-Diagnostics" Guid="{22b7d623-566b-47b6-9ba0-bc9da3c9d646}"></Provider>
<EventID Qualifiers="">57349</EventID>
<Version>0</Version>
<Level>4</Level>
<Task>0</Task>
<Opcode>0</Opcode>
<Keywords>0x8000000000000002</Keywords>
<TimeCreated SystemTime="2019-11-21 08:02:29.818949"></TimeCreated>
<EventRecordID>121495</EventRecordID>
<Correlation ActivityID="" RelatedActivityID=""></Correlation>
<Execution ProcessID="1824" ThreadID="5932"></Execution>
<Channel>Microsoft-Windows-Deployment-Services-Diagnostics/Operational</Channel>
<Computer>WIN-J9LVFC7736M.WDS.com</Computer>
<Security UserID="S-1-5-18"></Security>
</System>
<UserData><TptReadFileBuffer xmlns:auto-ns2="http://schemas.microsoft.com/win/2004/08/events" xmlns="Microsoft-Windows-Deployment-Services-Diagnostics"><FilePath>C:\RemoteInstall\Boot\Boot.SDI</FilePath>
<FileSize>3170304</FileSize>
<BufferType>0</BufferType>
</TptReadFileBuffer>
</UserData>
</Event>

<Event xmlns="http://schemas.microsoft.com/win/2004/08/events/event"><System><Provider Name="Microsoft-Windows-Deployment-Services-Diagnostics" Guid="{22b7d623-566b-47b6-9ba0-bc9da3c9d646}"></Provider>
<EventID Qualifiers="">57349</EventID>
<Version>0</Version>
<Level>4</Level>
<Task>0</Task>
<Opcode>0</Opcode>
<Keywords>0x8000000000000002</Keywords>
<TimeCreated SystemTime="2019-11-21 08:02:29.818949"></TimeCreated>
<EventRecordID>121496</EventRecordID>
<Correlation ActivityID="" RelatedActivityID=""></Correlation>
<Execution ProcessID="1824" ThreadID="5932"></Execution>
<Channel>Microsoft-Windows-Deployment-Services-Diagnostics/Operational</Channel>
<Computer>WIN-J9LVFC7736M.WDS.com</Computer>
<Security UserID="S-1-5-18"></Security>
</System>
<UserData><TptReadFileBuffer xmlns:auto-ns2="http://schemas.microsoft.com/win/2004/08/events" xmlns="Microsoft-Windows-Deployment-Services-Diagnostics"><FilePath>C:\RemoteInstall\Boot\x64\Images\boot.wim</FilePath>
<FileSize>272062425</FileSize>
<BufferType>0</BufferType>
</TptReadFileBuffer>
</UserData>
</Event>

<Event xmlns="http://schemas.microsoft.com/win/2004/08/events/event"><System><Provider Name="Microsoft-Windows-Deployment-Services-Diagnostics" Guid="{22b7d623-566b-47b6-9ba0-bc9da3c9d646}"></Provider>
<EventID Qualifiers="">57348</EventID>
<Version>0</Version>
<Level>4</Level>
<Task>0</Task>
<Opcode>0</Opcode>
<Keywords>0x8000000000000002</Keywords>
<TimeCreated SystemTime="2019-11-21 08:02:29.818949"></TimeCreated>
<EventRecordID>121497</EventRecordID>
<Correlation ActivityID="" RelatedActivityID=""></Correlation>
<Execution ProcessID="1824" ThreadID="1892"></Execution>
<Channel>Microsoft-Windows-Deployment-Services-Diagnostics/Operational</Channel>
<Computer>WIN-J9LVFC7736M.WDS.com</Computer>
<Security UserID="S-1-5-18"></Security>
</System>
<UserData><TptReadFileBuffer xmlns:auto-ns2="http://schemas.microsoft.com/win/2004/08/events" xmlns="Microsoft-Windows-Deployment-Services-Diagnostics"><FilePath>C:\RemoteInstall\Boot\fonts\wgl4_boot.ttf</FilePath>
<FileSize>49030</FileSize>
<BufferType>0</BufferType>
</TptReadFileBuffer>
</UserData>
</Event>

<Event xmlns="http://schemas.microsoft.com/win/2004/08/events/event"><System><Provider Name="Microsoft-Windows-Deployment-Services-Diagnostics" Guid="{22b7d623-566b-47b6-9ba0-bc9da3c9d646}"></Provider>
<EventID Qualifiers="">57348</EventID>
<Version>0</Version>
<Level>4</Level>
<Task>0</Task>
<Opcode>0</Opcode>
<Keywords>0x8000000000000002</Keywords>
<TimeCreated SystemTime="2019-11-21 08:02:29.818949"></TimeCreated>
<EventRecordID>121498</EventRecordID>
<Correlation ActivityID="" RelatedActivityID=""></Correlation>
<Execution ProcessID="1824" ThreadID="1920"></Execution>
<Channel>Microsoft-Windows-Deployment-Services-Diagnostics/Operational</Channel>
<Computer>WIN-J9LVFC7736M.WDS.com</Computer>
<Security UserID="S-1-5-18"></Security>
</System>
<UserData><TptReadFileBuffer xmlns:auto-ns2="http://schemas.microsoft.com/win/2004/08/events" xmlns="Microsoft-Windows-Deployment-Services-Diagnostics"><FilePath>C:\RemoteInstall\Boot\fonts\wgl4_boot.ttf</FilePath>
<FileSize>49030</FileSize>
<BufferType>0</BufferType>
</TptReadFileBuffer>
</UserData>
</Event>

<Event xmlns="http://schemas.microsoft.com/win/2004/08/events/event"><System><Provider Name="Microsoft-Windows-Deployment-Services-Diagnostics" Guid="{22b7d623-566b-47b6-9ba0-bc9da3c9d646}"></Provider>
<EventID Qualifiers="">4099</EventID>
<Version>0</Version>
<Level>4</Level>
<Task>101</Task>
<Opcode>1</Opcode>
<Keywords>0x8000000000000003</Keywords>
<TimeCreated SystemTime="2019-11-21 08:02:29.818949"></TimeCreated>
<EventRecordID>121499</EventRecordID>
<Correlation ActivityID="" RelatedActivityID=""></Correlation>
<Execution ProcessID="1824" ThreadID="1892"></Execution>
<Channel>Microsoft-Windows-Deployment-Services-Diagnostics/Operational</Channel>
<Computer>WIN-J9LVFC7736M.WDS.com</Computer>
<Security UserID="S-1-5-18"></Security>
</System>
<UserData><TFTPDownloadStartedEvent xmlns:auto-ns2="http://schemas.microsoft.com/win/2004/08/events" xmlns="Microsoft-Windows-Deployment-Services-Diagnostics"><ClientIP>192.168.0.100</ClientIP>
<FileName>\Boot\fonts\wgl4_boot.ttf</FileName>
<FileSize>49030</FileSize>
<ClientPort>19320</ClientPort>
<ServerPort>52014</ServerPort>
<VariableWindow>True</VariableWindow>
</TFTPDownloadStartedEvent>
</UserData>
</Event>

<Event xmlns="http://schemas.microsoft.com/win/2004/08/events/event"><System><Provider Name="Microsoft-Windows-Deployment-Services-Diagnostics" Guid="{22b7d623-566b-47b6-9ba0-bc9da3c9d646}"></Provider>
<EventID Qualifiers="">4100</EventID>
<Version>0</Version>
<Level>4</Level>
<Task>101</Task>
<Opcode>2</Opcode>
<Keywords>0x8000000000000003</Keywords>
<TimeCreated SystemTime="2019-11-21 08:02:29.818949"></TimeCreated>
<EventRecordID>121500</EventRecordID>
<Correlation ActivityID="" RelatedActivityID=""></Correlation>
<Execution ProcessID="1824" ThreadID="1920"></Execution>
<Channel>Microsoft-Windows-Deployment-Services-Diagnostics/Operational</Channel>
<Computer>WIN-J9LVFC7736M.WDS.com</Computer>
<Security UserID="S-1-5-18"></Security>
</System>
<UserData><TFTPDownloadCompletedEvent xmlns:auto-ns2="http://schemas.microsoft.com/win/2004/08/events" xmlns="Microsoft-Windows-Deployment-Services-Diagnostics"><ClientIP>192.168.0.100</ClientIP>
<FileName>\Boot\fonts\wgl4_boot.ttf</FileName>
<FileSize>49030</FileSize>
<ClientPort>19320</ClientPort>
<ServerPort>52014</ServerPort>
<VariableWindow>True</VariableWindow>
</TFTPDownloadCompletedEvent>
</UserData>
</Event>

<Event xmlns="http://schemas.microsoft.com/win/2004/08/events/event"><System><Provider Name="Microsoft-Windows-Deployment-Services-Diagnostics" Guid="{22b7d623-566b-47b6-9ba0-bc9da3c9d646}"></Provider>
<EventID Qualifiers="">57349</EventID>
<Version>0</Version>
<Level>4</Level>
<Task>0</Task>
<Opcode>0</Opcode>
<Keywords>0x8000000000000002</Keywords>
<TimeCreated SystemTime="2019-11-21 08:02:29.834576"></TimeCreated>
<EventRecordID>121501</EventRecordID>
<Correlation ActivityID="" RelatedActivityID=""></Correlation>
<Execution ProcessID="1824" ThreadID="5932"></Execution>
<Channel>Microsoft-Windows-Deployment-Services-Diagnostics/Operational</Channel>
<Computer>WIN-J9LVFC7736M.WDS.com</Computer>
<Security UserID="S-1-5-18"></Security>
</System>
<UserData><TptReadFileBuffer xmlns:auto-ns2="http://schemas.microsoft.com/win/2004/08/events" xmlns="Microsoft-Windows-Deployment-Services-Diagnostics"><FilePath>C:\RemoteInstall\Boot\fonts\wgl4_boot.ttf</FilePath>
<FileSize>49030</FileSize>
<BufferType>0</BufferType>
</TptReadFileBuffer>
</UserData>
</Event>

<Event xmlns="http://schemas.microsoft.com/win/2004/08/events/event"><System><Provider Name="Microsoft-Windows-Deployment-Services-Diagnostics" Guid="{22b7d623-566b-47b6-9ba0-bc9da3c9d646}"></Provider>
<EventID Qualifiers="">57349</EventID>
<Version>0</Version>
<Level>4</Level>
<Task>0</Task>
<Opcode>0</Opcode>
<Keywords>0x8000000000000002</Keywords>
<TimeCreated SystemTime="2019-11-21 08:02:29.834576"></TimeCreated>
<EventRecordID>121502</EventRecordID>
<Correlation ActivityID="" RelatedActivityID=""></Correlation>
<Execution ProcessID="1824" ThreadID="5932"></Execution>
<Channel>Microsoft-Windows-Deployment-Services-Diagnostics/Operational</Channel>
<Computer>WIN-J9LVFC7736M.WDS.com</Computer>
<Security UserID="S-1-5-18"></Security>
</System>
<UserData><TptReadFileBuffer xmlns:auto-ns2="http://schemas.microsoft.com/win/2004/08/events" xmlns="Microsoft-Windows-Deployment-Services-Diagnostics"><FilePath>C:\RemoteInstall\Boot\fonts\wgl4_boot.ttf</FilePath>
<FileSize>49030</FileSize>
<BufferType>0</BufferType>
</TptReadFileBuffer>
</UserData>
</Event>

<Event xmlns="http://schemas.microsoft.com/win/2004/08/events/event"><System><Provider Name="Microsoft-Windows-Deployment-Services-Diagnostics" Guid="{22b7d623-566b-47b6-9ba0-bc9da3c9d646}"></Provider>
<EventID Qualifiers="">57348</EventID>
<Version>0</Version>
<Level>4</Level>
<Task>0</Task>
<Opcode>0</Opcode>
<Keywords>0x8000000000000002</Keywords>
<TimeCreated SystemTime="2019-11-21 08:02:29.881454"></TimeCreated>
<EventRecordID>121503</EventRecordID>
<Correlation ActivityID="" RelatedActivityID=""></Correlation>
<Execution ProcessID="1824" ThreadID="1920"></Execution>
<Channel>Microsoft-Windows-Deployment-Services-Diagnostics/Operational</Channel>
<Computer>WIN-J9LVFC7736M.WDS.com</Computer>
<Security UserID="S-1-5-18"></Security>
</System>
<UserData><TptReadFileBuffer xmlns:auto-ns2="http://schemas.microsoft.com/win/2004/08/events" xmlns="Microsoft-Windows-Deployment-Services-Diagnostics"><FilePath>C:\RemoteInstall\Boot\Boot.SDI</FilePath>
<FileSize>3170304</FileSize>
<BufferType>0</BufferType>
</TptReadFileBuffer>
</UserData>
</Event>

<Event xmlns="http://schemas.microsoft.com/win/2004/08/events/event"><System><Provider Name="Microsoft-Windows-Deployment-Services-Diagnostics" Guid="{22b7d623-566b-47b6-9ba0-bc9da3c9d646}"></Provider>
<EventID Qualifiers="">4099</EventID>
<Version>0</Version>
<Level>4</Level>
<Task>101</Task>
<Opcode>1</Opcode>
<Keywords>0x8000000000000003</Keywords>
<TimeCreated SystemTime="2019-11-21 08:02:29.881454"></TimeCreated>
<EventRecordID>121504</EventRecordID>
<Correlation ActivityID="" RelatedActivityID=""></Correlation>
<Execution ProcessID="1824" ThreadID="1912"></Execution>
<Channel>Microsoft-Windows-Deployment-Services-Diagnostics/Operational</Channel>
<Computer>WIN-J9LVFC7736M.WDS.com</Computer>
<Security UserID="S-1-5-18"></Security>
</System>
<UserData><TFTPDownloadStartedEvent xmlns:auto-ns2="http://schemas.microsoft.com/win/2004/08/events" xmlns="Microsoft-Windows-Deployment-Services-Diagnostics"><ClientIP>192.168.0.100</ClientIP>
<FileName>\Boot\Boot.SDI</FileName>
<FileSize>3170304</FileSize>
<ClientPort>19321</ClientPort>
<ServerPort>52014</ServerPort>
<VariableWindow>True</VariableWindow>
</TFTPDownloadStartedEvent>
</UserData>
</Event>

<Event xmlns="http://schemas.microsoft.com/win/2004/08/events/event"><System><Provider Name="Microsoft-Windows-Deployment-Services-Diagnostics" Guid="{22b7d623-566b-47b6-9ba0-bc9da3c9d646}"></Provider>
<EventID Qualifiers="">4100</EventID>
<Version>0</Version>
<Level>4</Level>
<Task>101</Task>
<Opcode>2</Opcode>
<Keywords>0x8000000000000003</Keywords>
<TimeCreated SystemTime="2019-11-21 08:02:30.068974"></TimeCreated>
<EventRecordID>121505</EventRecordID>
<Correlation ActivityID="" RelatedActivityID=""></Correlation>
<Execution ProcessID="1824" ThreadID="1912"></Execution>
<Channel>Microsoft-Windows-Deployment-Services-Diagnostics/Operational</Channel>
<Computer>WIN-J9LVFC7736M.WDS.com</Computer>
<Security UserID="S-1-5-18"></Security>
</System>
<UserData><TFTPDownloadCompletedEvent xmlns:auto-ns2="http://schemas.microsoft.com/win/2004/08/events" xmlns="Microsoft-Windows-Deployment-Services-Diagnostics"><ClientIP>192.168.0.100</ClientIP>
<FileName>\Boot\Boot.SDI</FileName>
<FileSize>3170304</FileSize>
<ClientPort>19321</ClientPort>
<ServerPort>52014</ServerPort>
<VariableWindow>True</VariableWindow>
</TFTPDownloadCompletedEvent>
</UserData>
</Event>

<Event xmlns="http://schemas.microsoft.com/win/2004/08/events/event"><System><Provider Name="Microsoft-Windows-Deployment-Services-Diagnostics" Guid="{22b7d623-566b-47b6-9ba0-bc9da3c9d646}"></Provider>
<EventID Qualifiers="">57349</EventID>
<Version>0</Version>
<Level>4</Level>
<Task>0</Task>
<Opcode>0</Opcode>
<Keywords>0x8000000000000002</Keywords>
<TimeCreated SystemTime="2019-11-21 08:02:30.084600"></TimeCreated>
<EventRecordID>121506</EventRecordID>
<Correlation ActivityID="" RelatedActivityID=""></Correlation>
<Execution ProcessID="1824" ThreadID="5932"></Execution>
<Channel>Microsoft-Windows-Deployment-Services-Diagnostics/Operational</Channel>
<Computer>WIN-J9LVFC7736M.WDS.com</Computer>
<Security UserID="S-1-5-18"></Security>
</System>
<UserData><TptReadFileBuffer xmlns:auto-ns2="http://schemas.microsoft.com/win/2004/08/events" xmlns="Microsoft-Windows-Deployment-Services-Diagnostics"><FilePath>C:\RemoteInstall\Boot\Boot.SDI</FilePath>
<FileSize>3170304</FileSize>
<BufferType>0</BufferType>
</TptReadFileBuffer>
</UserData>
</Event>

<Event xmlns="http://schemas.microsoft.com/win/2004/08/events/event"><System><Provider Name="Microsoft-Windows-Deployment-Services-Diagnostics" Guid="{22b7d623-566b-47b6-9ba0-bc9da3c9d646}"></Provider>
<EventID Qualifiers="">57348</EventID>
<Version>0</Version>
<Level>4</Level>
<Task>0</Task>
<Opcode>0</Opcode>
<Keywords>0x8000000000000002</Keywords>
<TimeCreated SystemTime="2019-11-21 08:02:30.287746"></TimeCreated>
<EventRecordID>121507</EventRecordID>
<Correlation ActivityID="" RelatedActivityID=""></Correlation>
<Execution ProcessID="1824" ThreadID="1912"></Execution>
<Channel>Microsoft-Windows-Deployment-Services-Diagnostics/Operational</Channel>
<Computer>WIN-J9LVFC7736M.WDS.com</Computer>
<Security UserID="S-1-5-18"></Security>
</System>
<UserData><TptReadFileBuffer xmlns:auto-ns2="http://schemas.microsoft.com/win/2004/08/events" xmlns="Microsoft-Windows-Deployment-Services-Diagnostics"><FilePath>C:\RemoteInstall\Boot\x64\Images\boot.wim</FilePath>
<FileSize>272062425</FileSize>
<BufferType>0</BufferType>
</TptReadFileBuffer>
</UserData>
</Event>

<Event xmlns="http://schemas.microsoft.com/win/2004/08/events/event"><System><Provider Name="Microsoft-Windows-Deployment-Services-Diagnostics" Guid="{22b7d623-566b-47b6-9ba0-bc9da3c9d646}"></Provider>
<EventID Qualifiers="">4099</EventID>
<Version>0</Version>
<Level>4</Level>
<Task>101</Task>
<Opcode>1</Opcode>
<Keywords>0x8000000000000003</Keywords>
<TimeCreated SystemTime="2019-11-21 08:02:30.287746"></TimeCreated>
<EventRecordID>121508</EventRecordID>
<Correlation ActivityID="" RelatedActivityID=""></Correlation>
<Execution ProcessID="1824" ThreadID="1892"></Execution>
<Channel>Microsoft-Windows-Deployment-Services-Diagnostics/Operational</Channel>
<Computer>WIN-J9LVFC7736M.WDS.com</Computer>
<Security UserID="S-1-5-18"></Security>
</System>
<UserData><TFTPDownloadStartedEvent xmlns:auto-ns2="http://schemas.microsoft.com/win/2004/08/events" xmlns="Microsoft-Windows-Deployment-Services-Diagnostics"><ClientIP>192.168.0.100</ClientIP>
<FileName>\Boot\x64\Images\boot.wim</FileName>
<FileSize>272062425</FileSize>
<ClientPort>19322</ClientPort>
<ServerPort>52014</ServerPort>
<VariableWindow>True</VariableWindow>
</TFTPDownloadStartedEvent>
</UserData>
</Event>

<Event xmlns="http://schemas.microsoft.com/win/2004/08/events/event"><System><Provider Name="Microsoft-Windows-Deployment-Services-Diagnostics" Guid="{22b7d623-566b-47b6-9ba0-bc9da3c9d646}"></Provider>
<EventID Qualifiers="">4100</EventID>
<Version>0</Version>
<Level>4</Level>
<Task>101</Task>
<Opcode>2</Opcode>
<Keywords>0x8000000000000003</Keywords>
<TimeCreated SystemTime="2019-11-21 08:02:36.600912"></TimeCreated>
<EventRecordID>121509</EventRecordID>
<Correlation ActivityID="" RelatedActivityID=""></Correlation>
<Execution ProcessID="1824" ThreadID="1912"></Execution>
<Channel>Microsoft-Windows-Deployment-Services-Diagnostics/Operational</Channel>
<Computer>WIN-J9LVFC7736M.WDS.com</Computer>
<Security UserID="S-1-5-18"></Security>
</System>
<UserData><TFTPDownloadCompletedEvent xmlns:auto-ns2="http://schemas.microsoft.com/win/2004/08/events" xmlns="Microsoft-Windows-Deployment-Services-Diagnostics"><ClientIP>192.168.0.100</ClientIP>
<FileName>\Boot\x64\Images\boot.wim</FileName>
<FileSize>272062425</FileSize>
<ClientPort>19322</ClientPort>
<ServerPort>52014</ServerPort>
<VariableWindow>True</VariableWindow>
</TFTPDownloadCompletedEvent>
</UserData>
</Event>

<Event xmlns="http://schemas.microsoft.com/win/2004/08/events/event"><System><Provider Name="Microsoft-Windows-Deployment-Services-Diagnostics" Guid="{22b7d623-566b-47b6-9ba0-bc9da3c9d646}"></Provider>
<EventID Qualifiers="">57349</EventID>
<Version>0</Version>
<Level>4</Level>
<Task>0</Task>
<Opcode>0</Opcode>
<Keywords>0x8000000000000002</Keywords>
<TimeCreated SystemTime="2019-11-21 08:02:36.616541"></TimeCreated>
<EventRecordID>121510</EventRecordID>
<Correlation ActivityID="" RelatedActivityID=""></Correlation>
<Execution ProcessID="1824" ThreadID="5932"></Execution>
<Channel>Microsoft-Windows-Deployment-Services-Diagnostics/Operational</Channel>
<Computer>WIN-J9LVFC7736M.WDS.com</Computer>
<Security UserID="S-1-5-18"></Security>
</System>
<UserData><TptReadFileBuffer xmlns:auto-ns2="http://schemas.microsoft.com/win/2004/08/events" xmlns="Microsoft-Windows-Deployment-Services-Diagnostics"><FilePath>C:\RemoteInstall\Boot\x64\Images\boot.wim</FilePath>
<FileSize>272062425</FileSize>
<BufferType>0</BufferType>
</TptReadFileBuffer>
</UserData>
</Event>

<Event xmlns="http://schemas.microsoft.com/win/2004/08/events/event"><System><Provider Name="Microsoft-Windows-Deployment-Services-Diagnostics" Guid="{22b7d623-566b-47b6-9ba0-bc9da3c9d646}"></Provider>
<EventID Qualifiers="">4102</EventID>
<Version>0</Version>
<Level>4</Level>
<Task>201</Task>
<Opcode>1</Opcode>
<Keywords>0x8000000000000003</Keywords>
<TimeCreated SystemTime="2019-11-21 08:03:02.228615"></TimeCreated>
<EventRecordID>121511</EventRecordID>
<Correlation ActivityID="" RelatedActivityID=""></Correlation>
<Execution ProcessID="1824" ThreadID="1940"></Execution>
<Channel>Microsoft-Windows-Deployment-Services-Diagnostics/Operational</Channel>
<Computer>WIN-J9LVFC7736M.WDS.com</Computer>
<Security UserID="S-1-5-18"></Security>
</System>
<UserData><WdsClientStartedEvent xmlns:auto-ns2="http://schemas.microsoft.com/win/2004/08/events" xmlns="Microsoft-Windows-Deployment-Services-Diagnostics"><SessionGUID>{982ee65d-dfce-491d-a0ec-962faf1372eb}</SessionGUID>
<ClientMAC>74-FE-48-2E-11-ED</ClientMAC>
<ClientIP>192.168.0.100</ClientIP>
<ClientDeviceID>{03000200-0400-0500-0006-000700080009}</ClientDeviceID>
<ClientArch>9</ClientArch>
<ClientVersion>10.0.14393.0</ClientVersion>
<WinPEVersion>10.0.14393.0</WinPEVersion>
</WdsClientStartedEvent>
</UserData>
</Event>

<Event xmlns="http://schemas.microsoft.com/win/2004/08/events/event"><System><Provider Name="Microsoft-Windows-Deployment-Services-Diagnostics" Guid="{22b7d623-566b-47b6-9ba0-bc9da3c9d646}"></Provider>
<EventID Qualifiers="">4103</EventID>
<Version>0</Version>
<Level>4</Level>
<Task>0</Task>
<Opcode>0</Opcode>
<Keywords>0x8000000000000002</Keywords>
<TimeCreated SystemTime="2019-11-21 08:03:11.807749"></TimeCreated>
<EventRecordID>121512</EventRecordID>
<Correlation ActivityID="" RelatedActivityID=""></Correlation>
<Execution ProcessID="1824" ThreadID="1940"></Execution>
<Channel>Microsoft-Windows-Deployment-Services-Diagnostics/Operational</Channel>
<Computer>WIN-J9LVFC7736M.WDS.com</Computer>
<Security UserID="S-1-5-18"></Security>
</System>
<UserData><WdsClientUnattendEvent xmlns:auto-ns2="http://schemas.microsoft.com/win/2004/08/events" xmlns="Microsoft-Windows-Deployment-Services-Diagnostics"><SessionGUID>{982ee65d-dfce-491d-a0ec-962faf1372eb}</SessionGUID>
<ClientMAC>74-FE-48-2E-11-ED</ClientMAC>
<ClientIP>192.168.0.100</ClientIP>
<ClientDeviceID>{03000200-0400-0500-0006-000700080009}</ClientDeviceID>
<ClientArch>9</ClientArch>
<UnattendMode>True</UnattendMode>
</WdsClientUnattendEvent>
</UserData>
</Event>

<Event xmlns="http://schemas.microsoft.com/win/2004/08/events/event"><System><Provider Name="Microsoft-Windows-Deployment-Services-Diagnostics" Guid="{22b7d623-566b-47b6-9ba0-bc9da3c9d646}"></Provider>
<EventID Qualifiers="">4131</EventID>
<Version>0</Version>
<Level>4</Level>
<Task>0</Task>
<Opcode>0</Opcode>
<Keywords>0x8000000000000002</Keywords>
<TimeCreated SystemTime="2019-11-21 08:03:11.917135"></TimeCreated>
<EventRecordID>121513</EventRecordID>
<Correlation ActivityID="" RelatedActivityID=""></Correlation>
<Execution ProcessID="1824" ThreadID="1940"></Execution>
<Channel>Microsoft-Windows-Deployment-Services-Diagnostics/Operational</Channel>
<Computer>WIN-J9LVFC7736M.WDS.com</Computer>
<Security UserID="S-1-5-18"></Security>
</System>
<UserData><WdsClientImageSelected2Event xmlns:auto-ns2="http://schemas.microsoft.com/win/2004/08/events" xmlns="Microsoft-Windows-Deployment-Services-Diagnostics"><SessionGUID>{982ee65d-dfce-491d-a0ec-962faf1372eb}</SessionGUID>
<ClientMAC>74-FE-48-2E-11-ED</ClientMAC>
<ClientIP>192.168.0.100</ClientIP>
<ClientDeviceID>{03000200-0400-0500-0006-000700080009}</ClientDeviceID>
<ClientArch>9</ClientArch>
<ImageGroup>Windows 10 installation of Legacy (64 bit)</ImageGroup>
<ImageName>Windows 10 installation of Legacy (64 bit)</ImageName>
<ImageLanguage>en-us</ImageLanguage>
<FullUserName>WDS\Administrator</FullUserName>
<ImageArch>9</ImageArch>
</WdsClientImageSelected2Event>
</UserData>
</Event>

<Event xmlns="http://schemas.microsoft.com/win/2004/08/events/event"><System><Provider Name="Microsoft-Windows-Deployment-Services-Diagnostics" Guid="{22b7d623-566b-47b6-9ba0-bc9da3c9d646}"></Provider>
<EventID Qualifiers="">4107</EventID>
<Version>0</Version>
<Level>3</Level>
<Task>0</Task>
<Opcode>0</Opcode>
<Keywords>0x8000000000000002</Keywords>
<TimeCreated SystemTime="2019-11-21 08:03:38.498060"></TimeCreated>
<EventRecordID>121514</EventRecordID>
<Correlation ActivityID="" RelatedActivityID=""></Correlation>
<Execution ProcessID="1824" ThreadID="1940"></Execution>
<Channel>Microsoft-Windows-Deployment-Services-Diagnostics/Operational</Channel>
<Computer>WIN-J9LVFC7736M.WDS.com</Computer>
<Security UserID="S-1-5-18"></Security>
</System>
<UserData><WdsClientImageTransferDowngradeEvent xmlns:auto-ns2="http://schemas.microsoft.com/win/2004/08/events" xmlns="Microsoft-Windows-Deployment-Services-Diagnostics"><SessionGUID>{982ee65d-dfce-491d-a0ec-962faf1372eb}</SessionGUID>
<ClientMAC>74-FE-48-2E-11-ED</ClientMAC>
<ClientIP>192.168.0.100</ClientIP>
<ClientDeviceID>{03000200-0400-0500-0006-000700080009}</ClientDeviceID>
<ClientArch>9</ClientArch>
<ImageGroup>Windows 10 installation of Legacy (64 bit)</ImageGroup>
<ImageName>Windows 10 installation of Legacy (64 bit)</ImageName>
<MulticastNamespace></MulticastNamespace>
</WdsClientImageTransferDowngradeEvent>
</UserData>
</Event>

<Event xmlns="http://schemas.microsoft.com/win/2004/08/events/event"><System><Provider Name="Microsoft-Windows-Deployment-Services-Diagnostics" Guid="{22b7d623-566b-47b6-9ba0-bc9da3c9d646}"></Provider>
<EventID Qualifiers="">4108</EventID>
<Version>0</Version>
<Level>4</Level>
<Task>205</Task>
<Opcode>1</Opcode>
<Keywords>0x8000000000000003</Keywords>
<TimeCreated SystemTime="2019-11-21 08:03:38.935606"></TimeCreated>
<EventRecordID>121515</EventRecordID>
<Correlation ActivityID="" RelatedActivityID=""></Correlation>
<Execution ProcessID="1824" ThreadID="1940"></Execution>
<Channel>Microsoft-Windows-Deployment-Services-Diagnostics/Operational</Channel>
<Computer>WIN-J9LVFC7736M.WDS.com</Computer>
<Security UserID="S-1-5-18"></Security>
</System>
<UserData><WdsClientImageApplyStartEvent xmlns:auto-ns2="http://schemas.microsoft.com/win/2004/08/events" xmlns="Microsoft-Windows-Deployment-Services-Diagnostics"><SessionGUID>{982ee65d-dfce-491d-a0ec-962faf1372eb}</SessionGUID>
<ClientMAC>74-FE-48-2E-11-ED</ClientMAC>
<ClientIP>192.168.0.100</ClientIP>
<ClientDeviceID>{03000200-0400-0500-0006-000700080009}</ClientDeviceID>
<ClientArch>9</ClientArch>
<ImageGroup>Windows 10 installation of Legacy (64 bit)</ImageGroup>
<ImageName>Windows 10 installation of Legacy (64 bit)</ImageName>
</WdsClientImageApplyStartEvent>
</UserData>
</Event>

<Event xmlns="http://schemas.microsoft.com/win/2004/08/events/event"><System><Provider Name="Microsoft-Windows-Deployment-Services-Diagnostics" Guid="{22b7d623-566b-47b6-9ba0-bc9da3c9d646}"></Provider>
<EventID Qualifiers="">57351</EventID>
<Version>0</Version>
<Level>4</Level>
<Task>0</Task>
<Opcode>0</Opcode>
<Keywords>0x8000000000000002</Keywords>
<TimeCreated SystemTime="2019-11-21 08:03:39.123125"></TimeCreated>
<EventRecordID>121516</EventRecordID>
<Correlation ActivityID="" RelatedActivityID=""></Correlation>
<Execution ProcessID="1824" ThreadID="4076"></Execution>
<Channel>Microsoft-Windows-Deployment-Services-Diagnostics/Operational</Channel>
<Computer>WIN-J9LVFC7736M.WDS.com</Computer>
<Security UserID="S-1-5-18"></Security>
</System>
<UserData><Endpoint xmlns:auto-ns2="http://schemas.microsoft.com/win/2004/08/events" xmlns="Microsoft-Windows-Deployment-Services-Diagnostics"><Type>0</Type>
<Provider>WDSTFTP</Provider>
<Address>52007</Address>
</Endpoint>
</UserData>
</Event>

<Event xmlns="http://schemas.microsoft.com/win/2004/08/events/event"><System><Provider Name="Microsoft-Windows-Deployment-Services-Diagnostics" Guid="{22b7d623-566b-47b6-9ba0-bc9da3c9d646}"></Provider>
<EventID Qualifiers="">57351</EventID>
<Version>0</Version>
<Level>4</Level>
<Task>0</Task>
<Opcode>0</Opcode>
<Keywords>0x8000000000000002</Keywords>
<TimeCreated SystemTime="2019-11-21 08:03:39.123125"></TimeCreated>
<EventRecordID>121517</EventRecordID>
<Correlation ActivityID="" RelatedActivityID=""></Correlation>
<Execution ProcessID="1824" ThreadID="4076"></Execution>
<Channel>Microsoft-Windows-Deployment-Services-Diagnostics/Operational</Channel>
<Computer>WIN-J9LVFC7736M.WDS.com</Computer>
<Security UserID="S-1-5-18"></Security>
</System>
<UserData><Endpoint xmlns:auto-ns2="http://schemas.microsoft.com/win/2004/08/events" xmlns="Microsoft-Windows-Deployment-Services-Diagnostics"><Type>0</Type>
<Provider>WDSTFTP</Provider>
<Address>52008</Address>
</Endpoint>
</UserData>
</Event>

<Event xmlns="http://schemas.microsoft.com/win/2004/08/events/event"><System><Provider Name="Microsoft-Windows-Deployment-Services-Diagnostics" Guid="{22b7d623-566b-47b6-9ba0-bc9da3c9d646}"></Provider>
<EventID Qualifiers="">57351</EventID>
<Version>0</Version>
<Level>4</Level>
<Task>0</Task>
<Opcode>0</Opcode>
<Keywords>0x8000000000000002</Keywords>
<TimeCreated SystemTime="2019-11-21 08:03:39.123125"></TimeCreated>
<EventRecordID>121518</EventRecordID>
<Correlation ActivityID="" RelatedActivityID=""></Correlation>
<Execution ProcessID="1824" ThreadID="4076"></Execution>
<Channel>Microsoft-Windows-Deployment-Services-Diagnostics/Operational</Channel>
<Computer>WIN-J9LVFC7736M.WDS.com</Computer>
<Security UserID="S-1-5-18"></Security>
</System>
<UserData><Endpoint xmlns:auto-ns2="http://schemas.microsoft.com/win/2004/08/events" xmlns="Microsoft-Windows-Deployment-Services-Diagnostics"><Type>0</Type>
<Provider>WDSTFTP</Provider>
<Address>52009</Address>
</Endpoint>
</UserData>
</Event>

<Event xmlns="http://schemas.microsoft.com/win/2004/08/events/event"><System><Provider Name="Microsoft-Windows-Deployment-Services-Diagnostics" Guid="{22b7d623-566b-47b6-9ba0-bc9da3c9d646}"></Provider>
<EventID Qualifiers="">57351</EventID>
<Version>0</Version>
<Level>4</Level>
<Task>0</Task>
<Opcode>0</Opcode>
<Keywords>0x8000000000000002</Keywords>
<TimeCreated SystemTime="2019-11-21 08:03:39.123125"></TimeCreated>
<EventRecordID>121519</EventRecordID>
<Correlation ActivityID="" RelatedActivityID=""></Correlation>
<Execution ProcessID="1824" ThreadID="4076"></Execution>
<Channel>Microsoft-Windows-Deployment-Services-Diagnostics/Operational</Channel>
<Computer>WIN-J9LVFC7736M.WDS.com</Computer>
<Security UserID="S-1-5-18"></Security>
</System>
<UserData><Endpoint xmlns:auto-ns2="http://schemas.microsoft.com/win/2004/08/events" xmlns="Microsoft-Windows-Deployment-Services-Diagnostics"><Type>0</Type>
<Provider>WDSTFTP</Provider>
<Address>52010</Address>
</Endpoint>
</UserData>
</Event>

<Event xmlns="http://schemas.microsoft.com/win/2004/08/events/event"><System><Provider Name="Microsoft-Windows-Deployment-Services-Diagnostics" Guid="{22b7d623-566b-47b6-9ba0-bc9da3c9d646}"></Provider>
<EventID Qualifiers="">57351</EventID>
<Version>0</Version>
<Level>4</Level>
<Task>0</Task>
<Opcode>0</Opcode>
<Keywords>0x8000000000000002</Keywords>
<TimeCreated SystemTime="2019-11-21 08:03:39.123125"></TimeCreated>
<EventRecordID>121520</EventRecordID>
<Correlation ActivityID="" RelatedActivityID=""></Correlation>
<Execution ProcessID="1824" ThreadID="4076"></Execution>
<Channel>Microsoft-Windows-Deployment-Services-Diagnostics/Operational</Channel>
<Computer>WIN-J9LVFC7736M.WDS.com</Computer>
<Security UserID="S-1-5-18"></Security>
</System>
<UserData><Endpoint xmlns:auto-ns2="http://schemas.microsoft.com/win/2004/08/events" xmlns="Microsoft-Windows-Deployment-Services-Diagnostics"><Type>0</Type>
<Provider>WDSTFTP</Provider>
<Address>52011</Address>
</Endpoint>
</UserData>
</Event>

<Event xmlns="http://schemas.microsoft.com/win/2004/08/events/event"><System><Provider Name="Microsoft-Windows-Deployment-Services-Diagnostics" Guid="{22b7d623-566b-47b6-9ba0-bc9da3c9d646}"></Provider>
<EventID Qualifiers="">57351</EventID>
<Version>0</Version>
<Level>4</Level>
<Task>0</Task>
<Opcode>0</Opcode>
<Keywords>0x8000000000000002</Keywords>
<TimeCreated SystemTime="2019-11-21 08:03:39.123125"></TimeCreated>
<EventRecordID>121521</EventRecordID>
<Correlation ActivityID="" RelatedActivityID=""></Correlation>
<Execution ProcessID="1824" ThreadID="4076"></Execution>
<Channel>Microsoft-Windows-Deployment-Services-Diagnostics/Operational</Channel>
<Computer>WIN-J9LVFC7736M.WDS.com</Computer>
<Security UserID="S-1-5-18"></Security>
</System>
<UserData><Endpoint xmlns:auto-ns2="http://schemas.microsoft.com/win/2004/08/events" xmlns="Microsoft-Windows-Deployment-Services-Diagnostics"><Type>0</Type>
<Provider>WDSTFTP</Provider>
<Address>52012</Address>
</Endpoint>
</UserData>
</Event>

<Event xmlns="http://schemas.microsoft.com/win/2004/08/events/event"><System><Provider Name="Microsoft-Windows-Deployment-Services-Diagnostics" Guid="{22b7d623-566b-47b6-9ba0-bc9da3c9d646}"></Provider>
<EventID Qualifiers="">57351</EventID>
<Version>0</Version>
<Level>4</Level>
<Task>0</Task>
<Opcode>0</Opcode>
<Keywords>0x8000000000000002</Keywords>
<TimeCreated SystemTime="2019-11-21 08:03:39.123125"></TimeCreated>
<EventRecordID>121522</EventRecordID>
<Correlation ActivityID="" RelatedActivityID=""></Correlation>
<Execution ProcessID="1824" ThreadID="4076"></Execution>
<Channel>Microsoft-Windows-Deployment-Services-Diagnostics/Operational</Channel>
<Computer>WIN-J9LVFC7736M.WDS.com</Computer>
<Security UserID="S-1-5-18"></Security>
</System>
<UserData><Endpoint xmlns:auto-ns2="http://schemas.microsoft.com/win/2004/08/events" xmlns="Microsoft-Windows-Deployment-Services-Diagnostics"><Type>0</Type>
<Provider>WDSTFTP</Provider>
<Address>52013</Address>
</Endpoint>
</UserData>
</Event>

<Event xmlns="http://schemas.microsoft.com/win/2004/08/events/event"><System><Provider Name="Microsoft-Windows-Deployment-Services-Diagnostics" Guid="{22b7d623-566b-47b6-9ba0-bc9da3c9d646}"></Provider>
<EventID Qualifiers="">57351</EventID>
<Version>0</Version>
<Level>4</Level>
<Task>0</Task>
<Opcode>0</Opcode>
<Keywords>0x8000000000000002</Keywords>
<TimeCreated SystemTime="2019-11-21 08:03:39.123125"></TimeCreated>
<EventRecordID>121523</EventRecordID>
<Correlation ActivityID="" RelatedActivityID=""></Correlation>
<Execution ProcessID="1824" ThreadID="4076"></Execution>
<Channel>Microsoft-Windows-Deployment-Services-Diagnostics/Operational</Channel>
<Computer>WIN-J9LVFC7736M.WDS.com</Computer>
<Security UserID="S-1-5-18"></Security>
</System>
<UserData><Endpoint xmlns:auto-ns2="http://schemas.microsoft.com/win/2004/08/events" xmlns="Microsoft-Windows-Deployment-Services-Diagnostics"><Type>0</Type>
<Provider>WDSTFTP</Provider>
<Address>52014</Address>
</Endpoint>
</UserData>
</Event>

<Event xmlns="http://schemas.microsoft.com/win/2004/08/events/event"><System><Provider Name="Microsoft-Windows-Deployment-Services-Diagnostics" Guid="{22b7d623-566b-47b6-9ba0-bc9da3c9d646}"></Provider>
<EventID Qualifiers="">57350</EventID>
<Version>0</Version>
<Level>4</Level>
<Task>0</Task>
<Opcode>0</Opcode>
<Keywords>0x8000000000000002</Keywords>
<TimeCreated SystemTime="2019-11-21 08:03:39.123125"></TimeCreated>
<EventRecordID>121524</EventRecordID>
<Correlation ActivityID="" RelatedActivityID=""></Correlation>
<Execution ProcessID="1824" ThreadID="4076"></Execution>
<Channel>Microsoft-Windows-Deployment-Services-Diagnostics/Operational</Channel>
<Computer>WIN-J9LVFC7736M.WDS.com</Computer>
<Security UserID="S-1-5-18"></Security>
</System>
<UserData><Endpoint xmlns:auto-ns2="http://schemas.microsoft.com/win/2004/08/events" xmlns="Microsoft-Windows-Deployment-Services-Diagnostics"><Type>0</Type>
<Provider>WDSTFTP</Provider>
<Address>58849</Address>
</Endpoint>
</UserData>
</Event>

<Event xmlns="http://schemas.microsoft.com/win/2004/08/events/event"><System><Provider Name="Microsoft-Windows-Deployment-Services-Diagnostics" Guid="{22b7d623-566b-47b6-9ba0-bc9da3c9d646}"></Provider>
<EventID Qualifiers="">57350</EventID>
<Version>0</Version>
<Level>4</Level>
<Task>0</Task>
<Opcode>0</Opcode>
<Keywords>0x8000000000000002</Keywords>
<TimeCreated SystemTime="2019-11-21 08:03:39.123125"></TimeCreated>
<EventRecordID>121525</EventRecordID>
<Correlation ActivityID="" RelatedActivityID=""></Correlation>
<Execution ProcessID="1824" ThreadID="4076"></Execution>
<Channel>Microsoft-Windows-Deployment-Services-Diagnostics/Operational</Channel>
<Computer>WIN-J9LVFC7736M.WDS.com</Computer>
<Security UserID="S-1-5-18"></Security>
</System>
<UserData><Endpoint xmlns:auto-ns2="http://schemas.microsoft.com/win/2004/08/events" xmlns="Microsoft-Windows-Deployment-Services-Diagnostics"><Type>0</Type>
<Provider>WDSTFTP</Provider>
<Address>58850</Address>
</Endpoint>
</UserData>
</Event>

<Event xmlns="http://schemas.microsoft.com/win/2004/08/events/event"><System><Provider Name="Microsoft-Windows-Deployment-Services-Diagnostics" Guid="{22b7d623-566b-47b6-9ba0-bc9da3c9d646}"></Provider>
<EventID Qualifiers="">57350</EventID>
<Version>0</Version>
<Level>4</Level>
<Task>0</Task>
<Opcode>0</Opcode>
<Keywords>0x8000000000000002</Keywords>
<TimeCreated SystemTime="2019-11-21 08:03:39.123125"></TimeCreated>
<EventRecordID>121526</EventRecordID>
<Correlation ActivityID="" RelatedActivityID=""></Correlation>
<Execution ProcessID="1824" ThreadID="4076"></Execution>
<Channel>Microsoft-Windows-Deployment-Services-Diagnostics/Operational</Channel>
<Computer>WIN-J9LVFC7736M.WDS.com</Computer>
<Security UserID="S-1-5-18"></Security>
</System>
<UserData><Endpoint xmlns:auto-ns2="http://schemas.microsoft.com/win/2004/08/events" xmlns="Microsoft-Windows-Deployment-Services-Diagnostics"><Type>0</Type>
<Provider>WDSTFTP</Provider>
<Address>58851</Address>
</Endpoint>
</UserData>
</Event>

<Event xmlns="http://schemas.microsoft.com/win/2004/08/events/event"><System><Provider Name="Microsoft-Windows-Deployment-Services-Diagnostics" Guid="{22b7d623-566b-47b6-9ba0-bc9da3c9d646}"></Provider>
<EventID Qualifiers="">57350</EventID>
<Version>0</Version>
<Level>4</Level>
<Task>0</Task>
<Opcode>0</Opcode>
<Keywords>0x8000000000000002</Keywords>
<TimeCreated SystemTime="2019-11-21 08:03:39.123125"></TimeCreated>
<EventRecordID>121527</EventRecordID>
<Correlation ActivityID="" RelatedActivityID=""></Correlation>
<Execution ProcessID="1824" ThreadID="4076"></Execution>
<Channel>Microsoft-Windows-Deployment-Services-Diagnostics/Operational</Channel>
<Computer>WIN-J9LVFC7736M.WDS.com</Computer>
<Security UserID="S-1-5-18"></Security>
</System>
<UserData><Endpoint xmlns:auto-ns2="http://schemas.microsoft.com/win/2004/08/events" xmlns="Microsoft-Windows-Deployment-Services-Diagnostics"><Type>0</Type>
<Provider>WDSTFTP</Provider>
<Address>58852</Address>
</Endpoint>
</UserData>
</Event>

<Event xmlns="http://schemas.microsoft.com/win/2004/08/events/event"><System><Provider Name="Microsoft-Windows-Deployment-Services-Diagnostics" Guid="{22b7d623-566b-47b6-9ba0-bc9da3c9d646}"></Provider>
<EventID Qualifiers="">57350</EventID>
<Version>0</Version>
<Level>4</Level>
<Task>0</Task>
<Opcode>0</Opcode>
<Keywords>0x8000000000000002</Keywords>
<TimeCreated SystemTime="2019-11-21 08:03:39.123125"></TimeCreated>
<EventRecordID>121528</EventRecordID>
<Correlation ActivityID="" RelatedActivityID=""></Correlation>
<Execution ProcessID="1824" ThreadID="4076"></Execution>
<Channel>Microsoft-Windows-Deployment-Services-Diagnostics/Operational</Channel>
<Computer>WIN-J9LVFC7736M.WDS.com</Computer>
<Security UserID="S-1-5-18"></Security>
</System>
<UserData><Endpoint xmlns:auto-ns2="http://schemas.microsoft.com/win/2004/08/events" xmlns="Microsoft-Windows-Deployment-Services-Diagnostics"><Type>0</Type>
<Provider>WDSTFTP</Provider>
<Address>58853</Address>
</Endpoint>
</UserData>
</Event>

<Event xmlns="http://schemas.microsoft.com/win/2004/08/events/event"><System><Provider Name="Microsoft-Windows-Deployment-Services-Diagnostics" Guid="{22b7d623-566b-47b6-9ba0-bc9da3c9d646}"></Provider>
<EventID Qualifiers="">57350</EventID>
<Version>0</Version>
<Level>4</Level>
<Task>0</Task>
<Opcode>0</Opcode>
<Keywords>0x8000000000000002</Keywords>
<TimeCreated SystemTime="2019-11-21 08:03:39.123125"></TimeCreated>
<EventRecordID>121529</EventRecordID>
<Correlation ActivityID="" RelatedActivityID=""></Correlation>
<Execution ProcessID="1824" ThreadID="4076"></Execution>
<Channel>Microsoft-Windows-Deployment-Services-Diagnostics/Operational</Channel>
<Computer>WIN-J9LVFC7736M.WDS.com</Computer>
<Security UserID="S-1-5-18"></Security>
</System>
<UserData><Endpoint xmlns:auto-ns2="http://schemas.microsoft.com/win/2004/08/events" xmlns="Microsoft-Windows-Deployment-Services-Diagnostics"><Type>0</Type>
<Provider>WDSTFTP</Provider>
<Address>58854</Address>
</Endpoint>
</UserData>
</Event>

<Event xmlns="http://schemas.microsoft.com/win/2004/08/events/event"><System><Provider Name="Microsoft-Windows-Deployment-Services-Diagnostics" Guid="{22b7d623-566b-47b6-9ba0-bc9da3c9d646}"></Provider>
<EventID Qualifiers="">57350</EventID>
<Version>0</Version>
<Level>4</Level>
<Task>0</Task>
<Opcode>0</Opcode>
<Keywords>0x8000000000000002</Keywords>
<TimeCreated SystemTime="2019-11-21 08:03:39.123125"></TimeCreated>
<EventRecordID>121530</EventRecordID>
<Correlation ActivityID="" RelatedActivityID=""></Correlation>
<Execution ProcessID="1824" ThreadID="4076"></Execution>
<Channel>Microsoft-Windows-Deployment-Services-Diagnostics/Operational</Channel>
<Computer>WIN-J9LVFC7736M.WDS.com</Computer>
<Security UserID="S-1-5-18"></Security>
</System>
<UserData><Endpoint xmlns:auto-ns2="http://schemas.microsoft.com/win/2004/08/events" xmlns="Microsoft-Windows-Deployment-Services-Diagnostics"><Type>0</Type>
<Provider>WDSTFTP</Provider>
<Address>58855</Address>
</Endpoint>
</UserData>
</Event>

<Event xmlns="http://schemas.microsoft.com/win/2004/08/events/event"><System><Provider Name="Microsoft-Windows-Deployment-Services-Diagnostics" Guid="{22b7d623-566b-47b6-9ba0-bc9da3c9d646}"></Provider>
<EventID Qualifiers="">57350</EventID>
<Version>0</Version>
<Level>4</Level>
<Task>0</Task>
<Opcode>0</Opcode>
<Keywords>0x8000000000000002</Keywords>
<TimeCreated SystemTime="2019-11-21 08:03:39.123125"></TimeCreated>
<EventRecordID>121531</EventRecordID>
<Correlation ActivityID="" RelatedActivityID=""></Correlation>
<Execution ProcessID="1824" ThreadID="4076"></Execution>
<Channel>Microsoft-Windows-Deployment-Services-Diagnostics/Operational</Channel>
<Computer>WIN-J9LVFC7736M.WDS.com</Computer>
<Security UserID="S-1-5-18"></Security>
</System>
<UserData><Endpoint xmlns:auto-ns2="http://schemas.microsoft.com/win/2004/08/events" xmlns="Microsoft-Windows-Deployment-Services-Diagnostics"><Type>0</Type>
<Provider>WDSTFTP</Provider>
<Address>58856</Address>
</Endpoint>
</UserData>
</Event>

</Events>
