<Event xmlns="http://schemas.microsoft.com/win/2004/08/events/event"><System><Provider Name="Microsoft-Windows-Deployment-Services-Diagnostics" Guid="{22b7d623-566b-47b6-9ba0-bc9da3c9d646}"></Provider>
<EventID Qualifiers="">57350</EventID>
<Version>0</Version>
<Level>4</Level>
<Task>0</Task>
<Opcode>0</Opcode>
<Keywords>0x8000000000000002</Keywords>
<TimeCreated SystemTime="2019-11-22 05:48:48.064228"></TimeCreated>
<EventRecordID>134751</EventRecordID>
<Correlation ActivityID="" RelatedActivityID=""></Correlation>
<Execution ProcessID="1824" ThreadID="8016"></Execution>
<Channel>Microsoft-Windows-Deployment-Services-Diagnostics/Operational</Channel>
<Computer>WIN-J9LVFC7736M.WDS.com</Computer>
<Security UserID="S-1-5-18"></Security>
</System>
<UserData><Endpoint xmlns:auto-ns2="http://schemas.microsoft.com/win/2004/08/events" xmlns="Microsoft-Windows-Deployment-Services-Diagnostics"><Type>0</Type>
<Provider>WDSTFTP</Provider>
<Address>54071</Address>
</Endpoint>
</UserData>
</Event>

<Event xmlns="http://schemas.microsoft.com/win/2004/08/events/event"><System><Provider Name="Microsoft-Windows-Deployment-Services-Diagnostics" Guid="{22b7d623-566b-47b6-9ba0-bc9da3c9d646}"></Provider>
<EventID Qualifiers="">57350</EventID>
<Version>0</Version>
<Level>4</Level>
<Task>0</Task>
<Opcode>0</Opcode>
<Keywords>0x8000000000000002</Keywords>
<TimeCreated SystemTime="2019-11-22 05:48:48.064228"></TimeCreated>
<EventRecordID>134752</EventRecordID>
<Correlation ActivityID="" RelatedActivityID=""></Correlation>
<Execution ProcessID="1824" ThreadID="8016"></Execution>
<Channel>Microsoft-Windows-Deployment-Services-Diagnostics/Operational</Channel>
<Computer>WIN-J9LVFC7736M.WDS.com</Computer>
<Security UserID="S-1-5-18"></Security>
</System>
<UserData><Endpoint xmlns:auto-ns2="http://schemas.microsoft.com/win/2004/08/events" xmlns="Microsoft-Windows-Deployment-Services-Diagnostics"><Type>0</Type>
<Provider>WDSTFTP</Provider>
<Address>54072</Address>
</Endpoint>
</UserData>
</Event>

<Event xmlns="http://schemas.microsoft.com/win/2004/08/events/event"><System><Provider Name="Microsoft-Windows-Deployment-Services-Diagnostics" Guid="{22b7d623-566b-47b6-9ba0-bc9da3c9d646}"></Provider>
<EventID Qualifiers="">57350</EventID>
<Version>0</Version>
<Level>4</Level>
<Task>0</Task>
<Opcode>0</Opcode>
<Keywords>0x8000000000000002</Keywords>
<TimeCreated SystemTime="2019-11-22 05:48:48.064228"></TimeCreated>
<EventRecordID>134753</EventRecordID>
<Correlation ActivityID="" RelatedActivityID=""></Correlation>
<Execution ProcessID="1824" ThreadID="8016"></Execution>
<Channel>Microsoft-Windows-Deployment-Services-Diagnostics/Operational</Channel>
<Computer>WIN-J9LVFC7736M.WDS.com</Computer>
<Security UserID="S-1-5-18"></Security>
</System>
<UserData><Endpoint xmlns:auto-ns2="http://schemas.microsoft.com/win/2004/08/events" xmlns="Microsoft-Windows-Deployment-Services-Diagnostics"><Type>0</Type>
<Provider>WDSTFTP</Provider>
<Address>54073</Address>
</Endpoint>
</UserData>
</Event>

<Event xmlns="http://schemas.microsoft.com/win/2004/08/events/event"><System><Provider Name="Microsoft-Windows-Deployment-Services-Diagnostics" Guid="{22b7d623-566b-47b6-9ba0-bc9da3c9d646}"></Provider>
<EventID Qualifiers="">57350</EventID>
<Version>0</Version>
<Level>4</Level>
<Task>0</Task>
<Opcode>0</Opcode>
<Keywords>0x8000000000000002</Keywords>
<TimeCreated SystemTime="2019-11-22 05:48:48.064228"></TimeCreated>
<EventRecordID>134754</EventRecordID>
<Correlation ActivityID="" RelatedActivityID=""></Correlation>
<Execution ProcessID="1824" ThreadID="8016"></Execution>
<Channel>Microsoft-Windows-Deployment-Services-Diagnostics/Operational</Channel>
<Computer>WIN-J9LVFC7736M.WDS.com</Computer>
<Security UserID="S-1-5-18"></Security>
</System>
<UserData><Endpoint xmlns:auto-ns2="http://schemas.microsoft.com/win/2004/08/events" xmlns="Microsoft-Windows-Deployment-Services-Diagnostics"><Type>0</Type>
<Provider>WDSTFTP</Provider>
<Address>54074</Address>
</Endpoint>
</UserData>
</Event>

<Event xmlns="http://schemas.microsoft.com/win/2004/08/events/event"><System><Provider Name="Microsoft-Windows-Deployment-Services-Diagnostics" Guid="{22b7d623-566b-47b6-9ba0-bc9da3c9d646}"></Provider>
<EventID Qualifiers="">57350</EventID>
<Version>0</Version>
<Level>4</Level>
<Task>0</Task>
<Opcode>0</Opcode>
<Keywords>0x8000000000000002</Keywords>
<TimeCreated SystemTime="2019-11-22 05:48:48.064228"></TimeCreated>
<EventRecordID>134755</EventRecordID>
<Correlation ActivityID="" RelatedActivityID=""></Correlation>
<Execution ProcessID="1824" ThreadID="8016"></Execution>
<Channel>Microsoft-Windows-Deployment-Services-Diagnostics/Operational</Channel>
<Computer>WIN-J9LVFC7736M.WDS.com</Computer>
<Security UserID="S-1-5-18"></Security>
</System>
<UserData><Endpoint xmlns:auto-ns2="http://schemas.microsoft.com/win/2004/08/events" xmlns="Microsoft-Windows-Deployment-Services-Diagnostics"><Type>0</Type>
<Provider>WDSTFTP</Provider>
<Address>54075</Address>
</Endpoint>
</UserData>
</Event>

<Event xmlns="http://schemas.microsoft.com/win/2004/08/events/event"><System><Provider Name="Microsoft-Windows-Deployment-Services-Diagnostics" Guid="{22b7d623-566b-47b6-9ba0-bc9da3c9d646}"></Provider>
<EventID Qualifiers="">57350</EventID>
<Version>0</Version>
<Level>4</Level>
<Task>0</Task>
<Opcode>0</Opcode>
<Keywords>0x8000000000000002</Keywords>
<TimeCreated SystemTime="2019-11-22 05:48:48.064228"></TimeCreated>
<EventRecordID>134756</EventRecordID>
<Correlation ActivityID="" RelatedActivityID=""></Correlation>
<Execution ProcessID="1824" ThreadID="8016"></Execution>
<Channel>Microsoft-Windows-Deployment-Services-Diagnostics/Operational</Channel>
<Computer>WIN-J9LVFC7736M.WDS.com</Computer>
<Security UserID="S-1-5-18"></Security>
</System>
<UserData><Endpoint xmlns:auto-ns2="http://schemas.microsoft.com/win/2004/08/events" xmlns="Microsoft-Windows-Deployment-Services-Diagnostics"><Type>0</Type>
<Provider>WDSTFTP</Provider>
<Address>54076</Address>
</Endpoint>
</UserData>
</Event>

<Event xmlns="http://schemas.microsoft.com/win/2004/08/events/event"><System><Provider Name="Microsoft-Windows-Deployment-Services-Diagnostics" Guid="{22b7d623-566b-47b6-9ba0-bc9da3c9d646}"></Provider>
<EventID Qualifiers="">57350</EventID>
<Version>0</Version>
<Level>4</Level>
<Task>0</Task>
<Opcode>0</Opcode>
<Keywords>0x8000000000000002</Keywords>
<TimeCreated SystemTime="2019-11-22 05:48:48.064228"></TimeCreated>
<EventRecordID>134757</EventRecordID>
<Correlation ActivityID="" RelatedActivityID=""></Correlation>
<Execution ProcessID="1824" ThreadID="8016"></Execution>
<Channel>Microsoft-Windows-Deployment-Services-Diagnostics/Operational</Channel>
<Computer>WIN-J9LVFC7736M.WDS.com</Computer>
<Security UserID="S-1-5-18"></Security>
</System>
<UserData><Endpoint xmlns:auto-ns2="http://schemas.microsoft.com/win/2004/08/events" xmlns="Microsoft-Windows-Deployment-Services-Diagnostics"><Type>0</Type>
<Provider>WDSTFTP</Provider>
<Address>54077</Address>
</Endpoint>
</UserData>
</Event>

<Event xmlns="http://schemas.microsoft.com/win/2004/08/events/event"><System><Provider Name="Microsoft-Windows-Deployment-Services-Diagnostics" Guid="{22b7d623-566b-47b6-9ba0-bc9da3c9d646}"></Provider>
<EventID Qualifiers="">4096</EventID>
<Version>0</Version>
<Level>4</Level>
<Task>0</Task>
<Opcode>0</Opcode>
<Keywords>0x8000000000000002</Keywords>
<TimeCreated SystemTime="2019-11-22 05:50:07.822636"></TimeCreated>
<EventRecordID>134758</EventRecordID>
<Correlation ActivityID="" RelatedActivityID=""></Correlation>
<Execution ProcessID="1824" ThreadID="1932"></Execution>
<Channel>Microsoft-Windows-Deployment-Services-Diagnostics/Operational</Channel>
<Computer>WIN-J9LVFC7736M.WDS.com</Computer>
<Security UserID="S-1-5-18"></Security>
</System>
<UserData><PXEBootEvent xmlns:auto-ns2="http://schemas.microsoft.com/win/2004/08/events" xmlns="Microsoft-Windows-Deployment-Services-Diagnostics"><ClientHardwareAddress>74-FE-48-2E-11-ED</ClientHardwareAddress>
<ClientIP>192.168.0.100</ClientIP>
<ClientDeviceID>{03000200-0400-0500-0006-000700080009}</ClientDeviceID>
<ClientArch>1</ClientArch>
<ClientPrestaged>False</ClientPrestaged>
</PXEBootEvent>
</UserData>
</Event>

<Event xmlns="http://schemas.microsoft.com/win/2004/08/events/event"><System><Provider Name="Microsoft-Windows-Deployment-Services-Diagnostics" Guid="{22b7d623-566b-47b6-9ba0-bc9da3c9d646}"></Provider>
<EventID Qualifiers="">57348</EventID>
<Version>0</Version>
<Level>4</Level>
<Task>0</Task>
<Opcode>0</Opcode>
<Keywords>0x8000000000000002</Keywords>
<TimeCreated SystemTime="2019-11-22 05:50:07.822636"></TimeCreated>
<EventRecordID>134759</EventRecordID>
<Correlation ActivityID="" RelatedActivityID=""></Correlation>
<Execution ProcessID="1824" ThreadID="1932"></Execution>
<Channel>Microsoft-Windows-Deployment-Services-Diagnostics/Operational</Channel>
<Computer>WIN-J9LVFC7736M.WDS.com</Computer>
<Security UserID="S-1-5-18"></Security>
</System>
<UserData><TptReadFileBuffer xmlns:auto-ns2="http://schemas.microsoft.com/win/2004/08/events" xmlns="Microsoft-Windows-Deployment-Services-Diagnostics"><FilePath>C:\RemoteInstall\boot\x86\wdsnbp.com</FilePath>
<FileSize>30832</FileSize>
<BufferType>0</BufferType>
</TptReadFileBuffer>
</UserData>
</Event>

<Event xmlns="http://schemas.microsoft.com/win/2004/08/events/event"><System><Provider Name="Microsoft-Windows-Deployment-Services-Diagnostics" Guid="{22b7d623-566b-47b6-9ba0-bc9da3c9d646}"></Provider>
<EventID Qualifiers="">57348</EventID>
<Version>0</Version>
<Level>4</Level>
<Task>0</Task>
<Opcode>0</Opcode>
<Keywords>0x8000000000000002</Keywords>
<TimeCreated SystemTime="2019-11-22 05:50:07.822636"></TimeCreated>
<EventRecordID>134760</EventRecordID>
<Correlation ActivityID="" RelatedActivityID=""></Correlation>
<Execution ProcessID="1824" ThreadID="1932"></Execution>
<Channel>Microsoft-Windows-Deployment-Services-Diagnostics/Operational</Channel>
<Computer>WIN-J9LVFC7736M.WDS.com</Computer>
<Security UserID="S-1-5-18"></Security>
</System>
<UserData><TptReadFileBuffer xmlns:auto-ns2="http://schemas.microsoft.com/win/2004/08/events" xmlns="Microsoft-Windows-Deployment-Services-Diagnostics"><FilePath>C:\RemoteInstall\boot\x86\wdsnbp.com</FilePath>
<FileSize>30832</FileSize>
<BufferType>0</BufferType>
</TptReadFileBuffer>
</UserData>
</Event>

<Event xmlns="http://schemas.microsoft.com/win/2004/08/events/event"><System><Provider Name="Microsoft-Windows-Deployment-Services-Diagnostics" Guid="{22b7d623-566b-47b6-9ba0-bc9da3c9d646}"></Provider>
<EventID Qualifiers="">4099</EventID>
<Version>0</Version>
<Level>4</Level>
<Task>101</Task>
<Opcode>1</Opcode>
<Keywords>0x8000000000000003</Keywords>
<TimeCreated SystemTime="2019-11-22 05:50:07.822636"></TimeCreated>
<EventRecordID>134761</EventRecordID>
<Correlation ActivityID="" RelatedActivityID=""></Correlation>
<Execution ProcessID="1824" ThreadID="1932"></Execution>
<Channel>Microsoft-Windows-Deployment-Services-Diagnostics/Operational</Channel>
<Computer>WIN-J9LVFC7736M.WDS.com</Computer>
<Security UserID="S-1-5-18"></Security>
</System>
<UserData><TFTPDownloadStartedEvent xmlns:auto-ns2="http://schemas.microsoft.com/win/2004/08/events" xmlns="Microsoft-Windows-Deployment-Services-Diagnostics"><ClientIP>192.168.0.100</ClientIP>
<FileName>boot\x86\wdsnbp.com</FileName>
<FileSize>30832</FileSize>
<ClientPort>2071</ClientPort>
<ServerPort>59528</ServerPort>
<VariableWindow>False</VariableWindow>
</TFTPDownloadStartedEvent>
</UserData>
</Event>

<Event xmlns="http://schemas.microsoft.com/win/2004/08/events/event"><System><Provider Name="Microsoft-Windows-Deployment-Services-Diagnostics" Guid="{22b7d623-566b-47b6-9ba0-bc9da3c9d646}"></Provider>
<EventID Qualifiers="">57349</EventID>
<Version>0</Version>
<Level>4</Level>
<Task>0</Task>
<Opcode>0</Opcode>
<Keywords>0x8000000000000002</Keywords>
<TimeCreated SystemTime="2019-11-22 05:50:07.838263"></TimeCreated>
<EventRecordID>134762</EventRecordID>
<Correlation ActivityID="" RelatedActivityID=""></Correlation>
<Execution ProcessID="1824" ThreadID="2800"></Execution>
<Channel>Microsoft-Windows-Deployment-Services-Diagnostics/Operational</Channel>
<Computer>WIN-J9LVFC7736M.WDS.com</Computer>
<Security UserID="S-1-5-18"></Security>
</System>
<UserData><TptReadFileBuffer xmlns:auto-ns2="http://schemas.microsoft.com/win/2004/08/events" xmlns="Microsoft-Windows-Deployment-Services-Diagnostics"><FilePath>C:\RemoteInstall\boot\x86\wdsnbp.com</FilePath>
<FileSize>30832</FileSize>
<BufferType>0</BufferType>
</TptReadFileBuffer>
</UserData>
</Event>

<Event xmlns="http://schemas.microsoft.com/win/2004/08/events/event"><System><Provider Name="Microsoft-Windows-Deployment-Services-Diagnostics" Guid="{22b7d623-566b-47b6-9ba0-bc9da3c9d646}"></Provider>
<EventID Qualifiers="">4100</EventID>
<Version>0</Version>
<Level>4</Level>
<Task>101</Task>
<Opcode>2</Opcode>
<Keywords>0x8000000000000003</Keywords>
<TimeCreated SystemTime="2019-11-22 05:50:07.838263"></TimeCreated>
<EventRecordID>134763</EventRecordID>
<Correlation ActivityID="" RelatedActivityID=""></Correlation>
<Execution ProcessID="1824" ThreadID="1916"></Execution>
<Channel>Microsoft-Windows-Deployment-Services-Diagnostics/Operational</Channel>
<Computer>WIN-J9LVFC7736M.WDS.com</Computer>
<Security UserID="S-1-5-18"></Security>
</System>
<UserData><TFTPDownloadCompletedEvent xmlns:auto-ns2="http://schemas.microsoft.com/win/2004/08/events" xmlns="Microsoft-Windows-Deployment-Services-Diagnostics"><ClientIP>192.168.0.100</ClientIP>
<FileName>boot\x86\wdsnbp.com</FileName>
<FileSize>30832</FileSize>
<ClientPort>2071</ClientPort>
<ServerPort>59528</ServerPort>
<VariableWindow>False</VariableWindow>
</TFTPDownloadCompletedEvent>
</UserData>
</Event>

<Event xmlns="http://schemas.microsoft.com/win/2004/08/events/event"><System><Provider Name="Microsoft-Windows-Deployment-Services-Diagnostics" Guid="{22b7d623-566b-47b6-9ba0-bc9da3c9d646}"></Provider>
<EventID Qualifiers="">57349</EventID>
<Version>0</Version>
<Level>4</Level>
<Task>0</Task>
<Opcode>0</Opcode>
<Keywords>0x8000000000000002</Keywords>
<TimeCreated SystemTime="2019-11-22 05:50:07.853888"></TimeCreated>
<EventRecordID>134764</EventRecordID>
<Correlation ActivityID="" RelatedActivityID=""></Correlation>
<Execution ProcessID="1824" ThreadID="2800"></Execution>
<Channel>Microsoft-Windows-Deployment-Services-Diagnostics/Operational</Channel>
<Computer>WIN-J9LVFC7736M.WDS.com</Computer>
<Security UserID="S-1-5-18"></Security>
</System>
<UserData><TptReadFileBuffer xmlns:auto-ns2="http://schemas.microsoft.com/win/2004/08/events" xmlns="Microsoft-Windows-Deployment-Services-Diagnostics"><FilePath>C:\RemoteInstall\boot\x86\wdsnbp.com</FilePath>
<FileSize>30832</FileSize>
<BufferType>0</BufferType>
</TptReadFileBuffer>
</UserData>
</Event>

<Event xmlns="http://schemas.microsoft.com/win/2004/08/events/event"><System><Provider Name="Microsoft-Windows-Deployment-Services-Diagnostics" Guid="{22b7d623-566b-47b6-9ba0-bc9da3c9d646}"></Provider>
<EventID Qualifiers="">4096</EventID>
<Version>0</Version>
<Level>4</Level>
<Task>0</Task>
<Opcode>0</Opcode>
<Keywords>0x8000000000000002</Keywords>
<TimeCreated SystemTime="2019-11-22 05:50:10.822950"></TimeCreated>
<EventRecordID>134765</EventRecordID>
<Correlation ActivityID="" RelatedActivityID=""></Correlation>
<Execution ProcessID="1824" ThreadID="1916"></Execution>
<Channel>Microsoft-Windows-Deployment-Services-Diagnostics/Operational</Channel>
<Computer>WIN-J9LVFC7736M.WDS.com</Computer>
<Security UserID="S-1-5-18"></Security>
</System>
<UserData><PXEBootEvent xmlns:auto-ns2="http://schemas.microsoft.com/win/2004/08/events" xmlns="Microsoft-Windows-Deployment-Services-Diagnostics"><ClientHardwareAddress>74-FE-48-2E-11-ED</ClientHardwareAddress>
<ClientIP>192.168.0.100</ClientIP>
<ClientDeviceID>{03000200-0400-0500-0006-000700080009}</ClientDeviceID>
<ClientArch>3</ClientArch>
<ClientPrestaged>False</ClientPrestaged>
</PXEBootEvent>
</UserData>
</Event>

<Event xmlns="http://schemas.microsoft.com/win/2004/08/events/event"><System><Provider Name="Microsoft-Windows-Deployment-Services-Diagnostics" Guid="{22b7d623-566b-47b6-9ba0-bc9da3c9d646}"></Provider>
<EventID Qualifiers="">57348</EventID>
<Version>0</Version>
<Level>4</Level>
<Task>0</Task>
<Opcode>0</Opcode>
<Keywords>0x8000000000000002</Keywords>
<TimeCreated SystemTime="2019-11-22 05:50:10.869829"></TimeCreated>
<EventRecordID>134766</EventRecordID>
<Correlation ActivityID="" RelatedActivityID=""></Correlation>
<Execution ProcessID="1824" ThreadID="1916"></Execution>
<Channel>Microsoft-Windows-Deployment-Services-Diagnostics/Operational</Channel>
<Computer>WIN-J9LVFC7736M.WDS.com</Computer>
<Security UserID="S-1-5-18"></Security>
</System>
<UserData><TptReadFileBuffer xmlns:auto-ns2="http://schemas.microsoft.com/win/2004/08/events" xmlns="Microsoft-Windows-Deployment-Services-Diagnostics"><FilePath>C:\RemoteInstall\boot\x64\pxeboot.n12</FilePath>
<FileSize>25358</FileSize>
<BufferType>0</BufferType>
</TptReadFileBuffer>
</UserData>
</Event>

<Event xmlns="http://schemas.microsoft.com/win/2004/08/events/event"><System><Provider Name="Microsoft-Windows-Deployment-Services-Diagnostics" Guid="{22b7d623-566b-47b6-9ba0-bc9da3c9d646}"></Provider>
<EventID Qualifiers="">4099</EventID>
<Version>0</Version>
<Level>4</Level>
<Task>101</Task>
<Opcode>1</Opcode>
<Keywords>0x8000000000000003</Keywords>
<TimeCreated SystemTime="2019-11-22 05:50:10.869829"></TimeCreated>
<EventRecordID>134767</EventRecordID>
<Correlation ActivityID="" RelatedActivityID=""></Correlation>
<Execution ProcessID="1824" ThreadID="1916"></Execution>
<Channel>Microsoft-Windows-Deployment-Services-Diagnostics/Operational</Channel>
<Computer>WIN-J9LVFC7736M.WDS.com</Computer>
<Security UserID="S-1-5-18"></Security>
</System>
<UserData><TFTPDownloadStartedEvent xmlns:auto-ns2="http://schemas.microsoft.com/win/2004/08/events" xmlns="Microsoft-Windows-Deployment-Services-Diagnostics"><ClientIP>192.168.0.100</ClientIP>
<FileName>boot\x64\pxeboot.n12</FileName>
<FileSize>25358</FileSize>
<ClientPort>2072</ClientPort>
<ServerPort>49628</ServerPort>
<VariableWindow>False</VariableWindow>
</TFTPDownloadStartedEvent>
</UserData>
</Event>

<Event xmlns="http://schemas.microsoft.com/win/2004/08/events/event"><System><Provider Name="Microsoft-Windows-Deployment-Services-Diagnostics" Guid="{22b7d623-566b-47b6-9ba0-bc9da3c9d646}"></Provider>
<EventID Qualifiers="">4100</EventID>
<Version>0</Version>
<Level>4</Level>
<Task>101</Task>
<Opcode>2</Opcode>
<Keywords>0x8000000000000003</Keywords>
<TimeCreated SystemTime="2019-11-22 05:50:10.869829"></TimeCreated>
<EventRecordID>134768</EventRecordID>
<Correlation ActivityID="" RelatedActivityID=""></Correlation>
<Execution ProcessID="1824" ThreadID="1916"></Execution>
<Channel>Microsoft-Windows-Deployment-Services-Diagnostics/Operational</Channel>
<Computer>WIN-J9LVFC7736M.WDS.com</Computer>
<Security UserID="S-1-5-18"></Security>
</System>
<UserData><TFTPDownloadCompletedEvent xmlns:auto-ns2="http://schemas.microsoft.com/win/2004/08/events" xmlns="Microsoft-Windows-Deployment-Services-Diagnostics"><ClientIP>192.168.0.100</ClientIP>
<FileName>boot\x64\pxeboot.n12</FileName>
<FileSize>25358</FileSize>
<ClientPort>2072</ClientPort>
<ServerPort>49628</ServerPort>
<VariableWindow>False</VariableWindow>
</TFTPDownloadCompletedEvent>
</UserData>
</Event>

<Event xmlns="http://schemas.microsoft.com/win/2004/08/events/event"><System><Provider Name="Microsoft-Windows-Deployment-Services-Diagnostics" Guid="{22b7d623-566b-47b6-9ba0-bc9da3c9d646}"></Provider>
<EventID Qualifiers="">57349</EventID>
<Version>0</Version>
<Level>4</Level>
<Task>0</Task>
<Opcode>0</Opcode>
<Keywords>0x8000000000000002</Keywords>
<TimeCreated SystemTime="2019-11-22 05:50:10.885456"></TimeCreated>
<EventRecordID>134769</EventRecordID>
<Correlation ActivityID="" RelatedActivityID=""></Correlation>
<Execution ProcessID="1824" ThreadID="2800"></Execution>
<Channel>Microsoft-Windows-Deployment-Services-Diagnostics/Operational</Channel>
<Computer>WIN-J9LVFC7736M.WDS.com</Computer>
<Security UserID="S-1-5-18"></Security>
</System>
<UserData><TptReadFileBuffer xmlns:auto-ns2="http://schemas.microsoft.com/win/2004/08/events" xmlns="Microsoft-Windows-Deployment-Services-Diagnostics"><FilePath>C:\RemoteInstall\boot\x64\pxeboot.n12</FilePath>
<FileSize>25358</FileSize>
<BufferType>0</BufferType>
</TptReadFileBuffer>
</UserData>
</Event>

<Event xmlns="http://schemas.microsoft.com/win/2004/08/events/event"><System><Provider Name="Microsoft-Windows-Deployment-Services-Diagnostics" Guid="{22b7d623-566b-47b6-9ba0-bc9da3c9d646}"></Provider>
<EventID Qualifiers="">57348</EventID>
<Version>0</Version>
<Level>4</Level>
<Task>0</Task>
<Opcode>0</Opcode>
<Keywords>0x8000000000000002</Keywords>
<TimeCreated SystemTime="2019-11-22 05:50:10.932337"></TimeCreated>
<EventRecordID>134770</EventRecordID>
<Correlation ActivityID="" RelatedActivityID=""></Correlation>
<Execution ProcessID="1824" ThreadID="1916"></Execution>
<Channel>Microsoft-Windows-Deployment-Services-Diagnostics/Operational</Channel>
<Computer>WIN-J9LVFC7736M.WDS.com</Computer>
<Security UserID="S-1-5-18"></Security>
</System>
<UserData><TptReadFileBuffer xmlns:auto-ns2="http://schemas.microsoft.com/win/2004/08/events" xmlns="Microsoft-Windows-Deployment-Services-Diagnostics"><FilePath>C:\RemoteInstall\boot\x64\bootmgr.exe</FilePath>
<FileSize>624992</FileSize>
<BufferType>0</BufferType>
</TptReadFileBuffer>
</UserData>
</Event>

<Event xmlns="http://schemas.microsoft.com/win/2004/08/events/event"><System><Provider Name="Microsoft-Windows-Deployment-Services-Diagnostics" Guid="{22b7d623-566b-47b6-9ba0-bc9da3c9d646}"></Provider>
<EventID Qualifiers="">4099</EventID>
<Version>0</Version>
<Level>4</Level>
<Task>101</Task>
<Opcode>1</Opcode>
<Keywords>0x8000000000000003</Keywords>
<TimeCreated SystemTime="2019-11-22 05:50:10.932337"></TimeCreated>
<EventRecordID>134771</EventRecordID>
<Correlation ActivityID="" RelatedActivityID=""></Correlation>
<Execution ProcessID="1824" ThreadID="1916"></Execution>
<Channel>Microsoft-Windows-Deployment-Services-Diagnostics/Operational</Channel>
<Computer>WIN-J9LVFC7736M.WDS.com</Computer>
<Security UserID="S-1-5-18"></Security>
</System>
<UserData><TFTPDownloadStartedEvent xmlns:auto-ns2="http://schemas.microsoft.com/win/2004/08/events" xmlns="Microsoft-Windows-Deployment-Services-Diagnostics"><ClientIP>192.168.0.100</ClientIP>
<FileName>boot\x64\bootmgr.exe</FileName>
<FileSize>624992</FileSize>
<ClientPort>2073</ClientPort>
<ServerPort>54075</ServerPort>
<VariableWindow>False</VariableWindow>
</TFTPDownloadStartedEvent>
</UserData>
</Event>

<Event xmlns="http://schemas.microsoft.com/win/2004/08/events/event"><System><Provider Name="Microsoft-Windows-Deployment-Services-Diagnostics" Guid="{22b7d623-566b-47b6-9ba0-bc9da3c9d646}"></Provider>
<EventID Qualifiers="">4100</EventID>
<Version>0</Version>
<Level>4</Level>
<Task>101</Task>
<Opcode>2</Opcode>
<Keywords>0x8000000000000003</Keywords>
<TimeCreated SystemTime="2019-11-22 05:50:11.026096"></TimeCreated>
<EventRecordID>134772</EventRecordID>
<Correlation ActivityID="" RelatedActivityID=""></Correlation>
<Execution ProcessID="1824" ThreadID="1916"></Execution>
<Channel>Microsoft-Windows-Deployment-Services-Diagnostics/Operational</Channel>
<Computer>WIN-J9LVFC7736M.WDS.com</Computer>
<Security UserID="S-1-5-18"></Security>
</System>
<UserData><TFTPDownloadCompletedEvent xmlns:auto-ns2="http://schemas.microsoft.com/win/2004/08/events" xmlns="Microsoft-Windows-Deployment-Services-Diagnostics"><ClientIP>192.168.0.100</ClientIP>
<FileName>boot\x64\bootmgr.exe</FileName>
<FileSize>624992</FileSize>
<ClientPort>2073</ClientPort>
<ServerPort>54075</ServerPort>
<VariableWindow>False</VariableWindow>
</TFTPDownloadCompletedEvent>
</UserData>
</Event>

<Event xmlns="http://schemas.microsoft.com/win/2004/08/events/event"><System><Provider Name="Microsoft-Windows-Deployment-Services-Diagnostics" Guid="{22b7d623-566b-47b6-9ba0-bc9da3c9d646}"></Provider>
<EventID Qualifiers="">57349</EventID>
<Version>0</Version>
<Level>4</Level>
<Task>0</Task>
<Opcode>0</Opcode>
<Keywords>0x8000000000000002</Keywords>
<TimeCreated SystemTime="2019-11-22 05:50:11.041723"></TimeCreated>
<EventRecordID>134773</EventRecordID>
<Correlation ActivityID="" RelatedActivityID=""></Correlation>
<Execution ProcessID="1824" ThreadID="2800"></Execution>
<Channel>Microsoft-Windows-Deployment-Services-Diagnostics/Operational</Channel>
<Computer>WIN-J9LVFC7736M.WDS.com</Computer>
<Security UserID="S-1-5-18"></Security>
</System>
<UserData><TptReadFileBuffer xmlns:auto-ns2="http://schemas.microsoft.com/win/2004/08/events" xmlns="Microsoft-Windows-Deployment-Services-Diagnostics"><FilePath>C:\RemoteInstall\boot\x64\bootmgr.exe</FilePath>
<FileSize>624992</FileSize>
<BufferType>0</BufferType>
</TptReadFileBuffer>
</UserData>
</Event>

<Event xmlns="http://schemas.microsoft.com/win/2004/08/events/event"><System><Provider Name="Microsoft-Windows-Deployment-Services-Diagnostics" Guid="{22b7d623-566b-47b6-9ba0-bc9da3c9d646}"></Provider>
<EventID Qualifiers="">57348</EventID>
<Version>0</Version>
<Level>4</Level>
<Task>0</Task>
<Opcode>0</Opcode>
<Keywords>0x8000000000000002</Keywords>
<TimeCreated SystemTime="2019-11-22 05:50:11.260496"></TimeCreated>
<EventRecordID>134774</EventRecordID>
<Correlation ActivityID="" RelatedActivityID=""></Correlation>
<Execution ProcessID="1824" ThreadID="1916"></Execution>
<Channel>Microsoft-Windows-Deployment-Services-Diagnostics/Operational</Channel>
<Computer>WIN-J9LVFC7736M.WDS.com</Computer>
<Security UserID="S-1-5-18"></Security>
</System>
<UserData><TptReadFileBuffer xmlns:auto-ns2="http://schemas.microsoft.com/win/2004/08/events" xmlns="Microsoft-Windows-Deployment-Services-Diagnostics"><FilePath>C:\RemoteInstall\Tmp\x86x64{E11E8DD3-CF6E-4B40-B511-F7845A1D7683}.bcd</FilePath>
<FileSize>12288</FileSize>
<BufferType>0</BufferType>
</TptReadFileBuffer>
</UserData>
</Event>

<Event xmlns="http://schemas.microsoft.com/win/2004/08/events/event"><System><Provider Name="Microsoft-Windows-Deployment-Services-Diagnostics" Guid="{22b7d623-566b-47b6-9ba0-bc9da3c9d646}"></Provider>
<EventID Qualifiers="">57348</EventID>
<Version>0</Version>
<Level>4</Level>
<Task>0</Task>
<Opcode>0</Opcode>
<Keywords>0x8000000000000002</Keywords>
<TimeCreated SystemTime="2019-11-22 05:50:11.260496"></TimeCreated>
<EventRecordID>134775</EventRecordID>
<Correlation ActivityID="" RelatedActivityID=""></Correlation>
<Execution ProcessID="1824" ThreadID="1916"></Execution>
<Channel>Microsoft-Windows-Deployment-Services-Diagnostics/Operational</Channel>
<Computer>WIN-J9LVFC7736M.WDS.com</Computer>
<Security UserID="S-1-5-18"></Security>
</System>
<UserData><TptReadFileBuffer xmlns:auto-ns2="http://schemas.microsoft.com/win/2004/08/events" xmlns="Microsoft-Windows-Deployment-Services-Diagnostics"><FilePath>C:\RemoteInstall\Tmp\x86x64{E11E8DD3-CF6E-4B40-B511-F7845A1D7683}.bcd</FilePath>
<FileSize>12288</FileSize>
<BufferType>0</BufferType>
</TptReadFileBuffer>
</UserData>
</Event>

<Event xmlns="http://schemas.microsoft.com/win/2004/08/events/event"><System><Provider Name="Microsoft-Windows-Deployment-Services-Diagnostics" Guid="{22b7d623-566b-47b6-9ba0-bc9da3c9d646}"></Provider>
<EventID Qualifiers="">4099</EventID>
<Version>0</Version>
<Level>4</Level>
<Task>101</Task>
<Opcode>1</Opcode>
<Keywords>0x8000000000000003</Keywords>
<TimeCreated SystemTime="2019-11-22 05:50:11.260496"></TimeCreated>
<EventRecordID>134776</EventRecordID>
<Correlation ActivityID="" RelatedActivityID=""></Correlation>
<Execution ProcessID="1824" ThreadID="1916"></Execution>
<Channel>Microsoft-Windows-Deployment-Services-Diagnostics/Operational</Channel>
<Computer>WIN-J9LVFC7736M.WDS.com</Computer>
<Security UserID="S-1-5-18"></Security>
</System>
<UserData><TFTPDownloadStartedEvent xmlns:auto-ns2="http://schemas.microsoft.com/win/2004/08/events" xmlns="Microsoft-Windows-Deployment-Services-Diagnostics"><ClientIP>192.168.0.100</ClientIP>
<FileName>\Tmp\x86x64{E11E8DD3-CF6E-4B40-B511-F7845A1D7683}.bcd</FileName>
<FileSize>12288</FileSize>
<ClientPort>11377</ClientPort>
<ServerPort>59528</ServerPort>
<VariableWindow>False</VariableWindow>
</TFTPDownloadStartedEvent>
</UserData>
</Event>

<Event xmlns="http://schemas.microsoft.com/win/2004/08/events/event"><System><Provider Name="Microsoft-Windows-Deployment-Services-Diagnostics" Guid="{22b7d623-566b-47b6-9ba0-bc9da3c9d646}"></Provider>
<EventID Qualifiers="">4100</EventID>
<Version>0</Version>
<Level>4</Level>
<Task>101</Task>
<Opcode>2</Opcode>
<Keywords>0x8000000000000003</Keywords>
<TimeCreated SystemTime="2019-11-22 05:50:11.260496"></TimeCreated>
<EventRecordID>134777</EventRecordID>
<Correlation ActivityID="" RelatedActivityID=""></Correlation>
<Execution ProcessID="1824" ThreadID="1932"></Execution>
<Channel>Microsoft-Windows-Deployment-Services-Diagnostics/Operational</Channel>
<Computer>WIN-J9LVFC7736M.WDS.com</Computer>
<Security UserID="S-1-5-18"></Security>
</System>
<UserData><TFTPDownloadCompletedEvent xmlns:auto-ns2="http://schemas.microsoft.com/win/2004/08/events" xmlns="Microsoft-Windows-Deployment-Services-Diagnostics"><ClientIP>192.168.0.100</ClientIP>
<FileName>\Tmp\x86x64{E11E8DD3-CF6E-4B40-B511-F7845A1D7683}.bcd</FileName>
<FileSize>12288</FileSize>
<ClientPort>11377</ClientPort>
<ServerPort>59528</ServerPort>
<VariableWindow>False</VariableWindow>
</TFTPDownloadCompletedEvent>
</UserData>
</Event>

<Event xmlns="http://schemas.microsoft.com/win/2004/08/events/event"><System><Provider Name="Microsoft-Windows-Deployment-Services-Diagnostics" Guid="{22b7d623-566b-47b6-9ba0-bc9da3c9d646}"></Provider>
<EventID Qualifiers="">57349</EventID>
<Version>0</Version>
<Level>4</Level>
<Task>0</Task>
<Opcode>0</Opcode>
<Keywords>0x8000000000000002</Keywords>
<TimeCreated SystemTime="2019-11-22 05:50:11.276123"></TimeCreated>
<EventRecordID>134778</EventRecordID>
<Correlation ActivityID="" RelatedActivityID=""></Correlation>
<Execution ProcessID="1824" ThreadID="2800"></Execution>
<Channel>Microsoft-Windows-Deployment-Services-Diagnostics/Operational</Channel>
<Computer>WIN-J9LVFC7736M.WDS.com</Computer>
<Security UserID="S-1-5-18"></Security>
</System>
<UserData><TptReadFileBuffer xmlns:auto-ns2="http://schemas.microsoft.com/win/2004/08/events" xmlns="Microsoft-Windows-Deployment-Services-Diagnostics"><FilePath>C:\RemoteInstall\Tmp\x86x64{E11E8DD3-CF6E-4B40-B511-F7845A1D7683}.bcd</FilePath>
<FileSize>12288</FileSize>
<BufferType>0</BufferType>
</TptReadFileBuffer>
</UserData>
</Event>

<Event xmlns="http://schemas.microsoft.com/win/2004/08/events/event"><System><Provider Name="Microsoft-Windows-Deployment-Services-Diagnostics" Guid="{22b7d623-566b-47b6-9ba0-bc9da3c9d646}"></Provider>
<EventID Qualifiers="">57349</EventID>
<Version>0</Version>
<Level>4</Level>
<Task>0</Task>
<Opcode>0</Opcode>
<Keywords>0x8000000000000002</Keywords>
<TimeCreated SystemTime="2019-11-22 05:50:11.276123"></TimeCreated>
<EventRecordID>134779</EventRecordID>
<Correlation ActivityID="" RelatedActivityID=""></Correlation>
<Execution ProcessID="1824" ThreadID="2800"></Execution>
<Channel>Microsoft-Windows-Deployment-Services-Diagnostics/Operational</Channel>
<Computer>WIN-J9LVFC7736M.WDS.com</Computer>
<Security UserID="S-1-5-18"></Security>
</System>
<UserData><TptReadFileBuffer xmlns:auto-ns2="http://schemas.microsoft.com/win/2004/08/events" xmlns="Microsoft-Windows-Deployment-Services-Diagnostics"><FilePath>C:\RemoteInstall\Tmp\x86x64{E11E8DD3-CF6E-4B40-B511-F7845A1D7683}.bcd</FilePath>
<FileSize>12288</FileSize>
<BufferType>0</BufferType>
</TptReadFileBuffer>
</UserData>
</Event>

<Event xmlns="http://schemas.microsoft.com/win/2004/08/events/event"><System><Provider Name="Microsoft-Windows-Deployment-Services-Diagnostics" Guid="{22b7d623-566b-47b6-9ba0-bc9da3c9d646}"></Provider>
<EventID Qualifiers="">57348</EventID>
<Version>0</Version>
<Level>4</Level>
<Task>0</Task>
<Opcode>0</Opcode>
<Keywords>0x8000000000000002</Keywords>
<TimeCreated SystemTime="2019-11-22 05:50:11.323004"></TimeCreated>
<EventRecordID>134780</EventRecordID>
<Correlation ActivityID="" RelatedActivityID=""></Correlation>
<Execution ProcessID="1824" ThreadID="1932"></Execution>
<Channel>Microsoft-Windows-Deployment-Services-Diagnostics/Operational</Channel>
<Computer>WIN-J9LVFC7736M.WDS.com</Computer>
<Security UserID="S-1-5-18"></Security>
</System>
<UserData><TptReadFileBuffer xmlns:auto-ns2="http://schemas.microsoft.com/win/2004/08/events" xmlns="Microsoft-Windows-Deployment-Services-Diagnostics"><FilePath>C:\RemoteInstall\Boot\x64\Images\boot.wim</FilePath>
<FileSize>272062425</FileSize>
<BufferType>0</BufferType>
</TptReadFileBuffer>
</UserData>
</Event>

<Event xmlns="http://schemas.microsoft.com/win/2004/08/events/event"><System><Provider Name="Microsoft-Windows-Deployment-Services-Diagnostics" Guid="{22b7d623-566b-47b6-9ba0-bc9da3c9d646}"></Provider>
<EventID Qualifiers="">57348</EventID>
<Version>0</Version>
<Level>4</Level>
<Task>0</Task>
<Opcode>0</Opcode>
<Keywords>0x8000000000000002</Keywords>
<TimeCreated SystemTime="2019-11-22 05:50:11.323004"></TimeCreated>
<EventRecordID>134781</EventRecordID>
<Correlation ActivityID="" RelatedActivityID=""></Correlation>
<Execution ProcessID="1824" ThreadID="1932"></Execution>
<Channel>Microsoft-Windows-Deployment-Services-Diagnostics/Operational</Channel>
<Computer>WIN-J9LVFC7736M.WDS.com</Computer>
<Security UserID="S-1-5-18"></Security>
</System>
<UserData><TptReadFileBuffer xmlns:auto-ns2="http://schemas.microsoft.com/win/2004/08/events" xmlns="Microsoft-Windows-Deployment-Services-Diagnostics"><FilePath>C:\RemoteInstall\Boot\Boot.SDI</FilePath>
<FileSize>3170304</FileSize>
<BufferType>0</BufferType>
</TptReadFileBuffer>
</UserData>
</Event>

<Event xmlns="http://schemas.microsoft.com/win/2004/08/events/event"><System><Provider Name="Microsoft-Windows-Deployment-Services-Diagnostics" Guid="{22b7d623-566b-47b6-9ba0-bc9da3c9d646}"></Provider>
<EventID Qualifiers="">57348</EventID>
<Version>0</Version>
<Level>4</Level>
<Task>0</Task>
<Opcode>0</Opcode>
<Keywords>0x8000000000000002</Keywords>
<TimeCreated SystemTime="2019-11-22 05:50:11.323004"></TimeCreated>
<EventRecordID>134782</EventRecordID>
<Correlation ActivityID="" RelatedActivityID=""></Correlation>
<Execution ProcessID="1824" ThreadID="1916"></Execution>
<Channel>Microsoft-Windows-Deployment-Services-Diagnostics/Operational</Channel>
<Computer>WIN-J9LVFC7736M.WDS.com</Computer>
<Security UserID="S-1-5-18"></Security>
</System>
<UserData><TptReadFileBuffer xmlns:auto-ns2="http://schemas.microsoft.com/win/2004/08/events" xmlns="Microsoft-Windows-Deployment-Services-Diagnostics"><FilePath>C:\RemoteInstall\Boot\fonts\wgl4_boot.ttf</FilePath>
<FileSize>49030</FileSize>
<BufferType>0</BufferType>
</TptReadFileBuffer>
</UserData>
</Event>

<Event xmlns="http://schemas.microsoft.com/win/2004/08/events/event"><System><Provider Name="Microsoft-Windows-Deployment-Services-Diagnostics" Guid="{22b7d623-566b-47b6-9ba0-bc9da3c9d646}"></Provider>
<EventID Qualifiers="">57348</EventID>
<Version>0</Version>
<Level>4</Level>
<Task>0</Task>
<Opcode>0</Opcode>
<Keywords>0x8000000000000002</Keywords>
<TimeCreated SystemTime="2019-11-22 05:50:11.323004"></TimeCreated>
<EventRecordID>134783</EventRecordID>
<Correlation ActivityID="" RelatedActivityID=""></Correlation>
<Execution ProcessID="1824" ThreadID="1932"></Execution>
<Channel>Microsoft-Windows-Deployment-Services-Diagnostics/Operational</Channel>
<Computer>WIN-J9LVFC7736M.WDS.com</Computer>
<Security UserID="S-1-5-18"></Security>
</System>
<UserData><TptReadFileBuffer xmlns:auto-ns2="http://schemas.microsoft.com/win/2004/08/events" xmlns="Microsoft-Windows-Deployment-Services-Diagnostics"><FilePath>C:\RemoteInstall\Boot\fonts\wgl4_boot.ttf</FilePath>
<FileSize>49030</FileSize>
<BufferType>0</BufferType>
</TptReadFileBuffer>
</UserData>
</Event>

<Event xmlns="http://schemas.microsoft.com/win/2004/08/events/event"><System><Provider Name="Microsoft-Windows-Deployment-Services-Diagnostics" Guid="{22b7d623-566b-47b6-9ba0-bc9da3c9d646}"></Provider>
<EventID Qualifiers="">4099</EventID>
<Version>0</Version>
<Level>4</Level>
<Task>101</Task>
<Opcode>1</Opcode>
<Keywords>0x8000000000000003</Keywords>
<TimeCreated SystemTime="2019-11-22 05:50:11.323004"></TimeCreated>
<EventRecordID>134784</EventRecordID>
<Correlation ActivityID="" RelatedActivityID=""></Correlation>
<Execution ProcessID="1824" ThreadID="1932"></Execution>
<Channel>Microsoft-Windows-Deployment-Services-Diagnostics/Operational</Channel>
<Computer>WIN-J9LVFC7736M.WDS.com</Computer>
<Security UserID="S-1-5-18"></Security>
</System>
<UserData><TFTPDownloadStartedEvent xmlns:auto-ns2="http://schemas.microsoft.com/win/2004/08/events" xmlns="Microsoft-Windows-Deployment-Services-Diagnostics"><ClientIP>192.168.0.100</ClientIP>
<FileName>\Boot\fonts\wgl4_boot.ttf</FileName>
<FileSize>49030</FileSize>
<ClientPort>11383</ClientPort>
<ServerPort>49630</ServerPort>
<VariableWindow>True</VariableWindow>
</TFTPDownloadStartedEvent>
</UserData>
</Event>

<Event xmlns="http://schemas.microsoft.com/win/2004/08/events/event"><System><Provider Name="Microsoft-Windows-Deployment-Services-Diagnostics" Guid="{22b7d623-566b-47b6-9ba0-bc9da3c9d646}"></Provider>
<EventID Qualifiers="">4100</EventID>
<Version>0</Version>
<Level>4</Level>
<Task>101</Task>
<Opcode>2</Opcode>
<Keywords>0x8000000000000003</Keywords>
<TimeCreated SystemTime="2019-11-22 05:50:11.323004"></TimeCreated>
<EventRecordID>134785</EventRecordID>
<Correlation ActivityID="" RelatedActivityID=""></Correlation>
<Execution ProcessID="1824" ThreadID="1916"></Execution>
<Channel>Microsoft-Windows-Deployment-Services-Diagnostics/Operational</Channel>
<Computer>WIN-J9LVFC7736M.WDS.com</Computer>
<Security UserID="S-1-5-18"></Security>
</System>
<UserData><TFTPDownloadCompletedEvent xmlns:auto-ns2="http://schemas.microsoft.com/win/2004/08/events" xmlns="Microsoft-Windows-Deployment-Services-Diagnostics"><ClientIP>192.168.0.100</ClientIP>
<FileName>\Boot\fonts\wgl4_boot.ttf</FileName>
<FileSize>49030</FileSize>
<ClientPort>11383</ClientPort>
<ServerPort>49630</ServerPort>
<VariableWindow>True</VariableWindow>
</TFTPDownloadCompletedEvent>
</UserData>
</Event>

<Event xmlns="http://schemas.microsoft.com/win/2004/08/events/event"><System><Provider Name="Microsoft-Windows-Deployment-Services-Diagnostics" Guid="{22b7d623-566b-47b6-9ba0-bc9da3c9d646}"></Provider>
<EventID Qualifiers="">57349</EventID>
<Version>0</Version>
<Level>4</Level>
<Task>0</Task>
<Opcode>0</Opcode>
<Keywords>0x8000000000000002</Keywords>
<TimeCreated SystemTime="2019-11-22 05:50:11.338631"></TimeCreated>
<EventRecordID>134786</EventRecordID>
<Correlation ActivityID="" RelatedActivityID=""></Correlation>
<Execution ProcessID="1824" ThreadID="2800"></Execution>
<Channel>Microsoft-Windows-Deployment-Services-Diagnostics/Operational</Channel>
<Computer>WIN-J9LVFC7736M.WDS.com</Computer>
<Security UserID="S-1-5-18"></Security>
</System>
<UserData><TptReadFileBuffer xmlns:auto-ns2="http://schemas.microsoft.com/win/2004/08/events" xmlns="Microsoft-Windows-Deployment-Services-Diagnostics"><FilePath>C:\RemoteInstall\Boot\fonts\wgl4_boot.ttf</FilePath>
<FileSize>49030</FileSize>
<BufferType>0</BufferType>
</TptReadFileBuffer>
</UserData>
</Event>

<Event xmlns="http://schemas.microsoft.com/win/2004/08/events/event"><System><Provider Name="Microsoft-Windows-Deployment-Services-Diagnostics" Guid="{22b7d623-566b-47b6-9ba0-bc9da3c9d646}"></Provider>
<EventID Qualifiers="">57349</EventID>
<Version>0</Version>
<Level>4</Level>
<Task>0</Task>
<Opcode>0</Opcode>
<Keywords>0x8000000000000002</Keywords>
<TimeCreated SystemTime="2019-11-22 05:50:11.338631"></TimeCreated>
<EventRecordID>134787</EventRecordID>
<Correlation ActivityID="" RelatedActivityID=""></Correlation>
<Execution ProcessID="1824" ThreadID="2800"></Execution>
<Channel>Microsoft-Windows-Deployment-Services-Diagnostics/Operational</Channel>
<Computer>WIN-J9LVFC7736M.WDS.com</Computer>
<Security UserID="S-1-5-18"></Security>
</System>
<UserData><TptReadFileBuffer xmlns:auto-ns2="http://schemas.microsoft.com/win/2004/08/events" xmlns="Microsoft-Windows-Deployment-Services-Diagnostics"><FilePath>C:\RemoteInstall\Boot\fonts\wgl4_boot.ttf</FilePath>
<FileSize>49030</FileSize>
<BufferType>0</BufferType>
</TptReadFileBuffer>
</UserData>
</Event>

<Event xmlns="http://schemas.microsoft.com/win/2004/08/events/event"><System><Provider Name="Microsoft-Windows-Deployment-Services-Diagnostics" Guid="{22b7d623-566b-47b6-9ba0-bc9da3c9d646}"></Provider>
<EventID Qualifiers="">57349</EventID>
<Version>0</Version>
<Level>4</Level>
<Task>0</Task>
<Opcode>0</Opcode>
<Keywords>0x8000000000000002</Keywords>
<TimeCreated SystemTime="2019-11-22 05:50:11.338631"></TimeCreated>
<EventRecordID>134788</EventRecordID>
<Correlation ActivityID="" RelatedActivityID=""></Correlation>
<Execution ProcessID="1824" ThreadID="2800"></Execution>
<Channel>Microsoft-Windows-Deployment-Services-Diagnostics/Operational</Channel>
<Computer>WIN-J9LVFC7736M.WDS.com</Computer>
<Security UserID="S-1-5-18"></Security>
</System>
<UserData><TptReadFileBuffer xmlns:auto-ns2="http://schemas.microsoft.com/win/2004/08/events" xmlns="Microsoft-Windows-Deployment-Services-Diagnostics"><FilePath>C:\RemoteInstall\Boot\x64\Images\boot.wim</FilePath>
<FileSize>272062425</FileSize>
<BufferType>0</BufferType>
</TptReadFileBuffer>
</UserData>
</Event>

<Event xmlns="http://schemas.microsoft.com/win/2004/08/events/event"><System><Provider Name="Microsoft-Windows-Deployment-Services-Diagnostics" Guid="{22b7d623-566b-47b6-9ba0-bc9da3c9d646}"></Provider>
<EventID Qualifiers="">57349</EventID>
<Version>0</Version>
<Level>4</Level>
<Task>0</Task>
<Opcode>0</Opcode>
<Keywords>0x8000000000000002</Keywords>
<TimeCreated SystemTime="2019-11-22 05:50:11.338631"></TimeCreated>
<EventRecordID>134789</EventRecordID>
<Correlation ActivityID="" RelatedActivityID=""></Correlation>
<Execution ProcessID="1824" ThreadID="2800"></Execution>
<Channel>Microsoft-Windows-Deployment-Services-Diagnostics/Operational</Channel>
<Computer>WIN-J9LVFC7736M.WDS.com</Computer>
<Security UserID="S-1-5-18"></Security>
</System>
<UserData><TptReadFileBuffer xmlns:auto-ns2="http://schemas.microsoft.com/win/2004/08/events" xmlns="Microsoft-Windows-Deployment-Services-Diagnostics"><FilePath>C:\RemoteInstall\Boot\Boot.SDI</FilePath>
<FileSize>3170304</FileSize>
<BufferType>0</BufferType>
</TptReadFileBuffer>
</UserData>
</Event>

<Event xmlns="http://schemas.microsoft.com/win/2004/08/events/event"><System><Provider Name="Microsoft-Windows-Deployment-Services-Diagnostics" Guid="{22b7d623-566b-47b6-9ba0-bc9da3c9d646}"></Provider>
<EventID Qualifiers="">57348</EventID>
<Version>0</Version>
<Level>4</Level>
<Task>0</Task>
<Opcode>0</Opcode>
<Keywords>0x8000000000000002</Keywords>
<TimeCreated SystemTime="2019-11-22 05:50:11.369883"></TimeCreated>
<EventRecordID>134790</EventRecordID>
<Correlation ActivityID="" RelatedActivityID=""></Correlation>
<Execution ProcessID="1824" ThreadID="1916"></Execution>
<Channel>Microsoft-Windows-Deployment-Services-Diagnostics/Operational</Channel>
<Computer>WIN-J9LVFC7736M.WDS.com</Computer>
<Security UserID="S-1-5-18"></Security>
</System>
<UserData><TptReadFileBuffer xmlns:auto-ns2="http://schemas.microsoft.com/win/2004/08/events" xmlns="Microsoft-Windows-Deployment-Services-Diagnostics"><FilePath>C:\RemoteInstall\Boot\Boot.SDI</FilePath>
<FileSize>3170304</FileSize>
<BufferType>0</BufferType>
</TptReadFileBuffer>
</UserData>
</Event>

<Event xmlns="http://schemas.microsoft.com/win/2004/08/events/event"><System><Provider Name="Microsoft-Windows-Deployment-Services-Diagnostics" Guid="{22b7d623-566b-47b6-9ba0-bc9da3c9d646}"></Provider>
<EventID Qualifiers="">4099</EventID>
<Version>0</Version>
<Level>4</Level>
<Task>101</Task>
<Opcode>1</Opcode>
<Keywords>0x8000000000000003</Keywords>
<TimeCreated SystemTime="2019-11-22 05:50:11.385509"></TimeCreated>
<EventRecordID>134791</EventRecordID>
<Correlation ActivityID="" RelatedActivityID=""></Correlation>
<Execution ProcessID="1824" ThreadID="1916"></Execution>
<Channel>Microsoft-Windows-Deployment-Services-Diagnostics/Operational</Channel>
<Computer>WIN-J9LVFC7736M.WDS.com</Computer>
<Security UserID="S-1-5-18"></Security>
</System>
<UserData><TFTPDownloadStartedEvent xmlns:auto-ns2="http://schemas.microsoft.com/win/2004/08/events" xmlns="Microsoft-Windows-Deployment-Services-Diagnostics"><ClientIP>192.168.0.100</ClientIP>
<FileName>\Boot\Boot.SDI</FileName>
<FileSize>3170304</FileSize>
<ClientPort>11384</ClientPort>
<ServerPort>49632</ServerPort>
<VariableWindow>True</VariableWindow>
</TFTPDownloadStartedEvent>
</UserData>
</Event>

<Event xmlns="http://schemas.microsoft.com/win/2004/08/events/event"><System><Provider Name="Microsoft-Windows-Deployment-Services-Diagnostics" Guid="{22b7d623-566b-47b6-9ba0-bc9da3c9d646}"></Provider>
<EventID Qualifiers="">4100</EventID>
<Version>0</Version>
<Level>4</Level>
<Task>101</Task>
<Opcode>2</Opcode>
<Keywords>0x8000000000000003</Keywords>
<TimeCreated SystemTime="2019-11-22 05:50:11.541777"></TimeCreated>
<EventRecordID>134792</EventRecordID>
<Correlation ActivityID="" RelatedActivityID=""></Correlation>
<Execution ProcessID="1824" ThreadID="1908"></Execution>
<Channel>Microsoft-Windows-Deployment-Services-Diagnostics/Operational</Channel>
<Computer>WIN-J9LVFC7736M.WDS.com</Computer>
<Security UserID="S-1-5-18"></Security>
</System>
<UserData><TFTPDownloadCompletedEvent xmlns:auto-ns2="http://schemas.microsoft.com/win/2004/08/events" xmlns="Microsoft-Windows-Deployment-Services-Diagnostics"><ClientIP>192.168.0.100</ClientIP>
<FileName>\Boot\Boot.SDI</FileName>
<FileSize>3170304</FileSize>
<ClientPort>11384</ClientPort>
<ServerPort>49632</ServerPort>
<VariableWindow>True</VariableWindow>
</TFTPDownloadCompletedEvent>
</UserData>
</Event>

<Event xmlns="http://schemas.microsoft.com/win/2004/08/events/event"><System><Provider Name="Microsoft-Windows-Deployment-Services-Diagnostics" Guid="{22b7d623-566b-47b6-9ba0-bc9da3c9d646}"></Provider>
<EventID Qualifiers="">57349</EventID>
<Version>0</Version>
<Level>4</Level>
<Task>0</Task>
<Opcode>0</Opcode>
<Keywords>0x8000000000000002</Keywords>
<TimeCreated SystemTime="2019-11-22 05:50:11.557402"></TimeCreated>
<EventRecordID>134793</EventRecordID>
<Correlation ActivityID="" RelatedActivityID=""></Correlation>
<Execution ProcessID="1824" ThreadID="2800"></Execution>
<Channel>Microsoft-Windows-Deployment-Services-Diagnostics/Operational</Channel>
<Computer>WIN-J9LVFC7736M.WDS.com</Computer>
<Security UserID="S-1-5-18"></Security>
</System>
<UserData><TptReadFileBuffer xmlns:auto-ns2="http://schemas.microsoft.com/win/2004/08/events" xmlns="Microsoft-Windows-Deployment-Services-Diagnostics"><FilePath>C:\RemoteInstall\Boot\Boot.SDI</FilePath>
<FileSize>3170304</FileSize>
<BufferType>0</BufferType>
</TptReadFileBuffer>
</UserData>
</Event>

<Event xmlns="http://schemas.microsoft.com/win/2004/08/events/event"><System><Provider Name="Microsoft-Windows-Deployment-Services-Diagnostics" Guid="{22b7d623-566b-47b6-9ba0-bc9da3c9d646}"></Provider>
<EventID Qualifiers="">57348</EventID>
<Version>0</Version>
<Level>4</Level>
<Task>0</Task>
<Opcode>0</Opcode>
<Keywords>0x8000000000000002</Keywords>
<TimeCreated SystemTime="2019-11-22 05:50:11.760548"></TimeCreated>
<EventRecordID>134794</EventRecordID>
<Correlation ActivityID="" RelatedActivityID=""></Correlation>
<Execution ProcessID="1824" ThreadID="1908"></Execution>
<Channel>Microsoft-Windows-Deployment-Services-Diagnostics/Operational</Channel>
<Computer>WIN-J9LVFC7736M.WDS.com</Computer>
<Security UserID="S-1-5-18"></Security>
</System>
<UserData><TptReadFileBuffer xmlns:auto-ns2="http://schemas.microsoft.com/win/2004/08/events" xmlns="Microsoft-Windows-Deployment-Services-Diagnostics"><FilePath>C:\RemoteInstall\Boot\x64\Images\boot.wim</FilePath>
<FileSize>272062425</FileSize>
<BufferType>0</BufferType>
</TptReadFileBuffer>
</UserData>
</Event>

<Event xmlns="http://schemas.microsoft.com/win/2004/08/events/event"><System><Provider Name="Microsoft-Windows-Deployment-Services-Diagnostics" Guid="{22b7d623-566b-47b6-9ba0-bc9da3c9d646}"></Provider>
<EventID Qualifiers="">4099</EventID>
<Version>0</Version>
<Level>4</Level>
<Task>101</Task>
<Opcode>1</Opcode>
<Keywords>0x8000000000000003</Keywords>
<TimeCreated SystemTime="2019-11-22 05:50:11.760548"></TimeCreated>
<EventRecordID>134795</EventRecordID>
<Correlation ActivityID="" RelatedActivityID=""></Correlation>
<Execution ProcessID="1824" ThreadID="1908"></Execution>
<Channel>Microsoft-Windows-Deployment-Services-Diagnostics/Operational</Channel>
<Computer>WIN-J9LVFC7736M.WDS.com</Computer>
<Security UserID="S-1-5-18"></Security>
</System>
<UserData><TFTPDownloadStartedEvent xmlns:auto-ns2="http://schemas.microsoft.com/win/2004/08/events" xmlns="Microsoft-Windows-Deployment-Services-Diagnostics"><ClientIP>192.168.0.100</ClientIP>
<FileName>\Boot\x64\Images\boot.wim</FileName>
<FileSize>272062425</FileSize>
<ClientPort>11385</ClientPort>
<ServerPort>54074</ServerPort>
<VariableWindow>True</VariableWindow>
</TFTPDownloadStartedEvent>
</UserData>
</Event>

