<Event xmlns="http://schemas.microsoft.com/win/2004/08/events/event"><System><Provider Name="Microsoft-Windows-Deployment-Services-Diagnostics" Guid="{22b7d623-566b-47b6-9ba0-bc9da3c9d646}"></Provider>
<EventID Qualifiers="">4100</EventID>
<Version>0</Version>
<Level>4</Level>
<Task>101</Task>
<Opcode>2</Opcode>
<Keywords>0x8000000000000003</Keywords>
<TimeCreated SystemTime="2019-11-20 00:12:55.098057"></TimeCreated>
<EventRecordID>102164</EventRecordID>
<Correlation ActivityID="" RelatedActivityID=""></Correlation>
<Execution ProcessID="1824" ThreadID="1900"></Execution>
<Channel>Microsoft-Windows-Deployment-Services-Diagnostics/Operational</Channel>
<Computer>WIN-J9LVFC7736M.WDS.com</Computer>
<Security UserID="S-1-5-18"></Security>
</System>
<UserData><TFTPDownloadCompletedEvent xmlns:auto-ns2="http://schemas.microsoft.com/win/2004/08/events" xmlns="Microsoft-Windows-Deployment-Services-Diagnostics"><ClientIP>192.168.0.100</ClientIP>
<FileName>\Boot\fonts\wgl4_boot.ttf</FileName>
<FileSize>49030</FileSize>
<ClientPort>7047</ClientPort>
<ServerPort>50298</ServerPort>
<VariableWindow>True</VariableWindow>
</TFTPDownloadCompletedEvent>
</UserData>
</Event>

<Event xmlns="http://schemas.microsoft.com/win/2004/08/events/event"><System><Provider Name="Microsoft-Windows-Deployment-Services-Diagnostics" Guid="{22b7d623-566b-47b6-9ba0-bc9da3c9d646}"></Provider>
<EventID Qualifiers="">57349</EventID>
<Version>0</Version>
<Level>4</Level>
<Task>0</Task>
<Opcode>0</Opcode>
<Keywords>0x8000000000000002</Keywords>
<TimeCreated SystemTime="2019-11-20 00:12:55.113682"></TimeCreated>
<EventRecordID>102165</EventRecordID>
<Correlation ActivityID="" RelatedActivityID=""></Correlation>
<Execution ProcessID="1824" ThreadID="1076"></Execution>
<Channel>Microsoft-Windows-Deployment-Services-Diagnostics/Operational</Channel>
<Computer>WIN-J9LVFC7736M.WDS.com</Computer>
<Security UserID="S-1-5-18"></Security>
</System>
<UserData><TptReadFileBuffer xmlns:auto-ns2="http://schemas.microsoft.com/win/2004/08/events" xmlns="Microsoft-Windows-Deployment-Services-Diagnostics"><FilePath>C:\RemoteInstall\Boot\fonts\wgl4_boot.ttf</FilePath>
<FileSize>49030</FileSize>
<BufferType>0</BufferType>
</TptReadFileBuffer>
</UserData>
</Event>

<Event xmlns="http://schemas.microsoft.com/win/2004/08/events/event"><System><Provider Name="Microsoft-Windows-Deployment-Services-Diagnostics" Guid="{22b7d623-566b-47b6-9ba0-bc9da3c9d646}"></Provider>
<EventID Qualifiers="">57349</EventID>
<Version>0</Version>
<Level>4</Level>
<Task>0</Task>
<Opcode>0</Opcode>
<Keywords>0x8000000000000002</Keywords>
<TimeCreated SystemTime="2019-11-20 00:12:55.113682"></TimeCreated>
<EventRecordID>102166</EventRecordID>
<Correlation ActivityID="" RelatedActivityID=""></Correlation>
<Execution ProcessID="1824" ThreadID="1076"></Execution>
<Channel>Microsoft-Windows-Deployment-Services-Diagnostics/Operational</Channel>
<Computer>WIN-J9LVFC7736M.WDS.com</Computer>
<Security UserID="S-1-5-18"></Security>
</System>
<UserData><TptReadFileBuffer xmlns:auto-ns2="http://schemas.microsoft.com/win/2004/08/events" xmlns="Microsoft-Windows-Deployment-Services-Diagnostics"><FilePath>C:\RemoteInstall\Boot\fonts\wgl4_boot.ttf</FilePath>
<FileSize>49030</FileSize>
<BufferType>0</BufferType>
</TptReadFileBuffer>
</UserData>
</Event>

<Event xmlns="http://schemas.microsoft.com/win/2004/08/events/event"><System><Provider Name="Microsoft-Windows-Deployment-Services-Diagnostics" Guid="{22b7d623-566b-47b6-9ba0-bc9da3c9d646}"></Provider>
<EventID Qualifiers="">57349</EventID>
<Version>0</Version>
<Level>4</Level>
<Task>0</Task>
<Opcode>0</Opcode>
<Keywords>0x8000000000000002</Keywords>
<TimeCreated SystemTime="2019-11-20 00:12:55.113682"></TimeCreated>
<EventRecordID>102167</EventRecordID>
<Correlation ActivityID="" RelatedActivityID=""></Correlation>
<Execution ProcessID="1824" ThreadID="1076"></Execution>
<Channel>Microsoft-Windows-Deployment-Services-Diagnostics/Operational</Channel>
<Computer>WIN-J9LVFC7736M.WDS.com</Computer>
<Security UserID="S-1-5-18"></Security>
</System>
<UserData><TptReadFileBuffer xmlns:auto-ns2="http://schemas.microsoft.com/win/2004/08/events" xmlns="Microsoft-Windows-Deployment-Services-Diagnostics"><FilePath>C:\RemoteInstall\Boot\x64\Images\boot.wim</FilePath>
<FileSize>272062425</FileSize>
<BufferType>0</BufferType>
</TptReadFileBuffer>
</UserData>
</Event>

<Event xmlns="http://schemas.microsoft.com/win/2004/08/events/event"><System><Provider Name="Microsoft-Windows-Deployment-Services-Diagnostics" Guid="{22b7d623-566b-47b6-9ba0-bc9da3c9d646}"></Provider>
<EventID Qualifiers="">57349</EventID>
<Version>0</Version>
<Level>4</Level>
<Task>0</Task>
<Opcode>0</Opcode>
<Keywords>0x8000000000000002</Keywords>
<TimeCreated SystemTime="2019-11-20 00:12:55.113682"></TimeCreated>
<EventRecordID>102168</EventRecordID>
<Correlation ActivityID="" RelatedActivityID=""></Correlation>
<Execution ProcessID="1824" ThreadID="1076"></Execution>
<Channel>Microsoft-Windows-Deployment-Services-Diagnostics/Operational</Channel>
<Computer>WIN-J9LVFC7736M.WDS.com</Computer>
<Security UserID="S-1-5-18"></Security>
</System>
<UserData><TptReadFileBuffer xmlns:auto-ns2="http://schemas.microsoft.com/win/2004/08/events" xmlns="Microsoft-Windows-Deployment-Services-Diagnostics"><FilePath>C:\RemoteInstall\Boot\Boot.SDI</FilePath>
<FileSize>3170304</FileSize>
<BufferType>0</BufferType>
</TptReadFileBuffer>
</UserData>
</Event>

<Event xmlns="http://schemas.microsoft.com/win/2004/08/events/event"><System><Provider Name="Microsoft-Windows-Deployment-Services-Diagnostics" Guid="{22b7d623-566b-47b6-9ba0-bc9da3c9d646}"></Provider>
<EventID Qualifiers="">57348</EventID>
<Version>0</Version>
<Level>4</Level>
<Task>0</Task>
<Opcode>0</Opcode>
<Keywords>0x8000000000000002</Keywords>
<TimeCreated SystemTime="2019-11-20 00:12:55.160563"></TimeCreated>
<EventRecordID>102169</EventRecordID>
<Correlation ActivityID="" RelatedActivityID=""></Correlation>
<Execution ProcessID="1824" ThreadID="1900"></Execution>
<Channel>Microsoft-Windows-Deployment-Services-Diagnostics/Operational</Channel>
<Computer>WIN-J9LVFC7736M.WDS.com</Computer>
<Security UserID="S-1-5-18"></Security>
</System>
<UserData><TptReadFileBuffer xmlns:auto-ns2="http://schemas.microsoft.com/win/2004/08/events" xmlns="Microsoft-Windows-Deployment-Services-Diagnostics"><FilePath>C:\RemoteInstall\Boot\Boot.SDI</FilePath>
<FileSize>3170304</FileSize>
<BufferType>0</BufferType>
</TptReadFileBuffer>
</UserData>
</Event>

<Event xmlns="http://schemas.microsoft.com/win/2004/08/events/event"><System><Provider Name="Microsoft-Windows-Deployment-Services-Diagnostics" Guid="{22b7d623-566b-47b6-9ba0-bc9da3c9d646}"></Provider>
<EventID Qualifiers="">4099</EventID>
<Version>0</Version>
<Level>4</Level>
<Task>101</Task>
<Opcode>1</Opcode>
<Keywords>0x8000000000000003</Keywords>
<TimeCreated SystemTime="2019-11-20 00:12:55.160563"></TimeCreated>
<EventRecordID>102170</EventRecordID>
<Correlation ActivityID="" RelatedActivityID=""></Correlation>
<Execution ProcessID="1824" ThreadID="1900"></Execution>
<Channel>Microsoft-Windows-Deployment-Services-Diagnostics/Operational</Channel>
<Computer>WIN-J9LVFC7736M.WDS.com</Computer>
<Security UserID="S-1-5-18"></Security>
</System>
<UserData><TFTPDownloadStartedEvent xmlns:auto-ns2="http://schemas.microsoft.com/win/2004/08/events" xmlns="Microsoft-Windows-Deployment-Services-Diagnostics"><ClientIP>192.168.0.100</ClientIP>
<FileName>\Boot\Boot.SDI</FileName>
<FileSize>3170304</FileSize>
<ClientPort>7048</ClientPort>
<ServerPort>50299</ServerPort>
<VariableWindow>True</VariableWindow>
</TFTPDownloadStartedEvent>
</UserData>
</Event>

<Event xmlns="http://schemas.microsoft.com/win/2004/08/events/event"><System><Provider Name="Microsoft-Windows-Deployment-Services-Diagnostics" Guid="{22b7d623-566b-47b6-9ba0-bc9da3c9d646}"></Provider>
<EventID Qualifiers="">4100</EventID>
<Version>0</Version>
<Level>4</Level>
<Task>101</Task>
<Opcode>2</Opcode>
<Keywords>0x8000000000000003</Keywords>
<TimeCreated SystemTime="2019-11-20 00:12:55.332455"></TimeCreated>
<EventRecordID>102171</EventRecordID>
<Correlation ActivityID="" RelatedActivityID=""></Correlation>
<Execution ProcessID="1824" ThreadID="1912"></Execution>
<Channel>Microsoft-Windows-Deployment-Services-Diagnostics/Operational</Channel>
<Computer>WIN-J9LVFC7736M.WDS.com</Computer>
<Security UserID="S-1-5-18"></Security>
</System>
<UserData><TFTPDownloadCompletedEvent xmlns:auto-ns2="http://schemas.microsoft.com/win/2004/08/events" xmlns="Microsoft-Windows-Deployment-Services-Diagnostics"><ClientIP>192.168.0.100</ClientIP>
<FileName>\Boot\Boot.SDI</FileName>
<FileSize>3170304</FileSize>
<ClientPort>7048</ClientPort>
<ServerPort>50299</ServerPort>
<VariableWindow>True</VariableWindow>
</TFTPDownloadCompletedEvent>
</UserData>
</Event>

<Event xmlns="http://schemas.microsoft.com/win/2004/08/events/event"><System><Provider Name="Microsoft-Windows-Deployment-Services-Diagnostics" Guid="{22b7d623-566b-47b6-9ba0-bc9da3c9d646}"></Provider>
<EventID Qualifiers="">57349</EventID>
<Version>0</Version>
<Level>4</Level>
<Task>0</Task>
<Opcode>0</Opcode>
<Keywords>0x8000000000000002</Keywords>
<TimeCreated SystemTime="2019-11-20 00:12:55.348083"></TimeCreated>
<EventRecordID>102172</EventRecordID>
<Correlation ActivityID="" RelatedActivityID=""></Correlation>
<Execution ProcessID="1824" ThreadID="1076"></Execution>
<Channel>Microsoft-Windows-Deployment-Services-Diagnostics/Operational</Channel>
<Computer>WIN-J9LVFC7736M.WDS.com</Computer>
<Security UserID="S-1-5-18"></Security>
</System>
<UserData><TptReadFileBuffer xmlns:auto-ns2="http://schemas.microsoft.com/win/2004/08/events" xmlns="Microsoft-Windows-Deployment-Services-Diagnostics"><FilePath>C:\RemoteInstall\Boot\Boot.SDI</FilePath>
<FileSize>3170304</FileSize>
<BufferType>0</BufferType>
</TptReadFileBuffer>
</UserData>
</Event>

<Event xmlns="http://schemas.microsoft.com/win/2004/08/events/event"><System><Provider Name="Microsoft-Windows-Deployment-Services-Diagnostics" Guid="{22b7d623-566b-47b6-9ba0-bc9da3c9d646}"></Provider>
<EventID Qualifiers="">57348</EventID>
<Version>0</Version>
<Level>4</Level>
<Task>0</Task>
<Opcode>0</Opcode>
<Keywords>0x8000000000000002</Keywords>
<TimeCreated SystemTime="2019-11-20 00:12:55.535603"></TimeCreated>
<EventRecordID>102173</EventRecordID>
<Correlation ActivityID="" RelatedActivityID=""></Correlation>
<Execution ProcessID="1824" ThreadID="1912"></Execution>
<Channel>Microsoft-Windows-Deployment-Services-Diagnostics/Operational</Channel>
<Computer>WIN-J9LVFC7736M.WDS.com</Computer>
<Security UserID="S-1-5-18"></Security>
</System>
<UserData><TptReadFileBuffer xmlns:auto-ns2="http://schemas.microsoft.com/win/2004/08/events" xmlns="Microsoft-Windows-Deployment-Services-Diagnostics"><FilePath>C:\RemoteInstall\Boot\x64\Images\boot.wim</FilePath>
<FileSize>272062425</FileSize>
<BufferType>0</BufferType>
</TptReadFileBuffer>
</UserData>
</Event>

<Event xmlns="http://schemas.microsoft.com/win/2004/08/events/event"><System><Provider Name="Microsoft-Windows-Deployment-Services-Diagnostics" Guid="{22b7d623-566b-47b6-9ba0-bc9da3c9d646}"></Provider>
<EventID Qualifiers="">4099</EventID>
<Version>0</Version>
<Level>4</Level>
<Task>101</Task>
<Opcode>1</Opcode>
<Keywords>0x8000000000000003</Keywords>
<TimeCreated SystemTime="2019-11-20 00:12:55.535603"></TimeCreated>
<EventRecordID>102174</EventRecordID>
<Correlation ActivityID="" RelatedActivityID=""></Correlation>
<Execution ProcessID="1824" ThreadID="1912"></Execution>
<Channel>Microsoft-Windows-Deployment-Services-Diagnostics/Operational</Channel>
<Computer>WIN-J9LVFC7736M.WDS.com</Computer>
<Security UserID="S-1-5-18"></Security>
</System>
<UserData><TFTPDownloadStartedEvent xmlns:auto-ns2="http://schemas.microsoft.com/win/2004/08/events" xmlns="Microsoft-Windows-Deployment-Services-Diagnostics"><ClientIP>192.168.0.100</ClientIP>
<FileName>\Boot\x64\Images\boot.wim</FileName>
<FileSize>272062425</FileSize>
<ClientPort>7049</ClientPort>
<ServerPort>52300</ServerPort>
<VariableWindow>True</VariableWindow>
</TFTPDownloadStartedEvent>
</UserData>
</Event>

<Event xmlns="http://schemas.microsoft.com/win/2004/08/events/event"><System><Provider Name="Microsoft-Windows-Deployment-Services-Diagnostics" Guid="{22b7d623-566b-47b6-9ba0-bc9da3c9d646}"></Provider>
<EventID Qualifiers="">4100</EventID>
<Version>0</Version>
<Level>4</Level>
<Task>101</Task>
<Opcode>2</Opcode>
<Keywords>0x8000000000000003</Keywords>
<TimeCreated SystemTime="2019-11-20 00:12:59.239119"></TimeCreated>
<EventRecordID>102175</EventRecordID>
<Correlation ActivityID="" RelatedActivityID=""></Correlation>
<Execution ProcessID="1824" ThreadID="1884"></Execution>
<Channel>Microsoft-Windows-Deployment-Services-Diagnostics/Operational</Channel>
<Computer>WIN-J9LVFC7736M.WDS.com</Computer>
<Security UserID="S-1-5-18"></Security>
</System>
<UserData><TFTPDownloadCompletedEvent xmlns:auto-ns2="http://schemas.microsoft.com/win/2004/08/events" xmlns="Microsoft-Windows-Deployment-Services-Diagnostics"><ClientIP>192.168.0.100</ClientIP>
<FileName>\Boot\x64\Images\boot.wim</FileName>
<FileSize>272062425</FileSize>
<ClientPort>7049</ClientPort>
<ServerPort>52300</ServerPort>
<VariableWindow>True</VariableWindow>
</TFTPDownloadCompletedEvent>
</UserData>
</Event>

<Event xmlns="http://schemas.microsoft.com/win/2004/08/events/event"><System><Provider Name="Microsoft-Windows-Deployment-Services-Diagnostics" Guid="{22b7d623-566b-47b6-9ba0-bc9da3c9d646}"></Provider>
<EventID Qualifiers="">57349</EventID>
<Version>0</Version>
<Level>4</Level>
<Task>0</Task>
<Opcode>0</Opcode>
<Keywords>0x8000000000000002</Keywords>
<TimeCreated SystemTime="2019-11-20 00:12:59.254745"></TimeCreated>
<EventRecordID>102176</EventRecordID>
<Correlation ActivityID="" RelatedActivityID=""></Correlation>
<Execution ProcessID="1824" ThreadID="1076"></Execution>
<Channel>Microsoft-Windows-Deployment-Services-Diagnostics/Operational</Channel>
<Computer>WIN-J9LVFC7736M.WDS.com</Computer>
<Security UserID="S-1-5-18"></Security>
</System>
<UserData><TptReadFileBuffer xmlns:auto-ns2="http://schemas.microsoft.com/win/2004/08/events" xmlns="Microsoft-Windows-Deployment-Services-Diagnostics"><FilePath>C:\RemoteInstall\Boot\x64\Images\boot.wim</FilePath>
<FileSize>272062425</FileSize>
<BufferType>0</BufferType>
</TptReadFileBuffer>
</UserData>
</Event>

<Event xmlns="http://schemas.microsoft.com/win/2004/08/events/event"><System><Provider Name="Microsoft-Windows-Deployment-Services-Diagnostics" Guid="{22b7d623-566b-47b6-9ba0-bc9da3c9d646}"></Provider>
<EventID Qualifiers="">4102</EventID>
<Version>0</Version>
<Level>4</Level>
<Task>201</Task>
<Opcode>1</Opcode>
<Keywords>0x8000000000000003</Keywords>
<TimeCreated SystemTime="2019-11-20 00:13:28.929747"></TimeCreated>
<EventRecordID>102177</EventRecordID>
<Correlation ActivityID="" RelatedActivityID=""></Correlation>
<Execution ProcessID="1824" ThreadID="1892"></Execution>
<Channel>Microsoft-Windows-Deployment-Services-Diagnostics/Operational</Channel>
<Computer>WIN-J9LVFC7736M.WDS.com</Computer>
<Security UserID="S-1-5-18"></Security>
</System>
<UserData><WdsClientStartedEvent xmlns:auto-ns2="http://schemas.microsoft.com/win/2004/08/events" xmlns="Microsoft-Windows-Deployment-Services-Diagnostics"><SessionGUID>{d89db4e8-826f-4441-b790-8a32f0f8cfde}</SessionGUID>
<ClientMAC>74-FE-48-2E-11-ED</ClientMAC>
<ClientIP>192.168.0.100</ClientIP>
<ClientDeviceID>{03000200-0400-0500-0006-000700080009}</ClientDeviceID>
<ClientArch>9</ClientArch>
<ClientVersion>10.0.14393.0</ClientVersion>
<WinPEVersion>10.0.14393.0</WinPEVersion>
</WdsClientStartedEvent>
</UserData>
</Event>

<Event xmlns="http://schemas.microsoft.com/win/2004/08/events/event"><System><Provider Name="Microsoft-Windows-Deployment-Services-Diagnostics" Guid="{22b7d623-566b-47b6-9ba0-bc9da3c9d646}"></Provider>
<EventID Qualifiers="">4103</EventID>
<Version>0</Version>
<Level>4</Level>
<Task>0</Task>
<Opcode>0</Opcode>
<Keywords>0x8000000000000002</Keywords>
<TimeCreated SystemTime="2019-11-20 00:13:38.602640"></TimeCreated>
<EventRecordID>102178</EventRecordID>
<Correlation ActivityID="" RelatedActivityID=""></Correlation>
<Execution ProcessID="1824" ThreadID="1892"></Execution>
<Channel>Microsoft-Windows-Deployment-Services-Diagnostics/Operational</Channel>
<Computer>WIN-J9LVFC7736M.WDS.com</Computer>
<Security UserID="S-1-5-18"></Security>
</System>
<UserData><WdsClientUnattendEvent xmlns:auto-ns2="http://schemas.microsoft.com/win/2004/08/events" xmlns="Microsoft-Windows-Deployment-Services-Diagnostics"><SessionGUID>{d89db4e8-826f-4441-b790-8a32f0f8cfde}</SessionGUID>
<ClientMAC>74-FE-48-2E-11-ED</ClientMAC>
<ClientIP>192.168.0.100</ClientIP>
<ClientDeviceID>{03000200-0400-0500-0006-000700080009}</ClientDeviceID>
<ClientArch>9</ClientArch>
<UnattendMode>True</UnattendMode>
</WdsClientUnattendEvent>
</UserData>
</Event>

<Event xmlns="http://schemas.microsoft.com/win/2004/08/events/event"><System><Provider Name="Microsoft-Windows-Deployment-Services-Diagnostics" Guid="{22b7d623-566b-47b6-9ba0-bc9da3c9d646}"></Provider>
<EventID Qualifiers="">4131</EventID>
<Version>0</Version>
<Level>4</Level>
<Task>0</Task>
<Opcode>0</Opcode>
<Keywords>0x8000000000000002</Keywords>
<TimeCreated SystemTime="2019-11-20 00:14:09.840309"></TimeCreated>
<EventRecordID>102179</EventRecordID>
<Correlation ActivityID="" RelatedActivityID=""></Correlation>
<Execution ProcessID="1824" ThreadID="1892"></Execution>
<Channel>Microsoft-Windows-Deployment-Services-Diagnostics/Operational</Channel>
<Computer>WIN-J9LVFC7736M.WDS.com</Computer>
<Security UserID="S-1-5-18"></Security>
</System>
<UserData><WdsClientImageSelected2Event xmlns:auto-ns2="http://schemas.microsoft.com/win/2004/08/events" xmlns="Microsoft-Windows-Deployment-Services-Diagnostics"><SessionGUID>{d89db4e8-826f-4441-b790-8a32f0f8cfde}</SessionGUID>
<ClientMAC>74-FE-48-2E-11-ED</ClientMAC>
<ClientIP>192.168.0.100</ClientIP>
<ClientDeviceID>{03000200-0400-0500-0006-000700080009}</ClientDeviceID>
<ClientArch>9</ClientArch>
<ImageGroup>Windows 10 installation of Legacy (64 bit)</ImageGroup>
<ImageName>Windows 10 installation of Legacy (64 bit)</ImageName>
<ImageLanguage>en-us</ImageLanguage>
<FullUserName>WDS\Administrator</FullUserName>
<ImageArch>9</ImageArch>
</WdsClientImageSelected2Event>
</UserData>
</Event>

<Event xmlns="http://schemas.microsoft.com/win/2004/08/events/event"><System><Provider Name="Microsoft-Windows-Deployment-Services-Diagnostics" Guid="{22b7d623-566b-47b6-9ba0-bc9da3c9d646}"></Provider>
<EventID Qualifiers="">4107</EventID>
<Version>0</Version>
<Level>3</Level>
<Task>0</Task>
<Opcode>0</Opcode>
<Keywords>0x8000000000000002</Keywords>
<TimeCreated SystemTime="2019-11-20 00:14:36.389980"></TimeCreated>
<EventRecordID>102180</EventRecordID>
<Correlation ActivityID="" RelatedActivityID=""></Correlation>
<Execution ProcessID="1824" ThreadID="1892"></Execution>
<Channel>Microsoft-Windows-Deployment-Services-Diagnostics/Operational</Channel>
<Computer>WIN-J9LVFC7736M.WDS.com</Computer>
<Security UserID="S-1-5-18"></Security>
</System>
<UserData><WdsClientImageTransferDowngradeEvent xmlns:auto-ns2="http://schemas.microsoft.com/win/2004/08/events" xmlns="Microsoft-Windows-Deployment-Services-Diagnostics"><SessionGUID>{d89db4e8-826f-4441-b790-8a32f0f8cfde}</SessionGUID>
<ClientMAC>74-FE-48-2E-11-ED</ClientMAC>
<ClientIP>192.168.0.100</ClientIP>
<ClientDeviceID>{03000200-0400-0500-0006-000700080009}</ClientDeviceID>
<ClientArch>9</ClientArch>
<ImageGroup>Windows 10 installation of Legacy (64 bit)</ImageGroup>
<ImageName>Windows 10 installation of Legacy (64 bit)</ImageName>
<MulticastNamespace></MulticastNamespace>
</WdsClientImageTransferDowngradeEvent>
</UserData>
</Event>

<Event xmlns="http://schemas.microsoft.com/win/2004/08/events/event"><System><Provider Name="Microsoft-Windows-Deployment-Services-Diagnostics" Guid="{22b7d623-566b-47b6-9ba0-bc9da3c9d646}"></Provider>
<EventID Qualifiers="">4108</EventID>
<Version>0</Version>
<Level>4</Level>
<Task>205</Task>
<Opcode>1</Opcode>
<Keywords>0x8000000000000003</Keywords>
<TimeCreated SystemTime="2019-11-20 00:14:36.811901"></TimeCreated>
<EventRecordID>102181</EventRecordID>
<Correlation ActivityID="" RelatedActivityID=""></Correlation>
<Execution ProcessID="1824" ThreadID="1892"></Execution>
<Channel>Microsoft-Windows-Deployment-Services-Diagnostics/Operational</Channel>
<Computer>WIN-J9LVFC7736M.WDS.com</Computer>
<Security UserID="S-1-5-18"></Security>
</System>
<UserData><WdsClientImageApplyStartEvent xmlns:auto-ns2="http://schemas.microsoft.com/win/2004/08/events" xmlns="Microsoft-Windows-Deployment-Services-Diagnostics"><SessionGUID>{d89db4e8-826f-4441-b790-8a32f0f8cfde}</SessionGUID>
<ClientMAC>74-FE-48-2E-11-ED</ClientMAC>
<ClientIP>192.168.0.100</ClientIP>
<ClientDeviceID>{03000200-0400-0500-0006-000700080009}</ClientDeviceID>
<ClientArch>9</ClientArch>
<ImageGroup>Windows 10 installation of Legacy (64 bit)</ImageGroup>
<ImageName>Windows 10 installation of Legacy (64 bit)</ImageName>
</WdsClientImageApplyStartEvent>
</UserData>
</Event>

<Event xmlns="http://schemas.microsoft.com/win/2004/08/events/event"><System><Provider Name="Microsoft-Windows-Deployment-Services-Diagnostics" Guid="{22b7d623-566b-47b6-9ba0-bc9da3c9d646}"></Provider>
<EventID Qualifiers="">4110</EventID>
<Version>0</Version>
<Level>4</Level>
<Task>207</Task>
<Opcode>1</Opcode>
<Keywords>0x8000000000000003</Keywords>
<TimeCreated SystemTime="2019-11-20 00:18:08.787363"></TimeCreated>
<EventRecordID>102182</EventRecordID>
<Correlation ActivityID="" RelatedActivityID=""></Correlation>
<Execution ProcessID="1824" ThreadID="1892"></Execution>
<Channel>Microsoft-Windows-Deployment-Services-Diagnostics/Operational</Channel>
<Computer>WIN-J9LVFC7736M.WDS.com</Computer>
<Security UserID="S-1-5-18"></Security>
</System>
<UserData><WdsClientPostApplyActionsStartEvent xmlns:auto-ns2="http://schemas.microsoft.com/win/2004/08/events" xmlns="Microsoft-Windows-Deployment-Services-Diagnostics"><SessionGUID>{d89db4e8-826f-4441-b790-8a32f0f8cfde}</SessionGUID>
<ClientMAC>74-FE-48-2E-11-ED</ClientMAC>
<ClientIP>192.168.0.100</ClientIP>
<ClientDeviceID>{03000200-0400-0500-0006-000700080009}</ClientDeviceID>
<ClientArch>9</ClientArch>
</WdsClientPostApplyActionsStartEvent>
</UserData>
</Event>

<Event xmlns="http://schemas.microsoft.com/win/2004/08/events/event"><System><Provider Name="Microsoft-Windows-Deployment-Services-Diagnostics" Guid="{22b7d623-566b-47b6-9ba0-bc9da3c9d646}"></Provider>
<EventID Qualifiers="">4111</EventID>
<Version>0</Version>
<Level>4</Level>
<Task>207</Task>
<Opcode>2</Opcode>
<Keywords>0x8000000000000003</Keywords>
<TimeCreated SystemTime="2019-11-20 00:18:08.912374"></TimeCreated>
<EventRecordID>102183</EventRecordID>
<Correlation ActivityID="" RelatedActivityID=""></Correlation>
<Execution ProcessID="1824" ThreadID="1892"></Execution>
<Channel>Microsoft-Windows-Deployment-Services-Diagnostics/Operational</Channel>
<Computer>WIN-J9LVFC7736M.WDS.com</Computer>
<Security UserID="S-1-5-18"></Security>
</System>
<UserData><WdsClientPostApplyActionsEndEvent xmlns:auto-ns2="http://schemas.microsoft.com/win/2004/08/events" xmlns="Microsoft-Windows-Deployment-Services-Diagnostics"><SessionGUID>{d89db4e8-826f-4441-b790-8a32f0f8cfde}</SessionGUID>
<ClientMAC>74-FE-48-2E-11-ED</ClientMAC>
<ClientIP>192.168.0.100</ClientIP>
<ClientDeviceID>{03000200-0400-0500-0006-000700080009}</ClientDeviceID>
<ClientArch>9</ClientArch>
</WdsClientPostApplyActionsEndEvent>
</UserData>
</Event>

<Event xmlns="http://schemas.microsoft.com/win/2004/08/events/event"><System><Provider Name="Microsoft-Windows-Deployment-Services-Diagnostics" Guid="{22b7d623-566b-47b6-9ba0-bc9da3c9d646}"></Provider>
<EventID Qualifiers="">4124</EventID>
<Version>0</Version>
<Level>4</Level>
<Task>209</Task>
<Opcode>1</Opcode>
<Keywords>0x8000000000000003</Keywords>
<TimeCreated SystemTime="2019-11-20 00:18:21.398067"></TimeCreated>
<EventRecordID>102184</EventRecordID>
<Correlation ActivityID="" RelatedActivityID=""></Correlation>
<Execution ProcessID="1824" ThreadID="1892"></Execution>
<Channel>Microsoft-Windows-Deployment-Services-Diagnostics/Operational</Channel>
<Computer>WIN-J9LVFC7736M.WDS.com</Computer>
<Security UserID="S-1-5-18"></Security>
</System>
<UserData><WdsClientOfflineDriverInjectionStartEvent xmlns:auto-ns2="http://schemas.microsoft.com/win/2004/08/events" xmlns="Microsoft-Windows-Deployment-Services-Diagnostics"><SessionGUID>{d89db4e8-826f-4441-b790-8a32f0f8cfde}</SessionGUID>
<ClientMAC>74-FE-48-2E-11-ED</ClientMAC>
<ClientIP>192.168.0.100</ClientIP>
<ClientDeviceID>{03000200-0400-0500-0006-000700080009}</ClientDeviceID>
<ClientArch>9</ClientArch>
</WdsClientOfflineDriverInjectionStartEvent>
</UserData>
</Event>

<Event xmlns="http://schemas.microsoft.com/win/2004/08/events/event"><System><Provider Name="Microsoft-Windows-Deployment-Services-Diagnostics" Guid="{22b7d623-566b-47b6-9ba0-bc9da3c9d646}"></Provider>
<EventID Qualifiers="">4125</EventID>
<Version>0</Version>
<Level>4</Level>
<Task>209</Task>
<Opcode>2</Opcode>
<Keywords>0x8000000000000003</Keywords>
<TimeCreated SystemTime="2019-11-20 00:18:21.663719"></TimeCreated>
<EventRecordID>102185</EventRecordID>
<Correlation ActivityID="" RelatedActivityID=""></Correlation>
<Execution ProcessID="1824" ThreadID="1892"></Execution>
<Channel>Microsoft-Windows-Deployment-Services-Diagnostics/Operational</Channel>
<Computer>WIN-J9LVFC7736M.WDS.com</Computer>
<Security UserID="S-1-5-18"></Security>
</System>
<UserData><WdsClientOfflineDriverInjectionEndEvent xmlns:auto-ns2="http://schemas.microsoft.com/win/2004/08/events" xmlns="Microsoft-Windows-Deployment-Services-Diagnostics"><SessionGUID>{d89db4e8-826f-4441-b790-8a32f0f8cfde}</SessionGUID>
<ClientMAC>74-FE-48-2E-11-ED</ClientMAC>
<ClientIP>192.168.0.100</ClientIP>
<ClientDeviceID>{03000200-0400-0500-0006-000700080009}</ClientDeviceID>
<ClientArch>9</ClientArch>
</WdsClientOfflineDriverInjectionEndEvent>
</UserData>
</Event>

<Event xmlns="http://schemas.microsoft.com/win/2004/08/events/event"><System><Provider Name="Microsoft-Windows-Deployment-Services-Diagnostics" Guid="{22b7d623-566b-47b6-9ba0-bc9da3c9d646}"></Provider>
<EventID Qualifiers="">57351</EventID>
<Version>0</Version>
<Level>4</Level>
<Task>0</Task>
<Opcode>0</Opcode>
<Keywords>0x8000000000000002</Keywords>
<TimeCreated SystemTime="2019-11-20 00:18:26.851767"></TimeCreated>
<EventRecordID>102186</EventRecordID>
<Correlation ActivityID="" RelatedActivityID=""></Correlation>
<Execution ProcessID="1824" ThreadID="7556"></Execution>
<Channel>Microsoft-Windows-Deployment-Services-Diagnostics/Operational</Channel>
<Computer>WIN-J9LVFC7736M.WDS.com</Computer>
<Security UserID="S-1-5-18"></Security>
</System>
<UserData><Endpoint xmlns:auto-ns2="http://schemas.microsoft.com/win/2004/08/events" xmlns="Microsoft-Windows-Deployment-Services-Diagnostics"><Type>0</Type>
<Provider>WDSTFTP</Provider>
<Address>50200</Address>
</Endpoint>
</UserData>
</Event>

<Event xmlns="http://schemas.microsoft.com/win/2004/08/events/event"><System><Provider Name="Microsoft-Windows-Deployment-Services-Diagnostics" Guid="{22b7d623-566b-47b6-9ba0-bc9da3c9d646}"></Provider>
<EventID Qualifiers="">57351</EventID>
<Version>0</Version>
<Level>4</Level>
<Task>0</Task>
<Opcode>0</Opcode>
<Keywords>0x8000000000000002</Keywords>
<TimeCreated SystemTime="2019-11-20 00:18:26.851767"></TimeCreated>
<EventRecordID>102187</EventRecordID>
<Correlation ActivityID="" RelatedActivityID=""></Correlation>
<Execution ProcessID="1824" ThreadID="7556"></Execution>
<Channel>Microsoft-Windows-Deployment-Services-Diagnostics/Operational</Channel>
<Computer>WIN-J9LVFC7736M.WDS.com</Computer>
<Security UserID="S-1-5-18"></Security>
</System>
<UserData><Endpoint xmlns:auto-ns2="http://schemas.microsoft.com/win/2004/08/events" xmlns="Microsoft-Windows-Deployment-Services-Diagnostics"><Type>0</Type>
<Provider>WDSTFTP</Provider>
<Address>50296</Address>
</Endpoint>
</UserData>
</Event>

<Event xmlns="http://schemas.microsoft.com/win/2004/08/events/event"><System><Provider Name="Microsoft-Windows-Deployment-Services-Diagnostics" Guid="{22b7d623-566b-47b6-9ba0-bc9da3c9d646}"></Provider>
<EventID Qualifiers="">57351</EventID>
<Version>0</Version>
<Level>4</Level>
<Task>0</Task>
<Opcode>0</Opcode>
<Keywords>0x8000000000000002</Keywords>
<TimeCreated SystemTime="2019-11-20 00:18:26.851767"></TimeCreated>
<EventRecordID>102188</EventRecordID>
<Correlation ActivityID="" RelatedActivityID=""></Correlation>
<Execution ProcessID="1824" ThreadID="7556"></Execution>
<Channel>Microsoft-Windows-Deployment-Services-Diagnostics/Operational</Channel>
<Computer>WIN-J9LVFC7736M.WDS.com</Computer>
<Security UserID="S-1-5-18"></Security>
</System>
<UserData><Endpoint xmlns:auto-ns2="http://schemas.microsoft.com/win/2004/08/events" xmlns="Microsoft-Windows-Deployment-Services-Diagnostics"><Type>0</Type>
<Provider>WDSTFTP</Provider>
<Address>50297</Address>
</Endpoint>
</UserData>
</Event>

<Event xmlns="http://schemas.microsoft.com/win/2004/08/events/event"><System><Provider Name="Microsoft-Windows-Deployment-Services-Diagnostics" Guid="{22b7d623-566b-47b6-9ba0-bc9da3c9d646}"></Provider>
<EventID Qualifiers="">57351</EventID>
<Version>0</Version>
<Level>4</Level>
<Task>0</Task>
<Opcode>0</Opcode>
<Keywords>0x8000000000000002</Keywords>
<TimeCreated SystemTime="2019-11-20 00:18:26.851767"></TimeCreated>
<EventRecordID>102189</EventRecordID>
<Correlation ActivityID="" RelatedActivityID=""></Correlation>
<Execution ProcessID="1824" ThreadID="7556"></Execution>
<Channel>Microsoft-Windows-Deployment-Services-Diagnostics/Operational</Channel>
<Computer>WIN-J9LVFC7736M.WDS.com</Computer>
<Security UserID="S-1-5-18"></Security>
</System>
<UserData><Endpoint xmlns:auto-ns2="http://schemas.microsoft.com/win/2004/08/events" xmlns="Microsoft-Windows-Deployment-Services-Diagnostics"><Type>0</Type>
<Provider>WDSTFTP</Provider>
<Address>50298</Address>
</Endpoint>
</UserData>
</Event>

<Event xmlns="http://schemas.microsoft.com/win/2004/08/events/event"><System><Provider Name="Microsoft-Windows-Deployment-Services-Diagnostics" Guid="{22b7d623-566b-47b6-9ba0-bc9da3c9d646}"></Provider>
<EventID Qualifiers="">57351</EventID>
<Version>0</Version>
<Level>4</Level>
<Task>0</Task>
<Opcode>0</Opcode>
<Keywords>0x8000000000000002</Keywords>
<TimeCreated SystemTime="2019-11-20 00:18:26.851767"></TimeCreated>
<EventRecordID>102190</EventRecordID>
<Correlation ActivityID="" RelatedActivityID=""></Correlation>
<Execution ProcessID="1824" ThreadID="7556"></Execution>
<Channel>Microsoft-Windows-Deployment-Services-Diagnostics/Operational</Channel>
<Computer>WIN-J9LVFC7736M.WDS.com</Computer>
<Security UserID="S-1-5-18"></Security>
</System>
<UserData><Endpoint xmlns:auto-ns2="http://schemas.microsoft.com/win/2004/08/events" xmlns="Microsoft-Windows-Deployment-Services-Diagnostics"><Type>0</Type>
<Provider>WDSTFTP</Provider>
<Address>50299</Address>
</Endpoint>
</UserData>
</Event>

<Event xmlns="http://schemas.microsoft.com/win/2004/08/events/event"><System><Provider Name="Microsoft-Windows-Deployment-Services-Diagnostics" Guid="{22b7d623-566b-47b6-9ba0-bc9da3c9d646}"></Provider>
<EventID Qualifiers="">57351</EventID>
<Version>0</Version>
<Level>4</Level>
<Task>0</Task>
<Opcode>0</Opcode>
<Keywords>0x8000000000000002</Keywords>
<TimeCreated SystemTime="2019-11-20 00:18:26.851767"></TimeCreated>
<EventRecordID>102191</EventRecordID>
<Correlation ActivityID="" RelatedActivityID=""></Correlation>
<Execution ProcessID="1824" ThreadID="7556"></Execution>
<Channel>Microsoft-Windows-Deployment-Services-Diagnostics/Operational</Channel>
<Computer>WIN-J9LVFC7736M.WDS.com</Computer>
<Security UserID="S-1-5-18"></Security>
</System>
<UserData><Endpoint xmlns:auto-ns2="http://schemas.microsoft.com/win/2004/08/events" xmlns="Microsoft-Windows-Deployment-Services-Diagnostics"><Type>0</Type>
<Provider>WDSTFTP</Provider>
<Address>50300</Address>
</Endpoint>
</UserData>
</Event>

<Event xmlns="http://schemas.microsoft.com/win/2004/08/events/event"><System><Provider Name="Microsoft-Windows-Deployment-Services-Diagnostics" Guid="{22b7d623-566b-47b6-9ba0-bc9da3c9d646}"></Provider>
<EventID Qualifiers="">57351</EventID>
<Version>0</Version>
<Level>4</Level>
<Task>0</Task>
<Opcode>0</Opcode>
<Keywords>0x8000000000000002</Keywords>
<TimeCreated SystemTime="2019-11-20 00:18:26.851767"></TimeCreated>
<EventRecordID>102192</EventRecordID>
<Correlation ActivityID="" RelatedActivityID=""></Correlation>
<Execution ProcessID="1824" ThreadID="7556"></Execution>
<Channel>Microsoft-Windows-Deployment-Services-Diagnostics/Operational</Channel>
<Computer>WIN-J9LVFC7736M.WDS.com</Computer>
<Security UserID="S-1-5-18"></Security>
</System>
<UserData><Endpoint xmlns:auto-ns2="http://schemas.microsoft.com/win/2004/08/events" xmlns="Microsoft-Windows-Deployment-Services-Diagnostics"><Type>0</Type>
<Provider>WDSTFTP</Provider>
<Address>50301</Address>
</Endpoint>
</UserData>
</Event>

<Event xmlns="http://schemas.microsoft.com/win/2004/08/events/event"><System><Provider Name="Microsoft-Windows-Deployment-Services-Diagnostics" Guid="{22b7d623-566b-47b6-9ba0-bc9da3c9d646}"></Provider>
<EventID Qualifiers="">57351</EventID>
<Version>0</Version>
<Level>4</Level>
<Task>0</Task>
<Opcode>0</Opcode>
<Keywords>0x8000000000000002</Keywords>
<TimeCreated SystemTime="2019-11-20 00:18:26.851767"></TimeCreated>
<EventRecordID>102193</EventRecordID>
<Correlation ActivityID="" RelatedActivityID=""></Correlation>
<Execution ProcessID="1824" ThreadID="7556"></Execution>
<Channel>Microsoft-Windows-Deployment-Services-Diagnostics/Operational</Channel>
<Computer>WIN-J9LVFC7736M.WDS.com</Computer>
<Security UserID="S-1-5-18"></Security>
</System>
<UserData><Endpoint xmlns:auto-ns2="http://schemas.microsoft.com/win/2004/08/events" xmlns="Microsoft-Windows-Deployment-Services-Diagnostics"><Type>0</Type>
<Provider>WDSTFTP</Provider>
<Address>50302</Address>
</Endpoint>
</UserData>
</Event>

<Event xmlns="http://schemas.microsoft.com/win/2004/08/events/event"><System><Provider Name="Microsoft-Windows-Deployment-Services-Diagnostics" Guid="{22b7d623-566b-47b6-9ba0-bc9da3c9d646}"></Provider>
<EventID Qualifiers="">57350</EventID>
<Version>0</Version>
<Level>4</Level>
<Task>0</Task>
<Opcode>0</Opcode>
<Keywords>0x8000000000000002</Keywords>
<TimeCreated SystemTime="2019-11-20 00:18:26.851767"></TimeCreated>
<EventRecordID>102194</EventRecordID>
<Correlation ActivityID="" RelatedActivityID=""></Correlation>
<Execution ProcessID="1824" ThreadID="7556"></Execution>
<Channel>Microsoft-Windows-Deployment-Services-Diagnostics/Operational</Channel>
<Computer>WIN-J9LVFC7736M.WDS.com</Computer>
<Security UserID="S-1-5-18"></Security>
</System>
<UserData><Endpoint xmlns:auto-ns2="http://schemas.microsoft.com/win/2004/08/events" xmlns="Microsoft-Windows-Deployment-Services-Diagnostics"><Type>0</Type>
<Provider>WDSTFTP</Provider>
<Address>53785</Address>
</Endpoint>
</UserData>
</Event>

<Event xmlns="http://schemas.microsoft.com/win/2004/08/events/event"><System><Provider Name="Microsoft-Windows-Deployment-Services-Diagnostics" Guid="{22b7d623-566b-47b6-9ba0-bc9da3c9d646}"></Provider>
<EventID Qualifiers="">57350</EventID>
<Version>0</Version>
<Level>4</Level>
<Task>0</Task>
<Opcode>0</Opcode>
<Keywords>0x8000000000000002</Keywords>
<TimeCreated SystemTime="2019-11-20 00:18:26.851767"></TimeCreated>
<EventRecordID>102195</EventRecordID>
<Correlation ActivityID="" RelatedActivityID=""></Correlation>
<Execution ProcessID="1824" ThreadID="7556"></Execution>
<Channel>Microsoft-Windows-Deployment-Services-Diagnostics/Operational</Channel>
<Computer>WIN-J9LVFC7736M.WDS.com</Computer>
<Security UserID="S-1-5-18"></Security>
</System>
<UserData><Endpoint xmlns:auto-ns2="http://schemas.microsoft.com/win/2004/08/events" xmlns="Microsoft-Windows-Deployment-Services-Diagnostics"><Type>0</Type>
<Provider>WDSTFTP</Provider>
<Address>53786</Address>
</Endpoint>
</UserData>
</Event>

<Event xmlns="http://schemas.microsoft.com/win/2004/08/events/event"><System><Provider Name="Microsoft-Windows-Deployment-Services-Diagnostics" Guid="{22b7d623-566b-47b6-9ba0-bc9da3c9d646}"></Provider>
<EventID Qualifiers="">57350</EventID>
<Version>0</Version>
<Level>4</Level>
<Task>0</Task>
<Opcode>0</Opcode>
<Keywords>0x8000000000000002</Keywords>
<TimeCreated SystemTime="2019-11-20 00:18:26.851767"></TimeCreated>
<EventRecordID>102196</EventRecordID>
<Correlation ActivityID="" RelatedActivityID=""></Correlation>
<Execution ProcessID="1824" ThreadID="7556"></Execution>
<Channel>Microsoft-Windows-Deployment-Services-Diagnostics/Operational</Channel>
<Computer>WIN-J9LVFC7736M.WDS.com</Computer>
<Security UserID="S-1-5-18"></Security>
</System>
<UserData><Endpoint xmlns:auto-ns2="http://schemas.microsoft.com/win/2004/08/events" xmlns="Microsoft-Windows-Deployment-Services-Diagnostics"><Type>0</Type>
<Provider>WDSTFTP</Provider>
<Address>53787</Address>
</Endpoint>
</UserData>
</Event>

<Event xmlns="http://schemas.microsoft.com/win/2004/08/events/event"><System><Provider Name="Microsoft-Windows-Deployment-Services-Diagnostics" Guid="{22b7d623-566b-47b6-9ba0-bc9da3c9d646}"></Provider>
<EventID Qualifiers="">57350</EventID>
<Version>0</Version>
<Level>4</Level>
<Task>0</Task>
<Opcode>0</Opcode>
<Keywords>0x8000000000000002</Keywords>
<TimeCreated SystemTime="2019-11-20 00:18:26.851767"></TimeCreated>
<EventRecordID>102197</EventRecordID>
<Correlation ActivityID="" RelatedActivityID=""></Correlation>
<Execution ProcessID="1824" ThreadID="7556"></Execution>
<Channel>Microsoft-Windows-Deployment-Services-Diagnostics/Operational</Channel>
<Computer>WIN-J9LVFC7736M.WDS.com</Computer>
<Security UserID="S-1-5-18"></Security>
</System>
<UserData><Endpoint xmlns:auto-ns2="http://schemas.microsoft.com/win/2004/08/events" xmlns="Microsoft-Windows-Deployment-Services-Diagnostics"><Type>0</Type>
<Provider>WDSTFTP</Provider>
<Address>53788</Address>
</Endpoint>
</UserData>
</Event>

<Event xmlns="http://schemas.microsoft.com/win/2004/08/events/event"><System><Provider Name="Microsoft-Windows-Deployment-Services-Diagnostics" Guid="{22b7d623-566b-47b6-9ba0-bc9da3c9d646}"></Provider>
<EventID Qualifiers="">57350</EventID>
<Version>0</Version>
<Level>4</Level>
<Task>0</Task>
<Opcode>0</Opcode>
<Keywords>0x8000000000000002</Keywords>
<TimeCreated SystemTime="2019-11-20 00:18:26.851767"></TimeCreated>
<EventRecordID>102198</EventRecordID>
<Correlation ActivityID="" RelatedActivityID=""></Correlation>
<Execution ProcessID="1824" ThreadID="7556"></Execution>
<Channel>Microsoft-Windows-Deployment-Services-Diagnostics/Operational</Channel>
<Computer>WIN-J9LVFC7736M.WDS.com</Computer>
<Security UserID="S-1-5-18"></Security>
</System>
<UserData><Endpoint xmlns:auto-ns2="http://schemas.microsoft.com/win/2004/08/events" xmlns="Microsoft-Windows-Deployment-Services-Diagnostics"><Type>0</Type>
<Provider>WDSTFTP</Provider>
<Address>53789</Address>
</Endpoint>
</UserData>
</Event>

<Event xmlns="http://schemas.microsoft.com/win/2004/08/events/event"><System><Provider Name="Microsoft-Windows-Deployment-Services-Diagnostics" Guid="{22b7d623-566b-47b6-9ba0-bc9da3c9d646}"></Provider>
<EventID Qualifiers="">57350</EventID>
<Version>0</Version>
<Level>4</Level>
<Task>0</Task>
<Opcode>0</Opcode>
<Keywords>0x8000000000000002</Keywords>
<TimeCreated SystemTime="2019-11-20 00:18:26.851767"></TimeCreated>
<EventRecordID>102199</EventRecordID>
<Correlation ActivityID="" RelatedActivityID=""></Correlation>
<Execution ProcessID="1824" ThreadID="7556"></Execution>
<Channel>Microsoft-Windows-Deployment-Services-Diagnostics/Operational</Channel>
<Computer>WIN-J9LVFC7736M.WDS.com</Computer>
<Security UserID="S-1-5-18"></Security>
</System>
<UserData><Endpoint xmlns:auto-ns2="http://schemas.microsoft.com/win/2004/08/events" xmlns="Microsoft-Windows-Deployment-Services-Diagnostics"><Type>0</Type>
<Provider>WDSTFTP</Provider>
<Address>53790</Address>
</Endpoint>
</UserData>
</Event>

<Event xmlns="http://schemas.microsoft.com/win/2004/08/events/event"><System><Provider Name="Microsoft-Windows-Deployment-Services-Diagnostics" Guid="{22b7d623-566b-47b6-9ba0-bc9da3c9d646}"></Provider>
<EventID Qualifiers="">57350</EventID>
<Version>0</Version>
<Level>4</Level>
<Task>0</Task>
<Opcode>0</Opcode>
<Keywords>0x8000000000000002</Keywords>
<TimeCreated SystemTime="2019-11-20 00:18:26.851767"></TimeCreated>
<EventRecordID>102200</EventRecordID>
<Correlation ActivityID="" RelatedActivityID=""></Correlation>
<Execution ProcessID="1824" ThreadID="7556"></Execution>
<Channel>Microsoft-Windows-Deployment-Services-Diagnostics/Operational</Channel>
<Computer>WIN-J9LVFC7736M.WDS.com</Computer>
<Security UserID="S-1-5-18"></Security>
</System>
<UserData><Endpoint xmlns:auto-ns2="http://schemas.microsoft.com/win/2004/08/events" xmlns="Microsoft-Windows-Deployment-Services-Diagnostics"><Type>0</Type>
<Provider>WDSTFTP</Provider>
<Address>53791</Address>
</Endpoint>
</UserData>
</Event>

<Event xmlns="http://schemas.microsoft.com/win/2004/08/events/event"><System><Provider Name="Microsoft-Windows-Deployment-Services-Diagnostics" Guid="{22b7d623-566b-47b6-9ba0-bc9da3c9d646}"></Provider>
<EventID Qualifiers="">57350</EventID>
<Version>0</Version>
<Level>4</Level>
<Task>0</Task>
<Opcode>0</Opcode>
<Keywords>0x8000000000000002</Keywords>
<TimeCreated SystemTime="2019-11-20 00:18:26.851767"></TimeCreated>
<EventRecordID>102201</EventRecordID>
<Correlation ActivityID="" RelatedActivityID=""></Correlation>
<Execution ProcessID="1824" ThreadID="7556"></Execution>
<Channel>Microsoft-Windows-Deployment-Services-Diagnostics/Operational</Channel>
<Computer>WIN-J9LVFC7736M.WDS.com</Computer>
<Security UserID="S-1-5-18"></Security>
</System>
<UserData><Endpoint xmlns:auto-ns2="http://schemas.microsoft.com/win/2004/08/events" xmlns="Microsoft-Windows-Deployment-Services-Diagnostics"><Type>0</Type>
<Provider>WDSTFTP</Provider>
<Address>53792</Address>
</Endpoint>
</UserData>
</Event>

<Event xmlns="http://schemas.microsoft.com/win/2004/08/events/event"><System><Provider Name="Microsoft-Windows-Deployment-Services-Diagnostics" Guid="{22b7d623-566b-47b6-9ba0-bc9da3c9d646}"></Provider>
<EventID Qualifiers="">4112</EventID>
<Version>0</Version>
<Level>4</Level>
<Task>201</Task>
<Opcode>2</Opcode>
<Keywords>0x8000000000000003</Keywords>
<TimeCreated SystemTime="2019-11-20 00:18:58.245699"></TimeCreated>
<EventRecordID>102202</EventRecordID>
<Correlation ActivityID="" RelatedActivityID=""></Correlation>
<Execution ProcessID="1824" ThreadID="1916"></Execution>
<Channel>Microsoft-Windows-Deployment-Services-Diagnostics/Operational</Channel>
<Computer>WIN-J9LVFC7736M.WDS.com</Computer>
<Security UserID="S-1-5-18"></Security>
</System>
<UserData><WdsClientEndEvent xmlns:auto-ns2="http://schemas.microsoft.com/win/2004/08/events" xmlns="Microsoft-Windows-Deployment-Services-Diagnostics"><SessionGUID>{d89db4e8-826f-4441-b790-8a32f0f8cfde}</SessionGUID>
<ClientMAC>74-FE-48-2E-11-ED</ClientMAC>
<ClientIP>192.168.0.100</ClientIP>
<ClientDeviceID>{03000200-0400-0500-0006-000700080009}</ClientDeviceID>
<ClientArch>9</ClientArch>
</WdsClientEndEvent>
</UserData>
</Event>

<Event xmlns="http://schemas.microsoft.com/win/2004/08/events/event"><System><Provider Name="Microsoft-Windows-Deployment-Services-Diagnostics" Guid="{22b7d623-566b-47b6-9ba0-bc9da3c9d646}"></Provider>
<EventID Qualifiers="">4096</EventID>
<Version>0</Version>
<Level>4</Level>
<Task>0</Task>
<Opcode>0</Opcode>
<Keywords>0x8000000000000002</Keywords>
<TimeCreated SystemTime="2019-11-20 00:19:32.811842"></TimeCreated>
<EventRecordID>102203</EventRecordID>
<Correlation ActivityID="" RelatedActivityID=""></Correlation>
<Execution ProcessID="1824" ThreadID="1900"></Execution>
<Channel>Microsoft-Windows-Deployment-Services-Diagnostics/Operational</Channel>
<Computer>WIN-J9LVFC7736M.WDS.com</Computer>
<Security UserID="S-1-5-18"></Security>
</System>
<UserData><PXEBootEvent xmlns:auto-ns2="http://schemas.microsoft.com/win/2004/08/events" xmlns="Microsoft-Windows-Deployment-Services-Diagnostics"><ClientHardwareAddress>74-FE-48-2E-11-ED</ClientHardwareAddress>
<ClientIP>192.168.0.100</ClientIP>
<ClientDeviceID>{03000200-0400-0500-0006-000700080009}</ClientDeviceID>
<ClientArch>1</ClientArch>
<ClientPrestaged>False</ClientPrestaged>
</PXEBootEvent>
</UserData>
</Event>

<Event xmlns="http://schemas.microsoft.com/win/2004/08/events/event"><System><Provider Name="Microsoft-Windows-Deployment-Services-Diagnostics" Guid="{22b7d623-566b-47b6-9ba0-bc9da3c9d646}"></Provider>
<EventID Qualifiers="">57348</EventID>
<Version>0</Version>
<Level>4</Level>
<Task>0</Task>
<Opcode>0</Opcode>
<Keywords>0x8000000000000002</Keywords>
<TimeCreated SystemTime="2019-11-20 00:19:32.811842"></TimeCreated>
<EventRecordID>102204</EventRecordID>
<Correlation ActivityID="" RelatedActivityID=""></Correlation>
<Execution ProcessID="1824" ThreadID="1900"></Execution>
<Channel>Microsoft-Windows-Deployment-Services-Diagnostics/Operational</Channel>
<Computer>WIN-J9LVFC7736M.WDS.com</Computer>
<Security UserID="S-1-5-18"></Security>
</System>
<UserData><TptReadFileBuffer xmlns:auto-ns2="http://schemas.microsoft.com/win/2004/08/events" xmlns="Microsoft-Windows-Deployment-Services-Diagnostics"><FilePath>C:\RemoteInstall\boot\x86\wdsnbp.com</FilePath>
<FileSize>30832</FileSize>
<BufferType>0</BufferType>
</TptReadFileBuffer>
</UserData>
</Event>

<Event xmlns="http://schemas.microsoft.com/win/2004/08/events/event"><System><Provider Name="Microsoft-Windows-Deployment-Services-Diagnostics" Guid="{22b7d623-566b-47b6-9ba0-bc9da3c9d646}"></Provider>
<EventID Qualifiers="">57348</EventID>
<Version>0</Version>
<Level>4</Level>
<Task>0</Task>
<Opcode>0</Opcode>
<Keywords>0x8000000000000002</Keywords>
<TimeCreated SystemTime="2019-11-20 00:19:32.811842"></TimeCreated>
<EventRecordID>102205</EventRecordID>
<Correlation ActivityID="" RelatedActivityID=""></Correlation>
<Execution ProcessID="1824" ThreadID="1900"></Execution>
<Channel>Microsoft-Windows-Deployment-Services-Diagnostics/Operational</Channel>
<Computer>WIN-J9LVFC7736M.WDS.com</Computer>
<Security UserID="S-1-5-18"></Security>
</System>
<UserData><TptReadFileBuffer xmlns:auto-ns2="http://schemas.microsoft.com/win/2004/08/events" xmlns="Microsoft-Windows-Deployment-Services-Diagnostics"><FilePath>C:\RemoteInstall\boot\x86\wdsnbp.com</FilePath>
<FileSize>30832</FileSize>
<BufferType>0</BufferType>
</TptReadFileBuffer>
</UserData>
</Event>

<Event xmlns="http://schemas.microsoft.com/win/2004/08/events/event"><System><Provider Name="Microsoft-Windows-Deployment-Services-Diagnostics" Guid="{22b7d623-566b-47b6-9ba0-bc9da3c9d646}"></Provider>
<EventID Qualifiers="">4099</EventID>
<Version>0</Version>
<Level>4</Level>
<Task>101</Task>
<Opcode>1</Opcode>
<Keywords>0x8000000000000003</Keywords>
<TimeCreated SystemTime="2019-11-20 00:19:32.811842"></TimeCreated>
<EventRecordID>102206</EventRecordID>
<Correlation ActivityID="" RelatedActivityID=""></Correlation>
<Execution ProcessID="1824" ThreadID="1900"></Execution>
<Channel>Microsoft-Windows-Deployment-Services-Diagnostics/Operational</Channel>
<Computer>WIN-J9LVFC7736M.WDS.com</Computer>
<Security UserID="S-1-5-18"></Security>
</System>
<UserData><TFTPDownloadStartedEvent xmlns:auto-ns2="http://schemas.microsoft.com/win/2004/08/events" xmlns="Microsoft-Windows-Deployment-Services-Diagnostics"><ClientIP>192.168.0.100</ClientIP>
<FileName>boot\x86\wdsnbp.com</FileName>
<FileSize>30832</FileSize>
<ClientPort>2071</ClientPort>
<ServerPort>53787</ServerPort>
<VariableWindow>False</VariableWindow>
</TFTPDownloadStartedEvent>
</UserData>
</Event>

<Event xmlns="http://schemas.microsoft.com/win/2004/08/events/event"><System><Provider Name="Microsoft-Windows-Deployment-Services-Diagnostics" Guid="{22b7d623-566b-47b6-9ba0-bc9da3c9d646}"></Provider>
<EventID Qualifiers="">4100</EventID>
<Version>0</Version>
<Level>4</Level>
<Task>101</Task>
<Opcode>2</Opcode>
<Keywords>0x8000000000000003</Keywords>
<TimeCreated SystemTime="2019-11-20 00:19:32.811842"></TimeCreated>
<EventRecordID>102207</EventRecordID>
<Correlation ActivityID="" RelatedActivityID=""></Correlation>
<Execution ProcessID="1824" ThreadID="1900"></Execution>
<Channel>Microsoft-Windows-Deployment-Services-Diagnostics/Operational</Channel>
<Computer>WIN-J9LVFC7736M.WDS.com</Computer>
<Security UserID="S-1-5-18"></Security>
</System>
<UserData><TFTPDownloadCompletedEvent xmlns:auto-ns2="http://schemas.microsoft.com/win/2004/08/events" xmlns="Microsoft-Windows-Deployment-Services-Diagnostics"><ClientIP>192.168.0.100</ClientIP>
<FileName>boot\x86\wdsnbp.com</FileName>
<FileSize>30832</FileSize>
<ClientPort>2071</ClientPort>
<ServerPort>53787</ServerPort>
<VariableWindow>False</VariableWindow>
</TFTPDownloadCompletedEvent>
</UserData>
</Event>

<Event xmlns="http://schemas.microsoft.com/win/2004/08/events/event"><System><Provider Name="Microsoft-Windows-Deployment-Services-Diagnostics" Guid="{22b7d623-566b-47b6-9ba0-bc9da3c9d646}"></Provider>
<EventID Qualifiers="">57349</EventID>
<Version>0</Version>
<Level>4</Level>
<Task>0</Task>
<Opcode>0</Opcode>
<Keywords>0x8000000000000002</Keywords>
<TimeCreated SystemTime="2019-11-20 00:19:32.827469"></TimeCreated>
<EventRecordID>102208</EventRecordID>
<Correlation ActivityID="" RelatedActivityID=""></Correlation>
<Execution ProcessID="1824" ThreadID="6300"></Execution>
<Channel>Microsoft-Windows-Deployment-Services-Diagnostics/Operational</Channel>
<Computer>WIN-J9LVFC7736M.WDS.com</Computer>
<Security UserID="S-1-5-18"></Security>
</System>
<UserData><TptReadFileBuffer xmlns:auto-ns2="http://schemas.microsoft.com/win/2004/08/events" xmlns="Microsoft-Windows-Deployment-Services-Diagnostics"><FilePath>C:\RemoteInstall\boot\x86\wdsnbp.com</FilePath>
<FileSize>30832</FileSize>
<BufferType>0</BufferType>
</TptReadFileBuffer>
</UserData>
</Event>

