<Event xmlns="http://schemas.microsoft.com/win/2004/08/events/event"><System><Provider Name="Microsoft-Windows-Deployment-Services-Diagnostics" Guid="{22b7d623-566b-47b6-9ba0-bc9da3c9d646}"></Provider>
<EventID Qualifiers="">4099</EventID>
<Version>0</Version>
<Level>4</Level>
<Task>101</Task>
<Opcode>1</Opcode>
<Keywords>0x8000000000000003</Keywords>
<TimeCreated SystemTime="2019-11-29 06:24:12.246536"></TimeCreated>
<EventRecordID>138032</EventRecordID>
<Correlation ActivityID="" RelatedActivityID=""></Correlation>
<Execution ProcessID="1896" ThreadID="1948"></Execution>
<Channel>Microsoft-Windows-Deployment-Services-Diagnostics/Operational</Channel>
<Computer>WIN-J9LVFC7736M.WDS.com</Computer>
<Security UserID="S-1-5-18"></Security>
</System>
<UserData><TFTPDownloadStartedEvent xmlns:auto-ns2="http://schemas.microsoft.com/win/2004/08/events" xmlns="Microsoft-Windows-Deployment-Services-Diagnostics"><ClientIP>192.168.0.100</ClientIP>
<FileName>\Tmp\x86x64{FC0B6DD7-BCC1-4F74-A280-490B0157C440}.bcd</FileName>
<FileSize>12288</FileSize>
<ClientPort>13423</ClientPort>
<ServerPort>54082</ServerPort>
<VariableWindow>False</VariableWindow>
</TFTPDownloadStartedEvent>
</UserData>
</Event>

<Event xmlns="http://schemas.microsoft.com/win/2004/08/events/event"><System><Provider Name="Microsoft-Windows-Deployment-Services-Diagnostics" Guid="{22b7d623-566b-47b6-9ba0-bc9da3c9d646}"></Provider>
<EventID Qualifiers="">4100</EventID>
<Version>0</Version>
<Level>4</Level>
<Task>101</Task>
<Opcode>2</Opcode>
<Keywords>0x8000000000000003</Keywords>
<TimeCreated SystemTime="2019-11-29 06:24:12.246536"></TimeCreated>
<EventRecordID>138033</EventRecordID>
<Correlation ActivityID="" RelatedActivityID=""></Correlation>
<Execution ProcessID="1896" ThreadID="1972"></Execution>
<Channel>Microsoft-Windows-Deployment-Services-Diagnostics/Operational</Channel>
<Computer>WIN-J9LVFC7736M.WDS.com</Computer>
<Security UserID="S-1-5-18"></Security>
</System>
<UserData><TFTPDownloadCompletedEvent xmlns:auto-ns2="http://schemas.microsoft.com/win/2004/08/events" xmlns="Microsoft-Windows-Deployment-Services-Diagnostics"><ClientIP>192.168.0.100</ClientIP>
<FileName>\Tmp\x86x64{FC0B6DD7-BCC1-4F74-A280-490B0157C440}.bcd</FileName>
<FileSize>12288</FileSize>
<ClientPort>13423</ClientPort>
<ServerPort>54082</ServerPort>
<VariableWindow>False</VariableWindow>
</TFTPDownloadCompletedEvent>
</UserData>
</Event>

<Event xmlns="http://schemas.microsoft.com/win/2004/08/events/event"><System><Provider Name="Microsoft-Windows-Deployment-Services-Diagnostics" Guid="{22b7d623-566b-47b6-9ba0-bc9da3c9d646}"></Provider>
<EventID Qualifiers="">57349</EventID>
<Version>0</Version>
<Level>4</Level>
<Task>0</Task>
<Opcode>0</Opcode>
<Keywords>0x8000000000000002</Keywords>
<TimeCreated SystemTime="2019-11-29 06:24:12.262165"></TimeCreated>
<EventRecordID>138034</EventRecordID>
<Correlation ActivityID="" RelatedActivityID=""></Correlation>
<Execution ProcessID="1896" ThreadID="3636"></Execution>
<Channel>Microsoft-Windows-Deployment-Services-Diagnostics/Operational</Channel>
<Computer>WIN-J9LVFC7736M.WDS.com</Computer>
<Security UserID="S-1-5-18"></Security>
</System>
<UserData><TptReadFileBuffer xmlns:auto-ns2="http://schemas.microsoft.com/win/2004/08/events" xmlns="Microsoft-Windows-Deployment-Services-Diagnostics"><FilePath>C:\RemoteInstall\Tmp\x86x64{FC0B6DD7-BCC1-4F74-A280-490B0157C440}.bcd</FilePath>
<FileSize>12288</FileSize>
<BufferType>0</BufferType>
</TptReadFileBuffer>
</UserData>
</Event>

<Event xmlns="http://schemas.microsoft.com/win/2004/08/events/event"><System><Provider Name="Microsoft-Windows-Deployment-Services-Diagnostics" Guid="{22b7d623-566b-47b6-9ba0-bc9da3c9d646}"></Provider>
<EventID Qualifiers="">57349</EventID>
<Version>0</Version>
<Level>4</Level>
<Task>0</Task>
<Opcode>0</Opcode>
<Keywords>0x8000000000000002</Keywords>
<TimeCreated SystemTime="2019-11-29 06:24:12.262165"></TimeCreated>
<EventRecordID>138035</EventRecordID>
<Correlation ActivityID="" RelatedActivityID=""></Correlation>
<Execution ProcessID="1896" ThreadID="3636"></Execution>
<Channel>Microsoft-Windows-Deployment-Services-Diagnostics/Operational</Channel>
<Computer>WIN-J9LVFC7736M.WDS.com</Computer>
<Security UserID="S-1-5-18"></Security>
</System>
<UserData><TptReadFileBuffer xmlns:auto-ns2="http://schemas.microsoft.com/win/2004/08/events" xmlns="Microsoft-Windows-Deployment-Services-Diagnostics"><FilePath>C:\RemoteInstall\Tmp\x86x64{FC0B6DD7-BCC1-4F74-A280-490B0157C440}.bcd</FilePath>
<FileSize>12288</FileSize>
<BufferType>0</BufferType>
</TptReadFileBuffer>
</UserData>
</Event>

<Event xmlns="http://schemas.microsoft.com/win/2004/08/events/event"><System><Provider Name="Microsoft-Windows-Deployment-Services-Diagnostics" Guid="{22b7d623-566b-47b6-9ba0-bc9da3c9d646}"></Provider>
<EventID Qualifiers="">57348</EventID>
<Version>0</Version>
<Level>4</Level>
<Task>0</Task>
<Opcode>0</Opcode>
<Keywords>0x8000000000000002</Keywords>
<TimeCreated SystemTime="2019-11-29 06:24:12.309042"></TimeCreated>
<EventRecordID>138036</EventRecordID>
<Correlation ActivityID="" RelatedActivityID=""></Correlation>
<Execution ProcessID="1896" ThreadID="1972"></Execution>
<Channel>Microsoft-Windows-Deployment-Services-Diagnostics/Operational</Channel>
<Computer>WIN-J9LVFC7736M.WDS.com</Computer>
<Security UserID="S-1-5-18"></Security>
</System>
<UserData><TptReadFileBuffer xmlns:auto-ns2="http://schemas.microsoft.com/win/2004/08/events" xmlns="Microsoft-Windows-Deployment-Services-Diagnostics"><FilePath>C:\RemoteInstall\Boot\x64\Images\boot.wim</FilePath>
<FileSize>272062425</FileSize>
<BufferType>0</BufferType>
</TptReadFileBuffer>
</UserData>
</Event>

<Event xmlns="http://schemas.microsoft.com/win/2004/08/events/event"><System><Provider Name="Microsoft-Windows-Deployment-Services-Diagnostics" Guid="{22b7d623-566b-47b6-9ba0-bc9da3c9d646}"></Provider>
<EventID Qualifiers="">57348</EventID>
<Version>0</Version>
<Level>4</Level>
<Task>0</Task>
<Opcode>0</Opcode>
<Keywords>0x8000000000000002</Keywords>
<TimeCreated SystemTime="2019-11-29 06:24:12.309042"></TimeCreated>
<EventRecordID>138037</EventRecordID>
<Correlation ActivityID="" RelatedActivityID=""></Correlation>
<Execution ProcessID="1896" ThreadID="1948"></Execution>
<Channel>Microsoft-Windows-Deployment-Services-Diagnostics/Operational</Channel>
<Computer>WIN-J9LVFC7736M.WDS.com</Computer>
<Security UserID="S-1-5-18"></Security>
</System>
<UserData><TptReadFileBuffer xmlns:auto-ns2="http://schemas.microsoft.com/win/2004/08/events" xmlns="Microsoft-Windows-Deployment-Services-Diagnostics"><FilePath>C:\RemoteInstall\Boot\Boot.SDI</FilePath>
<FileSize>3170304</FileSize>
<BufferType>0</BufferType>
</TptReadFileBuffer>
</UserData>
</Event>

<Event xmlns="http://schemas.microsoft.com/win/2004/08/events/event"><System><Provider Name="Microsoft-Windows-Deployment-Services-Diagnostics" Guid="{22b7d623-566b-47b6-9ba0-bc9da3c9d646}"></Provider>
<EventID Qualifiers="">57348</EventID>
<Version>0</Version>
<Level>4</Level>
<Task>0</Task>
<Opcode>0</Opcode>
<Keywords>0x8000000000000002</Keywords>
<TimeCreated SystemTime="2019-11-29 06:24:12.309042"></TimeCreated>
<EventRecordID>138038</EventRecordID>
<Correlation ActivityID="" RelatedActivityID=""></Correlation>
<Execution ProcessID="1896" ThreadID="1948"></Execution>
<Channel>Microsoft-Windows-Deployment-Services-Diagnostics/Operational</Channel>
<Computer>WIN-J9LVFC7736M.WDS.com</Computer>
<Security UserID="S-1-5-18"></Security>
</System>
<UserData><TptReadFileBuffer xmlns:auto-ns2="http://schemas.microsoft.com/win/2004/08/events" xmlns="Microsoft-Windows-Deployment-Services-Diagnostics"><FilePath>C:\RemoteInstall\Boot\fonts\wgl4_boot.ttf</FilePath>
<FileSize>49030</FileSize>
<BufferType>0</BufferType>
</TptReadFileBuffer>
</UserData>
</Event>

<Event xmlns="http://schemas.microsoft.com/win/2004/08/events/event"><System><Provider Name="Microsoft-Windows-Deployment-Services-Diagnostics" Guid="{22b7d623-566b-47b6-9ba0-bc9da3c9d646}"></Provider>
<EventID Qualifiers="">57348</EventID>
<Version>0</Version>
<Level>4</Level>
<Task>0</Task>
<Opcode>0</Opcode>
<Keywords>0x8000000000000002</Keywords>
<TimeCreated SystemTime="2019-11-29 06:24:12.309042"></TimeCreated>
<EventRecordID>138039</EventRecordID>
<Correlation ActivityID="" RelatedActivityID=""></Correlation>
<Execution ProcessID="1896" ThreadID="1972"></Execution>
<Channel>Microsoft-Windows-Deployment-Services-Diagnostics/Operational</Channel>
<Computer>WIN-J9LVFC7736M.WDS.com</Computer>
<Security UserID="S-1-5-18"></Security>
</System>
<UserData><TptReadFileBuffer xmlns:auto-ns2="http://schemas.microsoft.com/win/2004/08/events" xmlns="Microsoft-Windows-Deployment-Services-Diagnostics"><FilePath>C:\RemoteInstall\Boot\fonts\wgl4_boot.ttf</FilePath>
<FileSize>49030</FileSize>
<BufferType>0</BufferType>
</TptReadFileBuffer>
</UserData>
</Event>

<Event xmlns="http://schemas.microsoft.com/win/2004/08/events/event"><System><Provider Name="Microsoft-Windows-Deployment-Services-Diagnostics" Guid="{22b7d623-566b-47b6-9ba0-bc9da3c9d646}"></Provider>
<EventID Qualifiers="">4099</EventID>
<Version>0</Version>
<Level>4</Level>
<Task>101</Task>
<Opcode>1</Opcode>
<Keywords>0x8000000000000003</Keywords>
<TimeCreated SystemTime="2019-11-29 06:24:12.309042"></TimeCreated>
<EventRecordID>138040</EventRecordID>
<Correlation ActivityID="" RelatedActivityID=""></Correlation>
<Execution ProcessID="1896" ThreadID="1948"></Execution>
<Channel>Microsoft-Windows-Deployment-Services-Diagnostics/Operational</Channel>
<Computer>WIN-J9LVFC7736M.WDS.com</Computer>
<Security UserID="S-1-5-18"></Security>
</System>
<UserData><TFTPDownloadStartedEvent xmlns:auto-ns2="http://schemas.microsoft.com/win/2004/08/events" xmlns="Microsoft-Windows-Deployment-Services-Diagnostics"><ClientIP>192.168.0.100</ClientIP>
<FileName>\Boot\fonts\wgl4_boot.ttf</FileName>
<FileSize>49030</FileSize>
<ClientPort>13429</ClientPort>
<ServerPort>63331</ServerPort>
<VariableWindow>True</VariableWindow>
</TFTPDownloadStartedEvent>
</UserData>
</Event>

<Event xmlns="http://schemas.microsoft.com/win/2004/08/events/event"><System><Provider Name="Microsoft-Windows-Deployment-Services-Diagnostics" Guid="{22b7d623-566b-47b6-9ba0-bc9da3c9d646}"></Provider>
<EventID Qualifiers="">4100</EventID>
<Version>0</Version>
<Level>4</Level>
<Task>101</Task>
<Opcode>2</Opcode>
<Keywords>0x8000000000000003</Keywords>
<TimeCreated SystemTime="2019-11-29 06:24:12.309042"></TimeCreated>
<EventRecordID>138041</EventRecordID>
<Correlation ActivityID="" RelatedActivityID=""></Correlation>
<Execution ProcessID="1896" ThreadID="1988"></Execution>
<Channel>Microsoft-Windows-Deployment-Services-Diagnostics/Operational</Channel>
<Computer>WIN-J9LVFC7736M.WDS.com</Computer>
<Security UserID="S-1-5-18"></Security>
</System>
<UserData><TFTPDownloadCompletedEvent xmlns:auto-ns2="http://schemas.microsoft.com/win/2004/08/events" xmlns="Microsoft-Windows-Deployment-Services-Diagnostics"><ClientIP>192.168.0.100</ClientIP>
<FileName>\Boot\fonts\wgl4_boot.ttf</FileName>
<FileSize>49030</FileSize>
<ClientPort>13429</ClientPort>
<ServerPort>63331</ServerPort>
<VariableWindow>True</VariableWindow>
</TFTPDownloadCompletedEvent>
</UserData>
</Event>

<Event xmlns="http://schemas.microsoft.com/win/2004/08/events/event"><System><Provider Name="Microsoft-Windows-Deployment-Services-Diagnostics" Guid="{22b7d623-566b-47b6-9ba0-bc9da3c9d646}"></Provider>
<EventID Qualifiers="">57349</EventID>
<Version>0</Version>
<Level>4</Level>
<Task>0</Task>
<Opcode>0</Opcode>
<Keywords>0x8000000000000002</Keywords>
<TimeCreated SystemTime="2019-11-29 06:24:12.324669"></TimeCreated>
<EventRecordID>138042</EventRecordID>
<Correlation ActivityID="" RelatedActivityID=""></Correlation>
<Execution ProcessID="1896" ThreadID="3636"></Execution>
<Channel>Microsoft-Windows-Deployment-Services-Diagnostics/Operational</Channel>
<Computer>WIN-J9LVFC7736M.WDS.com</Computer>
<Security UserID="S-1-5-18"></Security>
</System>
<UserData><TptReadFileBuffer xmlns:auto-ns2="http://schemas.microsoft.com/win/2004/08/events" xmlns="Microsoft-Windows-Deployment-Services-Diagnostics"><FilePath>C:\RemoteInstall\Boot\fonts\wgl4_boot.ttf</FilePath>
<FileSize>49030</FileSize>
<BufferType>0</BufferType>
</TptReadFileBuffer>
</UserData>
</Event>

<Event xmlns="http://schemas.microsoft.com/win/2004/08/events/event"><System><Provider Name="Microsoft-Windows-Deployment-Services-Diagnostics" Guid="{22b7d623-566b-47b6-9ba0-bc9da3c9d646}"></Provider>
<EventID Qualifiers="">57349</EventID>
<Version>0</Version>
<Level>4</Level>
<Task>0</Task>
<Opcode>0</Opcode>
<Keywords>0x8000000000000002</Keywords>
<TimeCreated SystemTime="2019-11-29 06:24:12.324669"></TimeCreated>
<EventRecordID>138043</EventRecordID>
<Correlation ActivityID="" RelatedActivityID=""></Correlation>
<Execution ProcessID="1896" ThreadID="3636"></Execution>
<Channel>Microsoft-Windows-Deployment-Services-Diagnostics/Operational</Channel>
<Computer>WIN-J9LVFC7736M.WDS.com</Computer>
<Security UserID="S-1-5-18"></Security>
</System>
<UserData><TptReadFileBuffer xmlns:auto-ns2="http://schemas.microsoft.com/win/2004/08/events" xmlns="Microsoft-Windows-Deployment-Services-Diagnostics"><FilePath>C:\RemoteInstall\Boot\x64\Images\boot.wim</FilePath>
<FileSize>272062425</FileSize>
<BufferType>0</BufferType>
</TptReadFileBuffer>
</UserData>
</Event>

<Event xmlns="http://schemas.microsoft.com/win/2004/08/events/event"><System><Provider Name="Microsoft-Windows-Deployment-Services-Diagnostics" Guid="{22b7d623-566b-47b6-9ba0-bc9da3c9d646}"></Provider>
<EventID Qualifiers="">57349</EventID>
<Version>0</Version>
<Level>4</Level>
<Task>0</Task>
<Opcode>0</Opcode>
<Keywords>0x8000000000000002</Keywords>
<TimeCreated SystemTime="2019-11-29 06:24:12.324669"></TimeCreated>
<EventRecordID>138044</EventRecordID>
<Correlation ActivityID="" RelatedActivityID=""></Correlation>
<Execution ProcessID="1896" ThreadID="3636"></Execution>
<Channel>Microsoft-Windows-Deployment-Services-Diagnostics/Operational</Channel>
<Computer>WIN-J9LVFC7736M.WDS.com</Computer>
<Security UserID="S-1-5-18"></Security>
</System>
<UserData><TptReadFileBuffer xmlns:auto-ns2="http://schemas.microsoft.com/win/2004/08/events" xmlns="Microsoft-Windows-Deployment-Services-Diagnostics"><FilePath>C:\RemoteInstall\Boot\Boot.SDI</FilePath>
<FileSize>3170304</FileSize>
<BufferType>0</BufferType>
</TptReadFileBuffer>
</UserData>
</Event>

<Event xmlns="http://schemas.microsoft.com/win/2004/08/events/event"><System><Provider Name="Microsoft-Windows-Deployment-Services-Diagnostics" Guid="{22b7d623-566b-47b6-9ba0-bc9da3c9d646}"></Provider>
<EventID Qualifiers="">57349</EventID>
<Version>0</Version>
<Level>4</Level>
<Task>0</Task>
<Opcode>0</Opcode>
<Keywords>0x8000000000000002</Keywords>
<TimeCreated SystemTime="2019-11-29 06:24:12.324669"></TimeCreated>
<EventRecordID>138045</EventRecordID>
<Correlation ActivityID="" RelatedActivityID=""></Correlation>
<Execution ProcessID="1896" ThreadID="3636"></Execution>
<Channel>Microsoft-Windows-Deployment-Services-Diagnostics/Operational</Channel>
<Computer>WIN-J9LVFC7736M.WDS.com</Computer>
<Security UserID="S-1-5-18"></Security>
</System>
<UserData><TptReadFileBuffer xmlns:auto-ns2="http://schemas.microsoft.com/win/2004/08/events" xmlns="Microsoft-Windows-Deployment-Services-Diagnostics"><FilePath>C:\RemoteInstall\Boot\fonts\wgl4_boot.ttf</FilePath>
<FileSize>49030</FileSize>
<BufferType>0</BufferType>
</TptReadFileBuffer>
</UserData>
</Event>

<Event xmlns="http://schemas.microsoft.com/win/2004/08/events/event"><System><Provider Name="Microsoft-Windows-Deployment-Services-Diagnostics" Guid="{22b7d623-566b-47b6-9ba0-bc9da3c9d646}"></Provider>
<EventID Qualifiers="">57348</EventID>
<Version>0</Version>
<Level>4</Level>
<Task>0</Task>
<Opcode>0</Opcode>
<Keywords>0x8000000000000002</Keywords>
<TimeCreated SystemTime="2019-11-29 06:24:12.371550"></TimeCreated>
<EventRecordID>138046</EventRecordID>
<Correlation ActivityID="" RelatedActivityID=""></Correlation>
<Execution ProcessID="1896" ThreadID="1988"></Execution>
<Channel>Microsoft-Windows-Deployment-Services-Diagnostics/Operational</Channel>
<Computer>WIN-J9LVFC7736M.WDS.com</Computer>
<Security UserID="S-1-5-18"></Security>
</System>
<UserData><TptReadFileBuffer xmlns:auto-ns2="http://schemas.microsoft.com/win/2004/08/events" xmlns="Microsoft-Windows-Deployment-Services-Diagnostics"><FilePath>C:\RemoteInstall\Boot\Boot.SDI</FilePath>
<FileSize>3170304</FileSize>
<BufferType>0</BufferType>
</TptReadFileBuffer>
</UserData>
</Event>

<Event xmlns="http://schemas.microsoft.com/win/2004/08/events/event"><System><Provider Name="Microsoft-Windows-Deployment-Services-Diagnostics" Guid="{22b7d623-566b-47b6-9ba0-bc9da3c9d646}"></Provider>
<EventID Qualifiers="">4099</EventID>
<Version>0</Version>
<Level>4</Level>
<Task>101</Task>
<Opcode>1</Opcode>
<Keywords>0x8000000000000003</Keywords>
<TimeCreated SystemTime="2019-11-29 06:24:12.371550"></TimeCreated>
<EventRecordID>138047</EventRecordID>
<Correlation ActivityID="" RelatedActivityID=""></Correlation>
<Execution ProcessID="1896" ThreadID="1988"></Execution>
<Channel>Microsoft-Windows-Deployment-Services-Diagnostics/Operational</Channel>
<Computer>WIN-J9LVFC7736M.WDS.com</Computer>
<Security UserID="S-1-5-18"></Security>
</System>
<UserData><TFTPDownloadStartedEvent xmlns:auto-ns2="http://schemas.microsoft.com/win/2004/08/events" xmlns="Microsoft-Windows-Deployment-Services-Diagnostics"><ClientIP>192.168.0.100</ClientIP>
<FileName>\Boot\Boot.SDI</FileName>
<FileSize>3170304</FileSize>
<ClientPort>13430</ClientPort>
<ServerPort>63329</ServerPort>
<VariableWindow>True</VariableWindow>
</TFTPDownloadStartedEvent>
</UserData>
</Event>

<Event xmlns="http://schemas.microsoft.com/win/2004/08/events/event"><System><Provider Name="Microsoft-Windows-Deployment-Services-Diagnostics" Guid="{22b7d623-566b-47b6-9ba0-bc9da3c9d646}"></Provider>
<EventID Qualifiers="">4100</EventID>
<Version>0</Version>
<Level>4</Level>
<Task>101</Task>
<Opcode>2</Opcode>
<Keywords>0x8000000000000003</Keywords>
<TimeCreated SystemTime="2019-11-29 06:24:12.527817"></TimeCreated>
<EventRecordID>138048</EventRecordID>
<Correlation ActivityID="" RelatedActivityID=""></Correlation>
<Execution ProcessID="1896" ThreadID="1972"></Execution>
<Channel>Microsoft-Windows-Deployment-Services-Diagnostics/Operational</Channel>
<Computer>WIN-J9LVFC7736M.WDS.com</Computer>
<Security UserID="S-1-5-18"></Security>
</System>
<UserData><TFTPDownloadCompletedEvent xmlns:auto-ns2="http://schemas.microsoft.com/win/2004/08/events" xmlns="Microsoft-Windows-Deployment-Services-Diagnostics"><ClientIP>192.168.0.100</ClientIP>
<FileName>\Boot\Boot.SDI</FileName>
<FileSize>3170304</FileSize>
<ClientPort>13430</ClientPort>
<ServerPort>63329</ServerPort>
<VariableWindow>True</VariableWindow>
</TFTPDownloadCompletedEvent>
</UserData>
</Event>

<Event xmlns="http://schemas.microsoft.com/win/2004/08/events/event"><System><Provider Name="Microsoft-Windows-Deployment-Services-Diagnostics" Guid="{22b7d623-566b-47b6-9ba0-bc9da3c9d646}"></Provider>
<EventID Qualifiers="">57349</EventID>
<Version>0</Version>
<Level>4</Level>
<Task>0</Task>
<Opcode>0</Opcode>
<Keywords>0x8000000000000002</Keywords>
<TimeCreated SystemTime="2019-11-29 06:24:12.543444"></TimeCreated>
<EventRecordID>138049</EventRecordID>
<Correlation ActivityID="" RelatedActivityID=""></Correlation>
<Execution ProcessID="1896" ThreadID="3636"></Execution>
<Channel>Microsoft-Windows-Deployment-Services-Diagnostics/Operational</Channel>
<Computer>WIN-J9LVFC7736M.WDS.com</Computer>
<Security UserID="S-1-5-18"></Security>
</System>
<UserData><TptReadFileBuffer xmlns:auto-ns2="http://schemas.microsoft.com/win/2004/08/events" xmlns="Microsoft-Windows-Deployment-Services-Diagnostics"><FilePath>C:\RemoteInstall\Boot\Boot.SDI</FilePath>
<FileSize>3170304</FileSize>
<BufferType>0</BufferType>
</TptReadFileBuffer>
</UserData>
</Event>

<Event xmlns="http://schemas.microsoft.com/win/2004/08/events/event"><System><Provider Name="Microsoft-Windows-Deployment-Services-Diagnostics" Guid="{22b7d623-566b-47b6-9ba0-bc9da3c9d646}"></Provider>
<EventID Qualifiers="">57348</EventID>
<Version>0</Version>
<Level>4</Level>
<Task>0</Task>
<Opcode>0</Opcode>
<Keywords>0x8000000000000002</Keywords>
<TimeCreated SystemTime="2019-11-29 06:24:12.746590"></TimeCreated>
<EventRecordID>138050</EventRecordID>
<Correlation ActivityID="" RelatedActivityID=""></Correlation>
<Execution ProcessID="1896" ThreadID="1972"></Execution>
<Channel>Microsoft-Windows-Deployment-Services-Diagnostics/Operational</Channel>
<Computer>WIN-J9LVFC7736M.WDS.com</Computer>
<Security UserID="S-1-5-18"></Security>
</System>
<UserData><TptReadFileBuffer xmlns:auto-ns2="http://schemas.microsoft.com/win/2004/08/events" xmlns="Microsoft-Windows-Deployment-Services-Diagnostics"><FilePath>C:\RemoteInstall\Boot\x64\Images\boot.wim</FilePath>
<FileSize>272062425</FileSize>
<BufferType>0</BufferType>
</TptReadFileBuffer>
</UserData>
</Event>

<Event xmlns="http://schemas.microsoft.com/win/2004/08/events/event"><System><Provider Name="Microsoft-Windows-Deployment-Services-Diagnostics" Guid="{22b7d623-566b-47b6-9ba0-bc9da3c9d646}"></Provider>
<EventID Qualifiers="">4099</EventID>
<Version>0</Version>
<Level>4</Level>
<Task>101</Task>
<Opcode>1</Opcode>
<Keywords>0x8000000000000003</Keywords>
<TimeCreated SystemTime="2019-11-29 06:24:12.746590"></TimeCreated>
<EventRecordID>138051</EventRecordID>
<Correlation ActivityID="" RelatedActivityID=""></Correlation>
<Execution ProcessID="1896" ThreadID="1972"></Execution>
<Channel>Microsoft-Windows-Deployment-Services-Diagnostics/Operational</Channel>
<Computer>WIN-J9LVFC7736M.WDS.com</Computer>
<Security UserID="S-1-5-18"></Security>
</System>
<UserData><TFTPDownloadStartedEvent xmlns:auto-ns2="http://schemas.microsoft.com/win/2004/08/events" xmlns="Microsoft-Windows-Deployment-Services-Diagnostics"><ClientIP>192.168.0.100</ClientIP>
<FileName>\Boot\x64\Images\boot.wim</FileName>
<FileSize>272062425</FileSize>
<ClientPort>13431</ClientPort>
<ServerPort>63334</ServerPort>
<VariableWindow>True</VariableWindow>
</TFTPDownloadStartedEvent>
</UserData>
</Event>

<Event xmlns="http://schemas.microsoft.com/win/2004/08/events/event"><System><Provider Name="Microsoft-Windows-Deployment-Services-Diagnostics" Guid="{22b7d623-566b-47b6-9ba0-bc9da3c9d646}"></Provider>
<EventID Qualifiers="">4100</EventID>
<Version>0</Version>
<Level>4</Level>
<Task>101</Task>
<Opcode>2</Opcode>
<Keywords>0x8000000000000003</Keywords>
<TimeCreated SystemTime="2019-11-29 06:24:16.387604"></TimeCreated>
<EventRecordID>138052</EventRecordID>
<Correlation ActivityID="" RelatedActivityID=""></Correlation>
<Execution ProcessID="1896" ThreadID="1928"></Execution>
<Channel>Microsoft-Windows-Deployment-Services-Diagnostics/Operational</Channel>
<Computer>WIN-J9LVFC7736M.WDS.com</Computer>
<Security UserID="S-1-5-18"></Security>
</System>
<UserData><TFTPDownloadCompletedEvent xmlns:auto-ns2="http://schemas.microsoft.com/win/2004/08/events" xmlns="Microsoft-Windows-Deployment-Services-Diagnostics"><ClientIP>192.168.0.100</ClientIP>
<FileName>\Boot\x64\Images\boot.wim</FileName>
<FileSize>272062425</FileSize>
<ClientPort>13431</ClientPort>
<ServerPort>63334</ServerPort>
<VariableWindow>True</VariableWindow>
</TFTPDownloadCompletedEvent>
</UserData>
</Event>

<Event xmlns="http://schemas.microsoft.com/win/2004/08/events/event"><System><Provider Name="Microsoft-Windows-Deployment-Services-Diagnostics" Guid="{22b7d623-566b-47b6-9ba0-bc9da3c9d646}"></Provider>
<EventID Qualifiers="">57349</EventID>
<Version>0</Version>
<Level>4</Level>
<Task>0</Task>
<Opcode>0</Opcode>
<Keywords>0x8000000000000002</Keywords>
<TimeCreated SystemTime="2019-11-29 06:24:16.403231"></TimeCreated>
<EventRecordID>138053</EventRecordID>
<Correlation ActivityID="" RelatedActivityID=""></Correlation>
<Execution ProcessID="1896" ThreadID="3636"></Execution>
<Channel>Microsoft-Windows-Deployment-Services-Diagnostics/Operational</Channel>
<Computer>WIN-J9LVFC7736M.WDS.com</Computer>
<Security UserID="S-1-5-18"></Security>
</System>
<UserData><TptReadFileBuffer xmlns:auto-ns2="http://schemas.microsoft.com/win/2004/08/events" xmlns="Microsoft-Windows-Deployment-Services-Diagnostics"><FilePath>C:\RemoteInstall\Boot\x64\Images\boot.wim</FilePath>
<FileSize>272062425</FileSize>
<BufferType>0</BufferType>
</TptReadFileBuffer>
</UserData>
</Event>

<Event xmlns="http://schemas.microsoft.com/win/2004/08/events/event"><System><Provider Name="Microsoft-Windows-Deployment-Services-Diagnostics" Guid="{22b7d623-566b-47b6-9ba0-bc9da3c9d646}"></Provider>
<EventID Qualifiers="">4102</EventID>
<Version>0</Version>
<Level>4</Level>
<Task>201</Task>
<Opcode>1</Opcode>
<Keywords>0x8000000000000003</Keywords>
<TimeCreated SystemTime="2019-11-29 06:24:41.484035"></TimeCreated>
<EventRecordID>138054</EventRecordID>
<Correlation ActivityID="" RelatedActivityID=""></Correlation>
<Execution ProcessID="1896" ThreadID="1964"></Execution>
<Channel>Microsoft-Windows-Deployment-Services-Diagnostics/Operational</Channel>
<Computer>WIN-J9LVFC7736M.WDS.com</Computer>
<Security UserID="S-1-5-18"></Security>
</System>
<UserData><WdsClientStartedEvent xmlns:auto-ns2="http://schemas.microsoft.com/win/2004/08/events" xmlns="Microsoft-Windows-Deployment-Services-Diagnostics"><SessionGUID>{6ebbd6ca-751e-4698-a784-b8d862971ce6}</SessionGUID>
<ClientMAC>74-FE-48-2E-11-ED</ClientMAC>
<ClientIP>192.168.0.100</ClientIP>
<ClientDeviceID>{03000200-0400-0500-0006-000700080009}</ClientDeviceID>
<ClientArch>9</ClientArch>
<ClientVersion>10.0.14393.0</ClientVersion>
<WinPEVersion>10.0.14393.0</WinPEVersion>
</WdsClientStartedEvent>
</UserData>
</Event>

<Event xmlns="http://schemas.microsoft.com/win/2004/08/events/event"><System><Provider Name="Microsoft-Windows-Deployment-Services-Diagnostics" Guid="{22b7d623-566b-47b6-9ba0-bc9da3c9d646}"></Provider>
<EventID Qualifiers="">4103</EventID>
<Version>0</Version>
<Level>4</Level>
<Task>0</Task>
<Opcode>0</Opcode>
<Keywords>0x8000000000000002</Keywords>
<TimeCreated SystemTime="2019-11-29 06:24:51.078810"></TimeCreated>
<EventRecordID>138055</EventRecordID>
<Correlation ActivityID="" RelatedActivityID=""></Correlation>
<Execution ProcessID="1896" ThreadID="1964"></Execution>
<Channel>Microsoft-Windows-Deployment-Services-Diagnostics/Operational</Channel>
<Computer>WIN-J9LVFC7736M.WDS.com</Computer>
<Security UserID="S-1-5-18"></Security>
</System>
<UserData><WdsClientUnattendEvent xmlns:auto-ns2="http://schemas.microsoft.com/win/2004/08/events" xmlns="Microsoft-Windows-Deployment-Services-Diagnostics"><SessionGUID>{6ebbd6ca-751e-4698-a784-b8d862971ce6}</SessionGUID>
<ClientMAC>74-FE-48-2E-11-ED</ClientMAC>
<ClientIP>192.168.0.100</ClientIP>
<ClientDeviceID>{03000200-0400-0500-0006-000700080009}</ClientDeviceID>
<ClientArch>9</ClientArch>
<UnattendMode>True</UnattendMode>
</WdsClientUnattendEvent>
</UserData>
</Event>

<Event xmlns="http://schemas.microsoft.com/win/2004/08/events/event"><System><Provider Name="Microsoft-Windows-Deployment-Services-Diagnostics" Guid="{22b7d623-566b-47b6-9ba0-bc9da3c9d646}"></Provider>
<EventID Qualifiers="">4131</EventID>
<Version>0</Version>
<Level>4</Level>
<Task>0</Task>
<Opcode>0</Opcode>
<Keywords>0x8000000000000002</Keywords>
<TimeCreated SystemTime="2019-11-29 06:24:51.188198"></TimeCreated>
<EventRecordID>138056</EventRecordID>
<Correlation ActivityID="" RelatedActivityID=""></Correlation>
<Execution ProcessID="1896" ThreadID="1964"></Execution>
<Channel>Microsoft-Windows-Deployment-Services-Diagnostics/Operational</Channel>
<Computer>WIN-J9LVFC7736M.WDS.com</Computer>
<Security UserID="S-1-5-18"></Security>
</System>
<UserData><WdsClientImageSelected2Event xmlns:auto-ns2="http://schemas.microsoft.com/win/2004/08/events" xmlns="Microsoft-Windows-Deployment-Services-Diagnostics"><SessionGUID>{6ebbd6ca-751e-4698-a784-b8d862971ce6}</SessionGUID>
<ClientMAC>74-FE-48-2E-11-ED</ClientMAC>
<ClientIP>192.168.0.100</ClientIP>
<ClientDeviceID>{03000200-0400-0500-0006-000700080009}</ClientDeviceID>
<ClientArch>9</ClientArch>
<ImageGroup>Windows 10 installation of Legacy (64 bit)</ImageGroup>
<ImageName>Windows 10 installation of Legacy (64 bit)</ImageName>
<ImageLanguage>en-us</ImageLanguage>
<FullUserName>WDS\Administrator</FullUserName>
<ImageArch>9</ImageArch>
</WdsClientImageSelected2Event>
</UserData>
</Event>

<Event xmlns="http://schemas.microsoft.com/win/2004/08/events/event"><System><Provider Name="Microsoft-Windows-Deployment-Services-Diagnostics" Guid="{22b7d623-566b-47b6-9ba0-bc9da3c9d646}"></Provider>
<EventID Qualifiers="">4107</EventID>
<Version>0</Version>
<Level>3</Level>
<Task>0</Task>
<Opcode>0</Opcode>
<Keywords>0x8000000000000002</Keywords>
<TimeCreated SystemTime="2019-11-29 06:25:17.784788"></TimeCreated>
<EventRecordID>138057</EventRecordID>
<Correlation ActivityID="" RelatedActivityID=""></Correlation>
<Execution ProcessID="1896" ThreadID="1964"></Execution>
<Channel>Microsoft-Windows-Deployment-Services-Diagnostics/Operational</Channel>
<Computer>WIN-J9LVFC7736M.WDS.com</Computer>
<Security UserID="S-1-5-18"></Security>
</System>
<UserData><WdsClientImageTransferDowngradeEvent xmlns:auto-ns2="http://schemas.microsoft.com/win/2004/08/events" xmlns="Microsoft-Windows-Deployment-Services-Diagnostics"><SessionGUID>{6ebbd6ca-751e-4698-a784-b8d862971ce6}</SessionGUID>
<ClientMAC>74-FE-48-2E-11-ED</ClientMAC>
<ClientIP>192.168.0.100</ClientIP>
<ClientDeviceID>{03000200-0400-0500-0006-000700080009}</ClientDeviceID>
<ClientArch>9</ClientArch>
<ImageGroup>Windows 10 installation of Legacy (64 bit)</ImageGroup>
<ImageName>Windows 10 installation of Legacy (64 bit)</ImageName>
<MulticastNamespace></MulticastNamespace>
</WdsClientImageTransferDowngradeEvent>
</UserData>
</Event>

<Event xmlns="http://schemas.microsoft.com/win/2004/08/events/event"><System><Provider Name="Microsoft-Windows-Deployment-Services-Diagnostics" Guid="{22b7d623-566b-47b6-9ba0-bc9da3c9d646}"></Provider>
<EventID Qualifiers="">4108</EventID>
<Version>0</Version>
<Level>4</Level>
<Task>205</Task>
<Opcode>1</Opcode>
<Keywords>0x8000000000000003</Keywords>
<TimeCreated SystemTime="2019-11-29 06:25:18.269215"></TimeCreated>
<EventRecordID>138058</EventRecordID>
<Correlation ActivityID="" RelatedActivityID=""></Correlation>
<Execution ProcessID="1896" ThreadID="1964"></Execution>
<Channel>Microsoft-Windows-Deployment-Services-Diagnostics/Operational</Channel>
<Computer>WIN-J9LVFC7736M.WDS.com</Computer>
<Security UserID="S-1-5-18"></Security>
</System>
<UserData><WdsClientImageApplyStartEvent xmlns:auto-ns2="http://schemas.microsoft.com/win/2004/08/events" xmlns="Microsoft-Windows-Deployment-Services-Diagnostics"><SessionGUID>{6ebbd6ca-751e-4698-a784-b8d862971ce6}</SessionGUID>
<ClientMAC>74-FE-48-2E-11-ED</ClientMAC>
<ClientIP>192.168.0.100</ClientIP>
<ClientDeviceID>{03000200-0400-0500-0006-000700080009}</ClientDeviceID>
<ClientArch>9</ClientArch>
<ImageGroup>Windows 10 installation of Legacy (64 bit)</ImageGroup>
<ImageName>Windows 10 installation of Legacy (64 bit)</ImageName>
</WdsClientImageApplyStartEvent>
</UserData>
</Event>

<Event xmlns="http://schemas.microsoft.com/win/2004/08/events/event"><System><Provider Name="Microsoft-Windows-Deployment-Services-Diagnostics" Guid="{22b7d623-566b-47b6-9ba0-bc9da3c9d646}"></Provider>
<EventID Qualifiers="">4109</EventID>
<Version>0</Version>
<Level>4</Level>
<Task>205</Task>
<Opcode>2</Opcode>
<Keywords>0x8000000000000003</Keywords>
<TimeCreated SystemTime="2019-11-29 06:27:03.233555"></TimeCreated>
<EventRecordID>138059</EventRecordID>
<Correlation ActivityID="" RelatedActivityID=""></Correlation>
<Execution ProcessID="1896" ThreadID="1928"></Execution>
<Channel>Microsoft-Windows-Deployment-Services-Diagnostics/Operational</Channel>
<Computer>WIN-J9LVFC7736M.WDS.com</Computer>
<Security UserID="S-1-5-18"></Security>
</System>
<UserData><WdsClientImageApplyEndEvent xmlns:auto-ns2="http://schemas.microsoft.com/win/2004/08/events" xmlns="Microsoft-Windows-Deployment-Services-Diagnostics"><SessionGUID>{6ebbd6ca-751e-4698-a784-b8d862971ce6}</SessionGUID>
<ClientMAC>74-FE-48-2E-11-ED</ClientMAC>
<ClientIP>192.168.0.100</ClientIP>
<ClientDeviceID>{03000200-0400-0500-0006-000700080009}</ClientDeviceID>
<ClientArch>9</ClientArch>
<ImageGroup>Windows 10 installation of Legacy (64 bit)</ImageGroup>
<ImageName>Windows 10 installation of Legacy (64 bit)</ImageName>
</WdsClientImageApplyEndEvent>
</UserData>
</Event>

<Event xmlns="http://schemas.microsoft.com/win/2004/08/events/event"><System><Provider Name="Microsoft-Windows-Deployment-Services-Diagnostics" Guid="{22b7d623-566b-47b6-9ba0-bc9da3c9d646}"></Provider>
<EventID Qualifiers="">4110</EventID>
<Version>0</Version>
<Level>4</Level>
<Task>207</Task>
<Opcode>1</Opcode>
<Keywords>0x8000000000000003</Keywords>
<TimeCreated SystemTime="2019-11-29 06:27:03.983635"></TimeCreated>
<EventRecordID>138060</EventRecordID>
<Correlation ActivityID="" RelatedActivityID=""></Correlation>
<Execution ProcessID="1896" ThreadID="1928"></Execution>
<Channel>Microsoft-Windows-Deployment-Services-Diagnostics/Operational</Channel>
<Computer>WIN-J9LVFC7736M.WDS.com</Computer>
<Security UserID="S-1-5-18"></Security>
</System>
<UserData><WdsClientPostApplyActionsStartEvent xmlns:auto-ns2="http://schemas.microsoft.com/win/2004/08/events" xmlns="Microsoft-Windows-Deployment-Services-Diagnostics"><SessionGUID>{6ebbd6ca-751e-4698-a784-b8d862971ce6}</SessionGUID>
<ClientMAC>74-FE-48-2E-11-ED</ClientMAC>
<ClientIP>192.168.0.100</ClientIP>
<ClientDeviceID>{03000200-0400-0500-0006-000700080009}</ClientDeviceID>
<ClientArch>9</ClientArch>
</WdsClientPostApplyActionsStartEvent>
</UserData>
</Event>

<Event xmlns="http://schemas.microsoft.com/win/2004/08/events/event"><System><Provider Name="Microsoft-Windows-Deployment-Services-Diagnostics" Guid="{22b7d623-566b-47b6-9ba0-bc9da3c9d646}"></Provider>
<EventID Qualifiers="">4111</EventID>
<Version>0</Version>
<Level>4</Level>
<Task>207</Task>
<Opcode>2</Opcode>
<Keywords>0x8000000000000003</Keywords>
<TimeCreated SystemTime="2019-11-29 06:27:04.077394"></TimeCreated>
<EventRecordID>138061</EventRecordID>
<Correlation ActivityID="" RelatedActivityID=""></Correlation>
<Execution ProcessID="1896" ThreadID="1928"></Execution>
<Channel>Microsoft-Windows-Deployment-Services-Diagnostics/Operational</Channel>
<Computer>WIN-J9LVFC7736M.WDS.com</Computer>
<Security UserID="S-1-5-18"></Security>
</System>
<UserData><WdsClientPostApplyActionsEndEvent xmlns:auto-ns2="http://schemas.microsoft.com/win/2004/08/events" xmlns="Microsoft-Windows-Deployment-Services-Diagnostics"><SessionGUID>{6ebbd6ca-751e-4698-a784-b8d862971ce6}</SessionGUID>
<ClientMAC>74-FE-48-2E-11-ED</ClientMAC>
<ClientIP>192.168.0.100</ClientIP>
<ClientDeviceID>{03000200-0400-0500-0006-000700080009}</ClientDeviceID>
<ClientArch>9</ClientArch>
</WdsClientPostApplyActionsEndEvent>
</UserData>
</Event>

<Event xmlns="http://schemas.microsoft.com/win/2004/08/events/event"><System><Provider Name="Microsoft-Windows-Deployment-Services-Diagnostics" Guid="{22b7d623-566b-47b6-9ba0-bc9da3c9d646}"></Provider>
<EventID Qualifiers="">4124</EventID>
<Version>0</Version>
<Level>4</Level>
<Task>209</Task>
<Opcode>1</Opcode>
<Keywords>0x8000000000000003</Keywords>
<TimeCreated SystemTime="2019-11-29 06:27:16.563103"></TimeCreated>
<EventRecordID>138062</EventRecordID>
<Correlation ActivityID="" RelatedActivityID=""></Correlation>
<Execution ProcessID="1896" ThreadID="1928"></Execution>
<Channel>Microsoft-Windows-Deployment-Services-Diagnostics/Operational</Channel>
<Computer>WIN-J9LVFC7736M.WDS.com</Computer>
<Security UserID="S-1-5-18"></Security>
</System>
<UserData><WdsClientOfflineDriverInjectionStartEvent xmlns:auto-ns2="http://schemas.microsoft.com/win/2004/08/events" xmlns="Microsoft-Windows-Deployment-Services-Diagnostics"><SessionGUID>{6ebbd6ca-751e-4698-a784-b8d862971ce6}</SessionGUID>
<ClientMAC>74-FE-48-2E-11-ED</ClientMAC>
<ClientIP>192.168.0.100</ClientIP>
<ClientDeviceID>{03000200-0400-0500-0006-000700080009}</ClientDeviceID>
<ClientArch>9</ClientArch>
</WdsClientOfflineDriverInjectionStartEvent>
</UserData>
</Event>

<Event xmlns="http://schemas.microsoft.com/win/2004/08/events/event"><System><Provider Name="Microsoft-Windows-Deployment-Services-Diagnostics" Guid="{22b7d623-566b-47b6-9ba0-bc9da3c9d646}"></Provider>
<EventID Qualifiers="">4125</EventID>
<Version>0</Version>
<Level>4</Level>
<Task>209</Task>
<Opcode>2</Opcode>
<Keywords>0x8000000000000003</Keywords>
<TimeCreated SystemTime="2019-11-29 06:27:16.828758"></TimeCreated>
<EventRecordID>138063</EventRecordID>
<Correlation ActivityID="" RelatedActivityID=""></Correlation>
<Execution ProcessID="1896" ThreadID="1928"></Execution>
<Channel>Microsoft-Windows-Deployment-Services-Diagnostics/Operational</Channel>
<Computer>WIN-J9LVFC7736M.WDS.com</Computer>
<Security UserID="S-1-5-18"></Security>
</System>
<UserData><WdsClientOfflineDriverInjectionEndEvent xmlns:auto-ns2="http://schemas.microsoft.com/win/2004/08/events" xmlns="Microsoft-Windows-Deployment-Services-Diagnostics"><SessionGUID>{6ebbd6ca-751e-4698-a784-b8d862971ce6}</SessionGUID>
<ClientMAC>74-FE-48-2E-11-ED</ClientMAC>
<ClientIP>192.168.0.100</ClientIP>
<ClientDeviceID>{03000200-0400-0500-0006-000700080009}</ClientDeviceID>
<ClientArch>9</ClientArch>
</WdsClientOfflineDriverInjectionEndEvent>
</UserData>
</Event>

<Event xmlns="http://schemas.microsoft.com/win/2004/08/events/event"><System><Provider Name="Microsoft-Windows-Deployment-Services-Diagnostics" Guid="{22b7d623-566b-47b6-9ba0-bc9da3c9d646}"></Provider>
<EventID Qualifiers="">4112</EventID>
<Version>0</Version>
<Level>4</Level>
<Task>201</Task>
<Opcode>2</Opcode>
<Keywords>0x8000000000000003</Keywords>
<TimeCreated SystemTime="2019-11-29 06:28:56.464403"></TimeCreated>
<EventRecordID>138064</EventRecordID>
<Correlation ActivityID="" RelatedActivityID=""></Correlation>
<Execution ProcessID="1896" ThreadID="1928"></Execution>
<Channel>Microsoft-Windows-Deployment-Services-Diagnostics/Operational</Channel>
<Computer>WIN-J9LVFC7736M.WDS.com</Computer>
<Security UserID="S-1-5-18"></Security>
</System>
<UserData><WdsClientEndEvent xmlns:auto-ns2="http://schemas.microsoft.com/win/2004/08/events" xmlns="Microsoft-Windows-Deployment-Services-Diagnostics"><SessionGUID>{6ebbd6ca-751e-4698-a784-b8d862971ce6}</SessionGUID>
<ClientMAC>74-FE-48-2E-11-ED</ClientMAC>
<ClientIP>192.168.0.100</ClientIP>
<ClientDeviceID>{03000200-0400-0500-0006-000700080009}</ClientDeviceID>
<ClientArch>9</ClientArch>
</WdsClientEndEvent>
</UserData>
</Event>

<Event xmlns="http://schemas.microsoft.com/win/2004/08/events/event"><System><Provider Name="Microsoft-Windows-Deployment-Services-Diagnostics" Guid="{22b7d623-566b-47b6-9ba0-bc9da3c9d646}"></Provider>
<EventID Qualifiers="">4096</EventID>
<Version>0</Version>
<Level>4</Level>
<Task>0</Task>
<Opcode>0</Opcode>
<Keywords>0x8000000000000002</Keywords>
<TimeCreated SystemTime="2019-11-29 06:29:30.749315"></TimeCreated>
<EventRecordID>138065</EventRecordID>
<Correlation ActivityID="" RelatedActivityID=""></Correlation>
<Execution ProcessID="1896" ThreadID="1928"></Execution>
<Channel>Microsoft-Windows-Deployment-Services-Diagnostics/Operational</Channel>
<Computer>WIN-J9LVFC7736M.WDS.com</Computer>
<Security UserID="S-1-5-18"></Security>
</System>
<UserData><PXEBootEvent xmlns:auto-ns2="http://schemas.microsoft.com/win/2004/08/events" xmlns="Microsoft-Windows-Deployment-Services-Diagnostics"><ClientHardwareAddress>74-FE-48-2E-11-ED</ClientHardwareAddress>
<ClientIP>192.168.0.100</ClientIP>
<ClientDeviceID>{03000200-0400-0500-0006-000700080009}</ClientDeviceID>
<ClientArch>1</ClientArch>
<ClientPrestaged>False</ClientPrestaged>
</PXEBootEvent>
</UserData>
</Event>

<Event xmlns="http://schemas.microsoft.com/win/2004/08/events/event"><System><Provider Name="Microsoft-Windows-Deployment-Services-Diagnostics" Guid="{22b7d623-566b-47b6-9ba0-bc9da3c9d646}"></Provider>
<EventID Qualifiers="">57348</EventID>
<Version>0</Version>
<Level>4</Level>
<Task>0</Task>
<Opcode>0</Opcode>
<Keywords>0x8000000000000002</Keywords>
<TimeCreated SystemTime="2019-11-29 06:29:30.749315"></TimeCreated>
<EventRecordID>138066</EventRecordID>
<Correlation ActivityID="" RelatedActivityID=""></Correlation>
<Execution ProcessID="1896" ThreadID="1928"></Execution>
<Channel>Microsoft-Windows-Deployment-Services-Diagnostics/Operational</Channel>
<Computer>WIN-J9LVFC7736M.WDS.com</Computer>
<Security UserID="S-1-5-18"></Security>
</System>
<UserData><TptReadFileBuffer xmlns:auto-ns2="http://schemas.microsoft.com/win/2004/08/events" xmlns="Microsoft-Windows-Deployment-Services-Diagnostics"><FilePath>C:\RemoteInstall\boot\x86\wdsnbp.com</FilePath>
<FileSize>30832</FileSize>
<BufferType>0</BufferType>
</TptReadFileBuffer>
</UserData>
</Event>

<Event xmlns="http://schemas.microsoft.com/win/2004/08/events/event"><System><Provider Name="Microsoft-Windows-Deployment-Services-Diagnostics" Guid="{22b7d623-566b-47b6-9ba0-bc9da3c9d646}"></Provider>
<EventID Qualifiers="">57348</EventID>
<Version>0</Version>
<Level>4</Level>
<Task>0</Task>
<Opcode>0</Opcode>
<Keywords>0x8000000000000002</Keywords>
<TimeCreated SystemTime="2019-11-29 06:29:30.749315"></TimeCreated>
<EventRecordID>138067</EventRecordID>
<Correlation ActivityID="" RelatedActivityID=""></Correlation>
<Execution ProcessID="1896" ThreadID="1928"></Execution>
<Channel>Microsoft-Windows-Deployment-Services-Diagnostics/Operational</Channel>
<Computer>WIN-J9LVFC7736M.WDS.com</Computer>
<Security UserID="S-1-5-18"></Security>
</System>
<UserData><TptReadFileBuffer xmlns:auto-ns2="http://schemas.microsoft.com/win/2004/08/events" xmlns="Microsoft-Windows-Deployment-Services-Diagnostics"><FilePath>C:\RemoteInstall\boot\x86\wdsnbp.com</FilePath>
<FileSize>30832</FileSize>
<BufferType>0</BufferType>
</TptReadFileBuffer>
</UserData>
</Event>

<Event xmlns="http://schemas.microsoft.com/win/2004/08/events/event"><System><Provider Name="Microsoft-Windows-Deployment-Services-Diagnostics" Guid="{22b7d623-566b-47b6-9ba0-bc9da3c9d646}"></Provider>
<EventID Qualifiers="">4099</EventID>
<Version>0</Version>
<Level>4</Level>
<Task>101</Task>
<Opcode>1</Opcode>
<Keywords>0x8000000000000003</Keywords>
<TimeCreated SystemTime="2019-11-29 06:29:30.749315"></TimeCreated>
<EventRecordID>138068</EventRecordID>
<Correlation ActivityID="" RelatedActivityID=""></Correlation>
<Execution ProcessID="1896" ThreadID="1928"></Execution>
<Channel>Microsoft-Windows-Deployment-Services-Diagnostics/Operational</Channel>
<Computer>WIN-J9LVFC7736M.WDS.com</Computer>
<Security UserID="S-1-5-18"></Security>
</System>
<UserData><TFTPDownloadStartedEvent xmlns:auto-ns2="http://schemas.microsoft.com/win/2004/08/events" xmlns="Microsoft-Windows-Deployment-Services-Diagnostics"><ClientIP>192.168.0.100</ClientIP>
<FileName>boot\x86\wdsnbp.com</FileName>
<FileSize>30832</FileSize>
<ClientPort>2071</ClientPort>
<ServerPort>54076</ServerPort>
<VariableWindow>False</VariableWindow>
</TFTPDownloadStartedEvent>
</UserData>
</Event>

<Event xmlns="http://schemas.microsoft.com/win/2004/08/events/event"><System><Provider Name="Microsoft-Windows-Deployment-Services-Diagnostics" Guid="{22b7d623-566b-47b6-9ba0-bc9da3c9d646}"></Provider>
<EventID Qualifiers="">57349</EventID>
<Version>0</Version>
<Level>4</Level>
<Task>0</Task>
<Opcode>0</Opcode>
<Keywords>0x8000000000000002</Keywords>
<TimeCreated SystemTime="2019-11-29 06:29:30.764944"></TimeCreated>
<EventRecordID>138069</EventRecordID>
<Correlation ActivityID="" RelatedActivityID=""></Correlation>
<Execution ProcessID="1896" ThreadID="1348"></Execution>
<Channel>Microsoft-Windows-Deployment-Services-Diagnostics/Operational</Channel>
<Computer>WIN-J9LVFC7736M.WDS.com</Computer>
<Security UserID="S-1-5-18"></Security>
</System>
<UserData><TptReadFileBuffer xmlns:auto-ns2="http://schemas.microsoft.com/win/2004/08/events" xmlns="Microsoft-Windows-Deployment-Services-Diagnostics"><FilePath>C:\RemoteInstall\boot\x86\wdsnbp.com</FilePath>
<FileSize>30832</FileSize>
<BufferType>0</BufferType>
</TptReadFileBuffer>
</UserData>
</Event>

<Event xmlns="http://schemas.microsoft.com/win/2004/08/events/event"><System><Provider Name="Microsoft-Windows-Deployment-Services-Diagnostics" Guid="{22b7d623-566b-47b6-9ba0-bc9da3c9d646}"></Provider>
<EventID Qualifiers="">4100</EventID>
<Version>0</Version>
<Level>4</Level>
<Task>101</Task>
<Opcode>2</Opcode>
<Keywords>0x8000000000000003</Keywords>
<TimeCreated SystemTime="2019-11-29 06:29:30.764944"></TimeCreated>
<EventRecordID>138070</EventRecordID>
<Correlation ActivityID="" RelatedActivityID=""></Correlation>
<Execution ProcessID="1896" ThreadID="1928"></Execution>
<Channel>Microsoft-Windows-Deployment-Services-Diagnostics/Operational</Channel>
<Computer>WIN-J9LVFC7736M.WDS.com</Computer>
<Security UserID="S-1-5-18"></Security>
</System>
<UserData><TFTPDownloadCompletedEvent xmlns:auto-ns2="http://schemas.microsoft.com/win/2004/08/events" xmlns="Microsoft-Windows-Deployment-Services-Diagnostics"><ClientIP>192.168.0.100</ClientIP>
<FileName>boot\x86\wdsnbp.com</FileName>
<FileSize>30832</FileSize>
<ClientPort>2071</ClientPort>
<ServerPort>54076</ServerPort>
<VariableWindow>False</VariableWindow>
</TFTPDownloadCompletedEvent>
</UserData>
</Event>

<Event xmlns="http://schemas.microsoft.com/win/2004/08/events/event"><System><Provider Name="Microsoft-Windows-Deployment-Services-Diagnostics" Guid="{22b7d623-566b-47b6-9ba0-bc9da3c9d646}"></Provider>
<EventID Qualifiers="">57349</EventID>
<Version>0</Version>
<Level>4</Level>
<Task>0</Task>
<Opcode>0</Opcode>
<Keywords>0x8000000000000002</Keywords>
<TimeCreated SystemTime="2019-11-29 06:29:30.780569"></TimeCreated>
<EventRecordID>138071</EventRecordID>
<Correlation ActivityID="" RelatedActivityID=""></Correlation>
<Execution ProcessID="1896" ThreadID="1348"></Execution>
<Channel>Microsoft-Windows-Deployment-Services-Diagnostics/Operational</Channel>
<Computer>WIN-J9LVFC7736M.WDS.com</Computer>
<Security UserID="S-1-5-18"></Security>
</System>
<UserData><TptReadFileBuffer xmlns:auto-ns2="http://schemas.microsoft.com/win/2004/08/events" xmlns="Microsoft-Windows-Deployment-Services-Diagnostics"><FilePath>C:\RemoteInstall\boot\x86\wdsnbp.com</FilePath>
<FileSize>30832</FileSize>
<BufferType>0</BufferType>
</TptReadFileBuffer>
</UserData>
</Event>

<Event xmlns="http://schemas.microsoft.com/win/2004/08/events/event"><System><Provider Name="Microsoft-Windows-Deployment-Services-Diagnostics" Guid="{22b7d623-566b-47b6-9ba0-bc9da3c9d646}"></Provider>
<EventID Qualifiers="">4096</EventID>
<Version>0</Version>
<Level>4</Level>
<Task>0</Task>
<Opcode>0</Opcode>
<Keywords>0x8000000000000002</Keywords>
<TimeCreated SystemTime="2019-11-29 06:29:33.765263"></TimeCreated>
<EventRecordID>138072</EventRecordID>
<Correlation ActivityID="" RelatedActivityID=""></Correlation>
<Execution ProcessID="1896" ThreadID="1928"></Execution>
<Channel>Microsoft-Windows-Deployment-Services-Diagnostics/Operational</Channel>
<Computer>WIN-J9LVFC7736M.WDS.com</Computer>
<Security UserID="S-1-5-18"></Security>
</System>
<UserData><PXEBootEvent xmlns:auto-ns2="http://schemas.microsoft.com/win/2004/08/events" xmlns="Microsoft-Windows-Deployment-Services-Diagnostics"><ClientHardwareAddress>74-FE-48-2E-11-ED</ClientHardwareAddress>
<ClientIP>192.168.0.100</ClientIP>
<ClientDeviceID>{03000200-0400-0500-0006-000700080009}</ClientDeviceID>
<ClientArch>3</ClientArch>
<ClientPrestaged>False</ClientPrestaged>
</PXEBootEvent>
</UserData>
</Event>

<Event xmlns="http://schemas.microsoft.com/win/2004/08/events/event"><System><Provider Name="Microsoft-Windows-Deployment-Services-Diagnostics" Guid="{22b7d623-566b-47b6-9ba0-bc9da3c9d646}"></Provider>
<EventID Qualifiers="">57348</EventID>
<Version>0</Version>
<Level>4</Level>
<Task>0</Task>
<Opcode>0</Opcode>
<Keywords>0x8000000000000002</Keywords>
<TimeCreated SystemTime="2019-11-29 06:29:33.812141"></TimeCreated>
<EventRecordID>138073</EventRecordID>
<Correlation ActivityID="" RelatedActivityID=""></Correlation>
<Execution ProcessID="1896" ThreadID="1928"></Execution>
<Channel>Microsoft-Windows-Deployment-Services-Diagnostics/Operational</Channel>
<Computer>WIN-J9LVFC7736M.WDS.com</Computer>
<Security UserID="S-1-5-18"></Security>
</System>
<UserData><TptReadFileBuffer xmlns:auto-ns2="http://schemas.microsoft.com/win/2004/08/events" xmlns="Microsoft-Windows-Deployment-Services-Diagnostics"><FilePath>C:\RemoteInstall\boot\x64\pxeboot.n12</FilePath>
<FileSize>25358</FileSize>
<BufferType>0</BufferType>
</TptReadFileBuffer>
</UserData>
</Event>

<Event xmlns="http://schemas.microsoft.com/win/2004/08/events/event"><System><Provider Name="Microsoft-Windows-Deployment-Services-Diagnostics" Guid="{22b7d623-566b-47b6-9ba0-bc9da3c9d646}"></Provider>
<EventID Qualifiers="">4099</EventID>
<Version>0</Version>
<Level>4</Level>
<Task>101</Task>
<Opcode>1</Opcode>
<Keywords>0x8000000000000003</Keywords>
<TimeCreated SystemTime="2019-11-29 06:29:33.812141"></TimeCreated>
<EventRecordID>138074</EventRecordID>
<Correlation ActivityID="" RelatedActivityID=""></Correlation>
<Execution ProcessID="1896" ThreadID="1956"></Execution>
<Channel>Microsoft-Windows-Deployment-Services-Diagnostics/Operational</Channel>
<Computer>WIN-J9LVFC7736M.WDS.com</Computer>
<Security UserID="S-1-5-18"></Security>
</System>
<UserData><TFTPDownloadStartedEvent xmlns:auto-ns2="http://schemas.microsoft.com/win/2004/08/events" xmlns="Microsoft-Windows-Deployment-Services-Diagnostics"><ClientIP>192.168.0.100</ClientIP>
<FileName>boot\x64\pxeboot.n12</FileName>
<FileSize>25358</FileSize>
<ClientPort>2072</ClientPort>
<ServerPort>54083</ServerPort>
<VariableWindow>False</VariableWindow>
</TFTPDownloadStartedEvent>
</UserData>
</Event>

