<Event xmlns="http://schemas.microsoft.com/win/2004/08/events/event"><System><Provider Name="Microsoft-Windows-Deployment-Services-Diagnostics" Guid="{22b7d623-566b-47b6-9ba0-bc9da3c9d646}"></Provider>
<EventID Qualifiers="">57348</EventID>
<Version>0</Version>
<Level>4</Level>
<Task>0</Task>
<Opcode>0</Opcode>
<Keywords>0x8000000000000002</Keywords>
<TimeCreated SystemTime="2019-11-29 06:44:22.266438"></TimeCreated>
<EventRecordID>138250</EventRecordID>
<Correlation ActivityID="" RelatedActivityID=""></Correlation>
<Execution ProcessID="1896" ThreadID="1976"></Execution>
<Channel>Microsoft-Windows-Deployment-Services-Diagnostics/Operational</Channel>
<Computer>WIN-J9LVFC7736M.WDS.com</Computer>
<Security UserID="S-1-5-18"></Security>
</System>
<UserData><TptReadFileBuffer xmlns:auto-ns2="http://schemas.microsoft.com/win/2004/08/events" xmlns="Microsoft-Windows-Deployment-Services-Diagnostics"><FilePath>C:\RemoteInstall\Tmp\x86x64{FC0B6DD7-BCC1-4F74-A280-490B0157C440}.bcd</FilePath>
<FileSize>12288</FileSize>
<BufferType>0</BufferType>
</TptReadFileBuffer>
</UserData>
</Event>

<Event xmlns="http://schemas.microsoft.com/win/2004/08/events/event"><System><Provider Name="Microsoft-Windows-Deployment-Services-Diagnostics" Guid="{22b7d623-566b-47b6-9ba0-bc9da3c9d646}"></Provider>
<EventID Qualifiers="">4099</EventID>
<Version>0</Version>
<Level>4</Level>
<Task>101</Task>
<Opcode>1</Opcode>
<Keywords>0x8000000000000003</Keywords>
<TimeCreated SystemTime="2019-11-29 06:44:22.266438"></TimeCreated>
<EventRecordID>138251</EventRecordID>
<Correlation ActivityID="" RelatedActivityID=""></Correlation>
<Execution ProcessID="1896" ThreadID="1968"></Execution>
<Channel>Microsoft-Windows-Deployment-Services-Diagnostics/Operational</Channel>
<Computer>WIN-J9LVFC7736M.WDS.com</Computer>
<Security UserID="S-1-5-18"></Security>
</System>
<UserData><TFTPDownloadStartedEvent xmlns:auto-ns2="http://schemas.microsoft.com/win/2004/08/events" xmlns="Microsoft-Windows-Deployment-Services-Diagnostics"><ClientIP>192.168.0.100</ClientIP>
<FileName>\Tmp\x86x64{FC0B6DD7-BCC1-4F74-A280-490B0157C440}.bcd</FileName>
<FileSize>12288</FileSize>
<ClientPort>14634</ClientPort>
<ServerPort>63336</ServerPort>
<VariableWindow>False</VariableWindow>
</TFTPDownloadStartedEvent>
</UserData>
</Event>

<Event xmlns="http://schemas.microsoft.com/win/2004/08/events/event"><System><Provider Name="Microsoft-Windows-Deployment-Services-Diagnostics" Guid="{22b7d623-566b-47b6-9ba0-bc9da3c9d646}"></Provider>
<EventID Qualifiers="">4100</EventID>
<Version>0</Version>
<Level>4</Level>
<Task>101</Task>
<Opcode>2</Opcode>
<Keywords>0x8000000000000003</Keywords>
<TimeCreated SystemTime="2019-11-29 06:44:22.266438"></TimeCreated>
<EventRecordID>138252</EventRecordID>
<Correlation ActivityID="" RelatedActivityID=""></Correlation>
<Execution ProcessID="1896" ThreadID="1968"></Execution>
<Channel>Microsoft-Windows-Deployment-Services-Diagnostics/Operational</Channel>
<Computer>WIN-J9LVFC7736M.WDS.com</Computer>
<Security UserID="S-1-5-18"></Security>
</System>
<UserData><TFTPDownloadCompletedEvent xmlns:auto-ns2="http://schemas.microsoft.com/win/2004/08/events" xmlns="Microsoft-Windows-Deployment-Services-Diagnostics"><ClientIP>192.168.0.100</ClientIP>
<FileName>\Tmp\x86x64{FC0B6DD7-BCC1-4F74-A280-490B0157C440}.bcd</FileName>
<FileSize>12288</FileSize>
<ClientPort>14634</ClientPort>
<ServerPort>63336</ServerPort>
<VariableWindow>False</VariableWindow>
</TFTPDownloadCompletedEvent>
</UserData>
</Event>

<Event xmlns="http://schemas.microsoft.com/win/2004/08/events/event"><System><Provider Name="Microsoft-Windows-Deployment-Services-Diagnostics" Guid="{22b7d623-566b-47b6-9ba0-bc9da3c9d646}"></Provider>
<EventID Qualifiers="">57349</EventID>
<Version>0</Version>
<Level>4</Level>
<Task>0</Task>
<Opcode>0</Opcode>
<Keywords>0x8000000000000002</Keywords>
<TimeCreated SystemTime="2019-11-29 06:44:22.282064"></TimeCreated>
<EventRecordID>138253</EventRecordID>
<Correlation ActivityID="" RelatedActivityID=""></Correlation>
<Execution ProcessID="1896" ThreadID="1904"></Execution>
<Channel>Microsoft-Windows-Deployment-Services-Diagnostics/Operational</Channel>
<Computer>WIN-J9LVFC7736M.WDS.com</Computer>
<Security UserID="S-1-5-18"></Security>
</System>
<UserData><TptReadFileBuffer xmlns:auto-ns2="http://schemas.microsoft.com/win/2004/08/events" xmlns="Microsoft-Windows-Deployment-Services-Diagnostics"><FilePath>C:\RemoteInstall\Tmp\x86x64{FC0B6DD7-BCC1-4F74-A280-490B0157C440}.bcd</FilePath>
<FileSize>12288</FileSize>
<BufferType>0</BufferType>
</TptReadFileBuffer>
</UserData>
</Event>

<Event xmlns="http://schemas.microsoft.com/win/2004/08/events/event"><System><Provider Name="Microsoft-Windows-Deployment-Services-Diagnostics" Guid="{22b7d623-566b-47b6-9ba0-bc9da3c9d646}"></Provider>
<EventID Qualifiers="">57349</EventID>
<Version>0</Version>
<Level>4</Level>
<Task>0</Task>
<Opcode>0</Opcode>
<Keywords>0x8000000000000002</Keywords>
<TimeCreated SystemTime="2019-11-29 06:44:22.282064"></TimeCreated>
<EventRecordID>138254</EventRecordID>
<Correlation ActivityID="" RelatedActivityID=""></Correlation>
<Execution ProcessID="1896" ThreadID="1904"></Execution>
<Channel>Microsoft-Windows-Deployment-Services-Diagnostics/Operational</Channel>
<Computer>WIN-J9LVFC7736M.WDS.com</Computer>
<Security UserID="S-1-5-18"></Security>
</System>
<UserData><TptReadFileBuffer xmlns:auto-ns2="http://schemas.microsoft.com/win/2004/08/events" xmlns="Microsoft-Windows-Deployment-Services-Diagnostics"><FilePath>C:\RemoteInstall\Tmp\x86x64{FC0B6DD7-BCC1-4F74-A280-490B0157C440}.bcd</FilePath>
<FileSize>12288</FileSize>
<BufferType>0</BufferType>
</TptReadFileBuffer>
</UserData>
</Event>

<Event xmlns="http://schemas.microsoft.com/win/2004/08/events/event"><System><Provider Name="Microsoft-Windows-Deployment-Services-Diagnostics" Guid="{22b7d623-566b-47b6-9ba0-bc9da3c9d646}"></Provider>
<EventID Qualifiers="">57348</EventID>
<Version>0</Version>
<Level>4</Level>
<Task>0</Task>
<Opcode>0</Opcode>
<Keywords>0x8000000000000002</Keywords>
<TimeCreated SystemTime="2019-11-29 06:44:22.328945"></TimeCreated>
<EventRecordID>138255</EventRecordID>
<Correlation ActivityID="" RelatedActivityID=""></Correlation>
<Execution ProcessID="1896" ThreadID="1968"></Execution>
<Channel>Microsoft-Windows-Deployment-Services-Diagnostics/Operational</Channel>
<Computer>WIN-J9LVFC7736M.WDS.com</Computer>
<Security UserID="S-1-5-18"></Security>
</System>
<UserData><TptReadFileBuffer xmlns:auto-ns2="http://schemas.microsoft.com/win/2004/08/events" xmlns="Microsoft-Windows-Deployment-Services-Diagnostics"><FilePath>C:\RemoteInstall\Boot\x64\Images\boot.wim</FilePath>
<FileSize>272062425</FileSize>
<BufferType>0</BufferType>
</TptReadFileBuffer>
</UserData>
</Event>

<Event xmlns="http://schemas.microsoft.com/win/2004/08/events/event"><System><Provider Name="Microsoft-Windows-Deployment-Services-Diagnostics" Guid="{22b7d623-566b-47b6-9ba0-bc9da3c9d646}"></Provider>
<EventID Qualifiers="">57348</EventID>
<Version>0</Version>
<Level>4</Level>
<Task>0</Task>
<Opcode>0</Opcode>
<Keywords>0x8000000000000002</Keywords>
<TimeCreated SystemTime="2019-11-29 06:44:22.328945"></TimeCreated>
<EventRecordID>138256</EventRecordID>
<Correlation ActivityID="" RelatedActivityID=""></Correlation>
<Execution ProcessID="1896" ThreadID="1976"></Execution>
<Channel>Microsoft-Windows-Deployment-Services-Diagnostics/Operational</Channel>
<Computer>WIN-J9LVFC7736M.WDS.com</Computer>
<Security UserID="S-1-5-18"></Security>
</System>
<UserData><TptReadFileBuffer xmlns:auto-ns2="http://schemas.microsoft.com/win/2004/08/events" xmlns="Microsoft-Windows-Deployment-Services-Diagnostics"><FilePath>C:\RemoteInstall\Boot\Boot.SDI</FilePath>
<FileSize>3170304</FileSize>
<BufferType>0</BufferType>
</TptReadFileBuffer>
</UserData>
</Event>

<Event xmlns="http://schemas.microsoft.com/win/2004/08/events/event"><System><Provider Name="Microsoft-Windows-Deployment-Services-Diagnostics" Guid="{22b7d623-566b-47b6-9ba0-bc9da3c9d646}"></Provider>
<EventID Qualifiers="">57348</EventID>
<Version>0</Version>
<Level>4</Level>
<Task>0</Task>
<Opcode>0</Opcode>
<Keywords>0x8000000000000002</Keywords>
<TimeCreated SystemTime="2019-11-29 06:44:22.328945"></TimeCreated>
<EventRecordID>138257</EventRecordID>
<Correlation ActivityID="" RelatedActivityID=""></Correlation>
<Execution ProcessID="1896" ThreadID="1968"></Execution>
<Channel>Microsoft-Windows-Deployment-Services-Diagnostics/Operational</Channel>
<Computer>WIN-J9LVFC7736M.WDS.com</Computer>
<Security UserID="S-1-5-18"></Security>
</System>
<UserData><TptReadFileBuffer xmlns:auto-ns2="http://schemas.microsoft.com/win/2004/08/events" xmlns="Microsoft-Windows-Deployment-Services-Diagnostics"><FilePath>C:\RemoteInstall\Boot\fonts\wgl4_boot.ttf</FilePath>
<FileSize>49030</FileSize>
<BufferType>0</BufferType>
</TptReadFileBuffer>
</UserData>
</Event>

<Event xmlns="http://schemas.microsoft.com/win/2004/08/events/event"><System><Provider Name="Microsoft-Windows-Deployment-Services-Diagnostics" Guid="{22b7d623-566b-47b6-9ba0-bc9da3c9d646}"></Provider>
<EventID Qualifiers="">57348</EventID>
<Version>0</Version>
<Level>4</Level>
<Task>0</Task>
<Opcode>0</Opcode>
<Keywords>0x8000000000000002</Keywords>
<TimeCreated SystemTime="2019-11-29 06:44:22.328945"></TimeCreated>
<EventRecordID>138258</EventRecordID>
<Correlation ActivityID="" RelatedActivityID=""></Correlation>
<Execution ProcessID="1896" ThreadID="1976"></Execution>
<Channel>Microsoft-Windows-Deployment-Services-Diagnostics/Operational</Channel>
<Computer>WIN-J9LVFC7736M.WDS.com</Computer>
<Security UserID="S-1-5-18"></Security>
</System>
<UserData><TptReadFileBuffer xmlns:auto-ns2="http://schemas.microsoft.com/win/2004/08/events" xmlns="Microsoft-Windows-Deployment-Services-Diagnostics"><FilePath>C:\RemoteInstall\Boot\fonts\wgl4_boot.ttf</FilePath>
<FileSize>49030</FileSize>
<BufferType>0</BufferType>
</TptReadFileBuffer>
</UserData>
</Event>

<Event xmlns="http://schemas.microsoft.com/win/2004/08/events/event"><System><Provider Name="Microsoft-Windows-Deployment-Services-Diagnostics" Guid="{22b7d623-566b-47b6-9ba0-bc9da3c9d646}"></Provider>
<EventID Qualifiers="">4099</EventID>
<Version>0</Version>
<Level>4</Level>
<Task>101</Task>
<Opcode>1</Opcode>
<Keywords>0x8000000000000003</Keywords>
<TimeCreated SystemTime="2019-11-29 06:44:22.328945"></TimeCreated>
<EventRecordID>138259</EventRecordID>
<Correlation ActivityID="" RelatedActivityID=""></Correlation>
<Execution ProcessID="1896" ThreadID="1976"></Execution>
<Channel>Microsoft-Windows-Deployment-Services-Diagnostics/Operational</Channel>
<Computer>WIN-J9LVFC7736M.WDS.com</Computer>
<Security UserID="S-1-5-18"></Security>
</System>
<UserData><TFTPDownloadStartedEvent xmlns:auto-ns2="http://schemas.microsoft.com/win/2004/08/events" xmlns="Microsoft-Windows-Deployment-Services-Diagnostics"><ClientIP>192.168.0.100</ClientIP>
<FileName>\Boot\fonts\wgl4_boot.ttf</FileName>
<FileSize>49030</FileSize>
<ClientPort>14640</ClientPort>
<ServerPort>63334</ServerPort>
<VariableWindow>True</VariableWindow>
</TFTPDownloadStartedEvent>
</UserData>
</Event>

<Event xmlns="http://schemas.microsoft.com/win/2004/08/events/event"><System><Provider Name="Microsoft-Windows-Deployment-Services-Diagnostics" Guid="{22b7d623-566b-47b6-9ba0-bc9da3c9d646}"></Provider>
<EventID Qualifiers="">4100</EventID>
<Version>0</Version>
<Level>4</Level>
<Task>101</Task>
<Opcode>2</Opcode>
<Keywords>0x8000000000000003</Keywords>
<TimeCreated SystemTime="2019-11-29 06:44:22.328945"></TimeCreated>
<EventRecordID>138260</EventRecordID>
<Correlation ActivityID="" RelatedActivityID=""></Correlation>
<Execution ProcessID="1896" ThreadID="1976"></Execution>
<Channel>Microsoft-Windows-Deployment-Services-Diagnostics/Operational</Channel>
<Computer>WIN-J9LVFC7736M.WDS.com</Computer>
<Security UserID="S-1-5-18"></Security>
</System>
<UserData><TFTPDownloadCompletedEvent xmlns:auto-ns2="http://schemas.microsoft.com/win/2004/08/events" xmlns="Microsoft-Windows-Deployment-Services-Diagnostics"><ClientIP>192.168.0.100</ClientIP>
<FileName>\Boot\fonts\wgl4_boot.ttf</FileName>
<FileSize>49030</FileSize>
<ClientPort>14640</ClientPort>
<ServerPort>63334</ServerPort>
<VariableWindow>True</VariableWindow>
</TFTPDownloadCompletedEvent>
</UserData>
</Event>

<Event xmlns="http://schemas.microsoft.com/win/2004/08/events/event"><System><Provider Name="Microsoft-Windows-Deployment-Services-Diagnostics" Guid="{22b7d623-566b-47b6-9ba0-bc9da3c9d646}"></Provider>
<EventID Qualifiers="">57349</EventID>
<Version>0</Version>
<Level>4</Level>
<Task>0</Task>
<Opcode>0</Opcode>
<Keywords>0x8000000000000002</Keywords>
<TimeCreated SystemTime="2019-11-29 06:44:22.344570"></TimeCreated>
<EventRecordID>138261</EventRecordID>
<Correlation ActivityID="" RelatedActivityID=""></Correlation>
<Execution ProcessID="1896" ThreadID="1904"></Execution>
<Channel>Microsoft-Windows-Deployment-Services-Diagnostics/Operational</Channel>
<Computer>WIN-J9LVFC7736M.WDS.com</Computer>
<Security UserID="S-1-5-18"></Security>
</System>
<UserData><TptReadFileBuffer xmlns:auto-ns2="http://schemas.microsoft.com/win/2004/08/events" xmlns="Microsoft-Windows-Deployment-Services-Diagnostics"><FilePath>C:\RemoteInstall\Boot\fonts\wgl4_boot.ttf</FilePath>
<FileSize>49030</FileSize>
<BufferType>0</BufferType>
</TptReadFileBuffer>
</UserData>
</Event>

<Event xmlns="http://schemas.microsoft.com/win/2004/08/events/event"><System><Provider Name="Microsoft-Windows-Deployment-Services-Diagnostics" Guid="{22b7d623-566b-47b6-9ba0-bc9da3c9d646}"></Provider>
<EventID Qualifiers="">57349</EventID>
<Version>0</Version>
<Level>4</Level>
<Task>0</Task>
<Opcode>0</Opcode>
<Keywords>0x8000000000000002</Keywords>
<TimeCreated SystemTime="2019-11-29 06:44:22.344570"></TimeCreated>
<EventRecordID>138262</EventRecordID>
<Correlation ActivityID="" RelatedActivityID=""></Correlation>
<Execution ProcessID="1896" ThreadID="1904"></Execution>
<Channel>Microsoft-Windows-Deployment-Services-Diagnostics/Operational</Channel>
<Computer>WIN-J9LVFC7736M.WDS.com</Computer>
<Security UserID="S-1-5-18"></Security>
</System>
<UserData><TptReadFileBuffer xmlns:auto-ns2="http://schemas.microsoft.com/win/2004/08/events" xmlns="Microsoft-Windows-Deployment-Services-Diagnostics"><FilePath>C:\RemoteInstall\Boot\fonts\wgl4_boot.ttf</FilePath>
<FileSize>49030</FileSize>
<BufferType>0</BufferType>
</TptReadFileBuffer>
</UserData>
</Event>

<Event xmlns="http://schemas.microsoft.com/win/2004/08/events/event"><System><Provider Name="Microsoft-Windows-Deployment-Services-Diagnostics" Guid="{22b7d623-566b-47b6-9ba0-bc9da3c9d646}"></Provider>
<EventID Qualifiers="">57349</EventID>
<Version>0</Version>
<Level>4</Level>
<Task>0</Task>
<Opcode>0</Opcode>
<Keywords>0x8000000000000002</Keywords>
<TimeCreated SystemTime="2019-11-29 06:44:22.344570"></TimeCreated>
<EventRecordID>138263</EventRecordID>
<Correlation ActivityID="" RelatedActivityID=""></Correlation>
<Execution ProcessID="1896" ThreadID="1904"></Execution>
<Channel>Microsoft-Windows-Deployment-Services-Diagnostics/Operational</Channel>
<Computer>WIN-J9LVFC7736M.WDS.com</Computer>
<Security UserID="S-1-5-18"></Security>
</System>
<UserData><TptReadFileBuffer xmlns:auto-ns2="http://schemas.microsoft.com/win/2004/08/events" xmlns="Microsoft-Windows-Deployment-Services-Diagnostics"><FilePath>C:\RemoteInstall\Boot\x64\Images\boot.wim</FilePath>
<FileSize>272062425</FileSize>
<BufferType>0</BufferType>
</TptReadFileBuffer>
</UserData>
</Event>

<Event xmlns="http://schemas.microsoft.com/win/2004/08/events/event"><System><Provider Name="Microsoft-Windows-Deployment-Services-Diagnostics" Guid="{22b7d623-566b-47b6-9ba0-bc9da3c9d646}"></Provider>
<EventID Qualifiers="">57349</EventID>
<Version>0</Version>
<Level>4</Level>
<Task>0</Task>
<Opcode>0</Opcode>
<Keywords>0x8000000000000002</Keywords>
<TimeCreated SystemTime="2019-11-29 06:44:22.344570"></TimeCreated>
<EventRecordID>138264</EventRecordID>
<Correlation ActivityID="" RelatedActivityID=""></Correlation>
<Execution ProcessID="1896" ThreadID="1904"></Execution>
<Channel>Microsoft-Windows-Deployment-Services-Diagnostics/Operational</Channel>
<Computer>WIN-J9LVFC7736M.WDS.com</Computer>
<Security UserID="S-1-5-18"></Security>
</System>
<UserData><TptReadFileBuffer xmlns:auto-ns2="http://schemas.microsoft.com/win/2004/08/events" xmlns="Microsoft-Windows-Deployment-Services-Diagnostics"><FilePath>C:\RemoteInstall\Boot\Boot.SDI</FilePath>
<FileSize>3170304</FileSize>
<BufferType>0</BufferType>
</TptReadFileBuffer>
</UserData>
</Event>

<Event xmlns="http://schemas.microsoft.com/win/2004/08/events/event"><System><Provider Name="Microsoft-Windows-Deployment-Services-Diagnostics" Guid="{22b7d623-566b-47b6-9ba0-bc9da3c9d646}"></Provider>
<EventID Qualifiers="">57348</EventID>
<Version>0</Version>
<Level>4</Level>
<Task>0</Task>
<Opcode>0</Opcode>
<Keywords>0x8000000000000002</Keywords>
<TimeCreated SystemTime="2019-11-29 06:44:22.391451"></TimeCreated>
<EventRecordID>138265</EventRecordID>
<Correlation ActivityID="" RelatedActivityID=""></Correlation>
<Execution ProcessID="1896" ThreadID="1976"></Execution>
<Channel>Microsoft-Windows-Deployment-Services-Diagnostics/Operational</Channel>
<Computer>WIN-J9LVFC7736M.WDS.com</Computer>
<Security UserID="S-1-5-18"></Security>
</System>
<UserData><TptReadFileBuffer xmlns:auto-ns2="http://schemas.microsoft.com/win/2004/08/events" xmlns="Microsoft-Windows-Deployment-Services-Diagnostics"><FilePath>C:\RemoteInstall\Boot\Boot.SDI</FilePath>
<FileSize>3170304</FileSize>
<BufferType>0</BufferType>
</TptReadFileBuffer>
</UserData>
</Event>

<Event xmlns="http://schemas.microsoft.com/win/2004/08/events/event"><System><Provider Name="Microsoft-Windows-Deployment-Services-Diagnostics" Guid="{22b7d623-566b-47b6-9ba0-bc9da3c9d646}"></Provider>
<EventID Qualifiers="">4099</EventID>
<Version>0</Version>
<Level>4</Level>
<Task>101</Task>
<Opcode>1</Opcode>
<Keywords>0x8000000000000003</Keywords>
<TimeCreated SystemTime="2019-11-29 06:44:22.391451"></TimeCreated>
<EventRecordID>138266</EventRecordID>
<Correlation ActivityID="" RelatedActivityID=""></Correlation>
<Execution ProcessID="1896" ThreadID="1976"></Execution>
<Channel>Microsoft-Windows-Deployment-Services-Diagnostics/Operational</Channel>
<Computer>WIN-J9LVFC7736M.WDS.com</Computer>
<Security UserID="S-1-5-18"></Security>
</System>
<UserData><TFTPDownloadStartedEvent xmlns:auto-ns2="http://schemas.microsoft.com/win/2004/08/events" xmlns="Microsoft-Windows-Deployment-Services-Diagnostics"><ClientIP>192.168.0.100</ClientIP>
<FileName>\Boot\Boot.SDI</FileName>
<FileSize>3170304</FileSize>
<ClientPort>14641</ClientPort>
<ServerPort>63337</ServerPort>
<VariableWindow>True</VariableWindow>
</TFTPDownloadStartedEvent>
</UserData>
</Event>

<Event xmlns="http://schemas.microsoft.com/win/2004/08/events/event"><System><Provider Name="Microsoft-Windows-Deployment-Services-Diagnostics" Guid="{22b7d623-566b-47b6-9ba0-bc9da3c9d646}"></Provider>
<EventID Qualifiers="">4100</EventID>
<Version>0</Version>
<Level>4</Level>
<Task>101</Task>
<Opcode>2</Opcode>
<Keywords>0x8000000000000003</Keywords>
<TimeCreated SystemTime="2019-11-29 06:44:22.563345"></TimeCreated>
<EventRecordID>138267</EventRecordID>
<Correlation ActivityID="" RelatedActivityID=""></Correlation>
<Execution ProcessID="1896" ThreadID="1976"></Execution>
<Channel>Microsoft-Windows-Deployment-Services-Diagnostics/Operational</Channel>
<Computer>WIN-J9LVFC7736M.WDS.com</Computer>
<Security UserID="S-1-5-18"></Security>
</System>
<UserData><TFTPDownloadCompletedEvent xmlns:auto-ns2="http://schemas.microsoft.com/win/2004/08/events" xmlns="Microsoft-Windows-Deployment-Services-Diagnostics"><ClientIP>192.168.0.100</ClientIP>
<FileName>\Boot\Boot.SDI</FileName>
<FileSize>3170304</FileSize>
<ClientPort>14641</ClientPort>
<ServerPort>63337</ServerPort>
<VariableWindow>True</VariableWindow>
</TFTPDownloadCompletedEvent>
</UserData>
</Event>

<Event xmlns="http://schemas.microsoft.com/win/2004/08/events/event"><System><Provider Name="Microsoft-Windows-Deployment-Services-Diagnostics" Guid="{22b7d623-566b-47b6-9ba0-bc9da3c9d646}"></Provider>
<EventID Qualifiers="">57349</EventID>
<Version>0</Version>
<Level>4</Level>
<Task>0</Task>
<Opcode>0</Opcode>
<Keywords>0x8000000000000002</Keywords>
<TimeCreated SystemTime="2019-11-29 06:44:22.578970"></TimeCreated>
<EventRecordID>138268</EventRecordID>
<Correlation ActivityID="" RelatedActivityID=""></Correlation>
<Execution ProcessID="1896" ThreadID="1904"></Execution>
<Channel>Microsoft-Windows-Deployment-Services-Diagnostics/Operational</Channel>
<Computer>WIN-J9LVFC7736M.WDS.com</Computer>
<Security UserID="S-1-5-18"></Security>
</System>
<UserData><TptReadFileBuffer xmlns:auto-ns2="http://schemas.microsoft.com/win/2004/08/events" xmlns="Microsoft-Windows-Deployment-Services-Diagnostics"><FilePath>C:\RemoteInstall\Boot\Boot.SDI</FilePath>
<FileSize>3170304</FileSize>
<BufferType>0</BufferType>
</TptReadFileBuffer>
</UserData>
</Event>

<Event xmlns="http://schemas.microsoft.com/win/2004/08/events/event"><System><Provider Name="Microsoft-Windows-Deployment-Services-Diagnostics" Guid="{22b7d623-566b-47b6-9ba0-bc9da3c9d646}"></Provider>
<EventID Qualifiers="">57348</EventID>
<Version>0</Version>
<Level>4</Level>
<Task>0</Task>
<Opcode>0</Opcode>
<Keywords>0x8000000000000002</Keywords>
<TimeCreated SystemTime="2019-11-29 06:44:22.766491"></TimeCreated>
<EventRecordID>138269</EventRecordID>
<Correlation ActivityID="" RelatedActivityID=""></Correlation>
<Execution ProcessID="1896" ThreadID="1976"></Execution>
<Channel>Microsoft-Windows-Deployment-Services-Diagnostics/Operational</Channel>
<Computer>WIN-J9LVFC7736M.WDS.com</Computer>
<Security UserID="S-1-5-18"></Security>
</System>
<UserData><TptReadFileBuffer xmlns:auto-ns2="http://schemas.microsoft.com/win/2004/08/events" xmlns="Microsoft-Windows-Deployment-Services-Diagnostics"><FilePath>C:\RemoteInstall\Boot\x64\Images\boot.wim</FilePath>
<FileSize>272062425</FileSize>
<BufferType>0</BufferType>
</TptReadFileBuffer>
</UserData>
</Event>

<Event xmlns="http://schemas.microsoft.com/win/2004/08/events/event"><System><Provider Name="Microsoft-Windows-Deployment-Services-Diagnostics" Guid="{22b7d623-566b-47b6-9ba0-bc9da3c9d646}"></Provider>
<EventID Qualifiers="">4099</EventID>
<Version>0</Version>
<Level>4</Level>
<Task>101</Task>
<Opcode>1</Opcode>
<Keywords>0x8000000000000003</Keywords>
<TimeCreated SystemTime="2019-11-29 06:44:22.766491"></TimeCreated>
<EventRecordID>138270</EventRecordID>
<Correlation ActivityID="" RelatedActivityID=""></Correlation>
<Execution ProcessID="1896" ThreadID="1976"></Execution>
<Channel>Microsoft-Windows-Deployment-Services-Diagnostics/Operational</Channel>
<Computer>WIN-J9LVFC7736M.WDS.com</Computer>
<Security UserID="S-1-5-18"></Security>
</System>
<UserData><TFTPDownloadStartedEvent xmlns:auto-ns2="http://schemas.microsoft.com/win/2004/08/events" xmlns="Microsoft-Windows-Deployment-Services-Diagnostics"><ClientIP>192.168.0.100</ClientIP>
<FileName>\Boot\x64\Images\boot.wim</FileName>
<FileSize>272062425</FileSize>
<ClientPort>14642</ClientPort>
<ServerPort>63333</ServerPort>
<VariableWindow>True</VariableWindow>
</TFTPDownloadStartedEvent>
</UserData>
</Event>

<Event xmlns="http://schemas.microsoft.com/win/2004/08/events/event"><System><Provider Name="Microsoft-Windows-Deployment-Services-Diagnostics" Guid="{22b7d623-566b-47b6-9ba0-bc9da3c9d646}"></Provider>
<EventID Qualifiers="">4100</EventID>
<Version>0</Version>
<Level>4</Level>
<Task>101</Task>
<Opcode>2</Opcode>
<Keywords>0x8000000000000003</Keywords>
<TimeCreated SystemTime="2019-11-29 06:44:26.438757"></TimeCreated>
<EventRecordID>138271</EventRecordID>
<Correlation ActivityID="" RelatedActivityID=""></Correlation>
<Execution ProcessID="1896" ThreadID="1956"></Execution>
<Channel>Microsoft-Windows-Deployment-Services-Diagnostics/Operational</Channel>
<Computer>WIN-J9LVFC7736M.WDS.com</Computer>
<Security UserID="S-1-5-18"></Security>
</System>
<UserData><TFTPDownloadCompletedEvent xmlns:auto-ns2="http://schemas.microsoft.com/win/2004/08/events" xmlns="Microsoft-Windows-Deployment-Services-Diagnostics"><ClientIP>192.168.0.100</ClientIP>
<FileName>\Boot\x64\Images\boot.wim</FileName>
<FileSize>272062425</FileSize>
<ClientPort>14642</ClientPort>
<ServerPort>63333</ServerPort>
<VariableWindow>True</VariableWindow>
</TFTPDownloadCompletedEvent>
</UserData>
</Event>

<Event xmlns="http://schemas.microsoft.com/win/2004/08/events/event"><System><Provider Name="Microsoft-Windows-Deployment-Services-Diagnostics" Guid="{22b7d623-566b-47b6-9ba0-bc9da3c9d646}"></Provider>
<EventID Qualifiers="">57349</EventID>
<Version>0</Version>
<Level>4</Level>
<Task>0</Task>
<Opcode>0</Opcode>
<Keywords>0x8000000000000002</Keywords>
<TimeCreated SystemTime="2019-11-29 06:44:26.454386"></TimeCreated>
<EventRecordID>138272</EventRecordID>
<Correlation ActivityID="" RelatedActivityID=""></Correlation>
<Execution ProcessID="1896" ThreadID="1904"></Execution>
<Channel>Microsoft-Windows-Deployment-Services-Diagnostics/Operational</Channel>
<Computer>WIN-J9LVFC7736M.WDS.com</Computer>
<Security UserID="S-1-5-18"></Security>
</System>
<UserData><TptReadFileBuffer xmlns:auto-ns2="http://schemas.microsoft.com/win/2004/08/events" xmlns="Microsoft-Windows-Deployment-Services-Diagnostics"><FilePath>C:\RemoteInstall\Boot\x64\Images\boot.wim</FilePath>
<FileSize>272062425</FileSize>
<BufferType>0</BufferType>
</TptReadFileBuffer>
</UserData>
</Event>

<Event xmlns="http://schemas.microsoft.com/win/2004/08/events/event"><System><Provider Name="Microsoft-Windows-Deployment-Services-Diagnostics" Guid="{22b7d623-566b-47b6-9ba0-bc9da3c9d646}"></Provider>
<EventID Qualifiers="">4102</EventID>
<Version>0</Version>
<Level>4</Level>
<Task>201</Task>
<Opcode>1</Opcode>
<Keywords>0x8000000000000003</Keywords>
<TimeCreated SystemTime="2019-11-29 06:44:51.488310"></TimeCreated>
<EventRecordID>138273</EventRecordID>
<Correlation ActivityID="" RelatedActivityID=""></Correlation>
<Execution ProcessID="1896" ThreadID="1960"></Execution>
<Channel>Microsoft-Windows-Deployment-Services-Diagnostics/Operational</Channel>
<Computer>WIN-J9LVFC7736M.WDS.com</Computer>
<Security UserID="S-1-5-18"></Security>
</System>
<UserData><WdsClientStartedEvent xmlns:auto-ns2="http://schemas.microsoft.com/win/2004/08/events" xmlns="Microsoft-Windows-Deployment-Services-Diagnostics"><SessionGUID>{b5ac148a-1808-4b60-9854-c8a1f7144218}</SessionGUID>
<ClientMAC>74-FE-48-2E-11-ED</ClientMAC>
<ClientIP>192.168.0.100</ClientIP>
<ClientDeviceID>{03000200-0400-0500-0006-000700080009}</ClientDeviceID>
<ClientArch>9</ClientArch>
<ClientVersion>10.0.14393.0</ClientVersion>
<WinPEVersion>10.0.14393.0</WinPEVersion>
</WdsClientStartedEvent>
</UserData>
</Event>

<Event xmlns="http://schemas.microsoft.com/win/2004/08/events/event"><System><Provider Name="Microsoft-Windows-Deployment-Services-Diagnostics" Guid="{22b7d623-566b-47b6-9ba0-bc9da3c9d646}"></Provider>
<EventID Qualifiers="">4103</EventID>
<Version>0</Version>
<Level>4</Level>
<Task>0</Task>
<Opcode>0</Opcode>
<Keywords>0x8000000000000002</Keywords>
<TimeCreated SystemTime="2019-11-29 06:45:01.067459"></TimeCreated>
<EventRecordID>138274</EventRecordID>
<Correlation ActivityID="" RelatedActivityID=""></Correlation>
<Execution ProcessID="1896" ThreadID="1960"></Execution>
<Channel>Microsoft-Windows-Deployment-Services-Diagnostics/Operational</Channel>
<Computer>WIN-J9LVFC7736M.WDS.com</Computer>
<Security UserID="S-1-5-18"></Security>
</System>
<UserData><WdsClientUnattendEvent xmlns:auto-ns2="http://schemas.microsoft.com/win/2004/08/events" xmlns="Microsoft-Windows-Deployment-Services-Diagnostics"><SessionGUID>{b5ac148a-1808-4b60-9854-c8a1f7144218}</SessionGUID>
<ClientMAC>74-FE-48-2E-11-ED</ClientMAC>
<ClientIP>192.168.0.100</ClientIP>
<ClientDeviceID>{03000200-0400-0500-0006-000700080009}</ClientDeviceID>
<ClientArch>9</ClientArch>
<UnattendMode>True</UnattendMode>
</WdsClientUnattendEvent>
</UserData>
</Event>

<Event xmlns="http://schemas.microsoft.com/win/2004/08/events/event"><System><Provider Name="Microsoft-Windows-Deployment-Services-Diagnostics" Guid="{22b7d623-566b-47b6-9ba0-bc9da3c9d646}"></Provider>
<EventID Qualifiers="">4131</EventID>
<Version>0</Version>
<Level>4</Level>
<Task>0</Task>
<Opcode>0</Opcode>
<Keywords>0x8000000000000002</Keywords>
<TimeCreated SystemTime="2019-11-29 06:45:44.275202"></TimeCreated>
<EventRecordID>138275</EventRecordID>
<Correlation ActivityID="" RelatedActivityID=""></Correlation>
<Execution ProcessID="1896" ThreadID="1960"></Execution>
<Channel>Microsoft-Windows-Deployment-Services-Diagnostics/Operational</Channel>
<Computer>WIN-J9LVFC7736M.WDS.com</Computer>
<Security UserID="S-1-5-18"></Security>
</System>
<UserData><WdsClientImageSelected2Event xmlns:auto-ns2="http://schemas.microsoft.com/win/2004/08/events" xmlns="Microsoft-Windows-Deployment-Services-Diagnostics"><SessionGUID>{b5ac148a-1808-4b60-9854-c8a1f7144218}</SessionGUID>
<ClientMAC>74-FE-48-2E-11-ED</ClientMAC>
<ClientIP>192.168.0.100</ClientIP>
<ClientDeviceID>{03000200-0400-0500-0006-000700080009}</ClientDeviceID>
<ClientArch>9</ClientArch>
<ImageGroup>Windows 10 installation of Legacy (64 bit)</ImageGroup>
<ImageName>Windows 10 installation of Legacy (64 bit)</ImageName>
<ImageLanguage>en-us</ImageLanguage>
<FullUserName>WDS\Administrator</FullUserName>
<ImageArch>9</ImageArch>
</WdsClientImageSelected2Event>
</UserData>
</Event>

<Event xmlns="http://schemas.microsoft.com/win/2004/08/events/event"><System><Provider Name="Microsoft-Windows-Deployment-Services-Diagnostics" Guid="{22b7d623-566b-47b6-9ba0-bc9da3c9d646}"></Provider>
<EventID Qualifiers="">4107</EventID>
<Version>0</Version>
<Level>3</Level>
<Task>0</Task>
<Opcode>0</Opcode>
<Keywords>0x8000000000000002</Keywords>
<TimeCreated SystemTime="2019-11-29 06:46:10.793657"></TimeCreated>
<EventRecordID>138276</EventRecordID>
<Correlation ActivityID="" RelatedActivityID=""></Correlation>
<Execution ProcessID="1896" ThreadID="1960"></Execution>
<Channel>Microsoft-Windows-Deployment-Services-Diagnostics/Operational</Channel>
<Computer>WIN-J9LVFC7736M.WDS.com</Computer>
<Security UserID="S-1-5-18"></Security>
</System>
<UserData><WdsClientImageTransferDowngradeEvent xmlns:auto-ns2="http://schemas.microsoft.com/win/2004/08/events" xmlns="Microsoft-Windows-Deployment-Services-Diagnostics"><SessionGUID>{b5ac148a-1808-4b60-9854-c8a1f7144218}</SessionGUID>
<ClientMAC>74-FE-48-2E-11-ED</ClientMAC>
<ClientIP>192.168.0.100</ClientIP>
<ClientDeviceID>{03000200-0400-0500-0006-000700080009}</ClientDeviceID>
<ClientArch>9</ClientArch>
<ImageGroup>Windows 10 installation of Legacy (64 bit)</ImageGroup>
<ImageName>Windows 10 installation of Legacy (64 bit)</ImageName>
<MulticastNamespace></MulticastNamespace>
</WdsClientImageTransferDowngradeEvent>
</UserData>
</Event>

<Event xmlns="http://schemas.microsoft.com/win/2004/08/events/event"><System><Provider Name="Microsoft-Windows-Deployment-Services-Diagnostics" Guid="{22b7d623-566b-47b6-9ba0-bc9da3c9d646}"></Provider>
<EventID Qualifiers="">4108</EventID>
<Version>0</Version>
<Level>4</Level>
<Task>205</Task>
<Opcode>1</Opcode>
<Keywords>0x8000000000000003</Keywords>
<TimeCreated SystemTime="2019-11-29 06:46:11.356216"></TimeCreated>
<EventRecordID>138277</EventRecordID>
<Correlation ActivityID="" RelatedActivityID=""></Correlation>
<Execution ProcessID="1896" ThreadID="1960"></Execution>
<Channel>Microsoft-Windows-Deployment-Services-Diagnostics/Operational</Channel>
<Computer>WIN-J9LVFC7736M.WDS.com</Computer>
<Security UserID="S-1-5-18"></Security>
</System>
<UserData><WdsClientImageApplyStartEvent xmlns:auto-ns2="http://schemas.microsoft.com/win/2004/08/events" xmlns="Microsoft-Windows-Deployment-Services-Diagnostics"><SessionGUID>{b5ac148a-1808-4b60-9854-c8a1f7144218}</SessionGUID>
<ClientMAC>74-FE-48-2E-11-ED</ClientMAC>
<ClientIP>192.168.0.100</ClientIP>
<ClientDeviceID>{03000200-0400-0500-0006-000700080009}</ClientDeviceID>
<ClientArch>9</ClientArch>
<ImageGroup>Windows 10 installation of Legacy (64 bit)</ImageGroup>
<ImageName>Windows 10 installation of Legacy (64 bit)</ImageName>
</WdsClientImageApplyStartEvent>
</UserData>
</Event>

<Event xmlns="http://schemas.microsoft.com/win/2004/08/events/event"><System><Provider Name="Microsoft-Windows-Deployment-Services-Diagnostics" Guid="{22b7d623-566b-47b6-9ba0-bc9da3c9d646}"></Provider>
<EventID Qualifiers="">4109</EventID>
<Version>0</Version>
<Level>4</Level>
<Task>205</Task>
<Opcode>2</Opcode>
<Keywords>0x8000000000000003</Keywords>
<TimeCreated SystemTime="2019-11-29 06:47:35.490206"></TimeCreated>
<EventRecordID>138278</EventRecordID>
<Correlation ActivityID="" RelatedActivityID=""></Correlation>
<Execution ProcessID="1896" ThreadID="1960"></Execution>
<Channel>Microsoft-Windows-Deployment-Services-Diagnostics/Operational</Channel>
<Computer>WIN-J9LVFC7736M.WDS.com</Computer>
<Security UserID="S-1-5-18"></Security>
</System>
<UserData><WdsClientImageApplyEndEvent xmlns:auto-ns2="http://schemas.microsoft.com/win/2004/08/events" xmlns="Microsoft-Windows-Deployment-Services-Diagnostics"><SessionGUID>{b5ac148a-1808-4b60-9854-c8a1f7144218}</SessionGUID>
<ClientMAC>74-FE-48-2E-11-ED</ClientMAC>
<ClientIP>192.168.0.100</ClientIP>
<ClientDeviceID>{03000200-0400-0500-0006-000700080009}</ClientDeviceID>
<ClientArch>9</ClientArch>
<ImageGroup>Windows 10 installation of Legacy (64 bit)</ImageGroup>
<ImageName>Windows 10 installation of Legacy (64 bit)</ImageName>
</WdsClientImageApplyEndEvent>
</UserData>
</Event>

<Event xmlns="http://schemas.microsoft.com/win/2004/08/events/event"><System><Provider Name="Microsoft-Windows-Deployment-Services-Diagnostics" Guid="{22b7d623-566b-47b6-9ba0-bc9da3c9d646}"></Provider>
<EventID Qualifiers="">4110</EventID>
<Version>0</Version>
<Level>4</Level>
<Task>207</Task>
<Opcode>1</Opcode>
<Keywords>0x8000000000000003</Keywords>
<TimeCreated SystemTime="2019-11-29 06:47:36.224661"></TimeCreated>
<EventRecordID>138279</EventRecordID>
<Correlation ActivityID="" RelatedActivityID=""></Correlation>
<Execution ProcessID="1896" ThreadID="1960"></Execution>
<Channel>Microsoft-Windows-Deployment-Services-Diagnostics/Operational</Channel>
<Computer>WIN-J9LVFC7736M.WDS.com</Computer>
<Security UserID="S-1-5-18"></Security>
</System>
<UserData><WdsClientPostApplyActionsStartEvent xmlns:auto-ns2="http://schemas.microsoft.com/win/2004/08/events" xmlns="Microsoft-Windows-Deployment-Services-Diagnostics"><SessionGUID>{b5ac148a-1808-4b60-9854-c8a1f7144218}</SessionGUID>
<ClientMAC>74-FE-48-2E-11-ED</ClientMAC>
<ClientIP>192.168.0.100</ClientIP>
<ClientDeviceID>{03000200-0400-0500-0006-000700080009}</ClientDeviceID>
<ClientArch>9</ClientArch>
</WdsClientPostApplyActionsStartEvent>
</UserData>
</Event>

<Event xmlns="http://schemas.microsoft.com/win/2004/08/events/event"><System><Provider Name="Microsoft-Windows-Deployment-Services-Diagnostics" Guid="{22b7d623-566b-47b6-9ba0-bc9da3c9d646}"></Provider>
<EventID Qualifiers="">4111</EventID>
<Version>0</Version>
<Level>4</Level>
<Task>207</Task>
<Opcode>2</Opcode>
<Keywords>0x8000000000000003</Keywords>
<TimeCreated SystemTime="2019-11-29 06:47:36.318420"></TimeCreated>
<EventRecordID>138280</EventRecordID>
<Correlation ActivityID="" RelatedActivityID=""></Correlation>
<Execution ProcessID="1896" ThreadID="1960"></Execution>
<Channel>Microsoft-Windows-Deployment-Services-Diagnostics/Operational</Channel>
<Computer>WIN-J9LVFC7736M.WDS.com</Computer>
<Security UserID="S-1-5-18"></Security>
</System>
<UserData><WdsClientPostApplyActionsEndEvent xmlns:auto-ns2="http://schemas.microsoft.com/win/2004/08/events" xmlns="Microsoft-Windows-Deployment-Services-Diagnostics"><SessionGUID>{b5ac148a-1808-4b60-9854-c8a1f7144218}</SessionGUID>
<ClientMAC>74-FE-48-2E-11-ED</ClientMAC>
<ClientIP>192.168.0.100</ClientIP>
<ClientDeviceID>{03000200-0400-0500-0006-000700080009}</ClientDeviceID>
<ClientArch>9</ClientArch>
</WdsClientPostApplyActionsEndEvent>
</UserData>
</Event>

<Event xmlns="http://schemas.microsoft.com/win/2004/08/events/event"><System><Provider Name="Microsoft-Windows-Deployment-Services-Diagnostics" Guid="{22b7d623-566b-47b6-9ba0-bc9da3c9d646}"></Provider>
<EventID Qualifiers="">4124</EventID>
<Version>0</Version>
<Level>4</Level>
<Task>209</Task>
<Opcode>1</Opcode>
<Keywords>0x8000000000000003</Keywords>
<TimeCreated SystemTime="2019-11-29 06:47:49.554209"></TimeCreated>
<EventRecordID>138281</EventRecordID>
<Correlation ActivityID="" RelatedActivityID=""></Correlation>
<Execution ProcessID="1896" ThreadID="1960"></Execution>
<Channel>Microsoft-Windows-Deployment-Services-Diagnostics/Operational</Channel>
<Computer>WIN-J9LVFC7736M.WDS.com</Computer>
<Security UserID="S-1-5-18"></Security>
</System>
<UserData><WdsClientOfflineDriverInjectionStartEvent xmlns:auto-ns2="http://schemas.microsoft.com/win/2004/08/events" xmlns="Microsoft-Windows-Deployment-Services-Diagnostics"><SessionGUID>{b5ac148a-1808-4b60-9854-c8a1f7144218}</SessionGUID>
<ClientMAC>74-FE-48-2E-11-ED</ClientMAC>
<ClientIP>192.168.0.100</ClientIP>
<ClientDeviceID>{03000200-0400-0500-0006-000700080009}</ClientDeviceID>
<ClientArch>9</ClientArch>
</WdsClientOfflineDriverInjectionStartEvent>
</UserData>
</Event>

<Event xmlns="http://schemas.microsoft.com/win/2004/08/events/event"><System><Provider Name="Microsoft-Windows-Deployment-Services-Diagnostics" Guid="{22b7d623-566b-47b6-9ba0-bc9da3c9d646}"></Provider>
<EventID Qualifiers="">4125</EventID>
<Version>0</Version>
<Level>4</Level>
<Task>209</Task>
<Opcode>2</Opcode>
<Keywords>0x8000000000000003</Keywords>
<TimeCreated SystemTime="2019-11-29 06:47:49.819862"></TimeCreated>
<EventRecordID>138282</EventRecordID>
<Correlation ActivityID="" RelatedActivityID=""></Correlation>
<Execution ProcessID="1896" ThreadID="1960"></Execution>
<Channel>Microsoft-Windows-Deployment-Services-Diagnostics/Operational</Channel>
<Computer>WIN-J9LVFC7736M.WDS.com</Computer>
<Security UserID="S-1-5-18"></Security>
</System>
<UserData><WdsClientOfflineDriverInjectionEndEvent xmlns:auto-ns2="http://schemas.microsoft.com/win/2004/08/events" xmlns="Microsoft-Windows-Deployment-Services-Diagnostics"><SessionGUID>{b5ac148a-1808-4b60-9854-c8a1f7144218}</SessionGUID>
<ClientMAC>74-FE-48-2E-11-ED</ClientMAC>
<ClientIP>192.168.0.100</ClientIP>
<ClientDeviceID>{03000200-0400-0500-0006-000700080009}</ClientDeviceID>
<ClientArch>9</ClientArch>
</WdsClientOfflineDriverInjectionEndEvent>
</UserData>
</Event>

<Event xmlns="http://schemas.microsoft.com/win/2004/08/events/event"><System><Provider Name="Microsoft-Windows-Deployment-Services-Diagnostics" Guid="{22b7d623-566b-47b6-9ba0-bc9da3c9d646}"></Provider>
<EventID Qualifiers="">4096</EventID>
<Version>0</Version>
<Level>4</Level>
<Task>0</Task>
<Opcode>0</Opcode>
<Keywords>0x8000000000000002</Keywords>
<TimeCreated SystemTime="2019-11-29 06:50:24.508265"></TimeCreated>
<EventRecordID>138283</EventRecordID>
<Correlation ActivityID="" RelatedActivityID=""></Correlation>
<Execution ProcessID="1896" ThreadID="1980"></Execution>
<Channel>Microsoft-Windows-Deployment-Services-Diagnostics/Operational</Channel>
<Computer>WIN-J9LVFC7736M.WDS.com</Computer>
<Security UserID="S-1-5-18"></Security>
</System>
<UserData><PXEBootEvent xmlns:auto-ns2="http://schemas.microsoft.com/win/2004/08/events" xmlns="Microsoft-Windows-Deployment-Services-Diagnostics"><ClientHardwareAddress>74-FE-48-2E-11-ED</ClientHardwareAddress>
<ClientIP>192.168.0.100</ClientIP>
<ClientDeviceID>{03000200-0400-0500-0006-000700080009}</ClientDeviceID>
<ClientArch>1</ClientArch>
<ClientPrestaged>False</ClientPrestaged>
</PXEBootEvent>
</UserData>
</Event>

<Event xmlns="http://schemas.microsoft.com/win/2004/08/events/event"><System><Provider Name="Microsoft-Windows-Deployment-Services-Diagnostics" Guid="{22b7d623-566b-47b6-9ba0-bc9da3c9d646}"></Provider>
<EventID Qualifiers="">57348</EventID>
<Version>0</Version>
<Level>4</Level>
<Task>0</Task>
<Opcode>0</Opcode>
<Keywords>0x8000000000000002</Keywords>
<TimeCreated SystemTime="2019-11-29 06:50:24.508265"></TimeCreated>
<EventRecordID>138284</EventRecordID>
<Correlation ActivityID="" RelatedActivityID=""></Correlation>
<Execution ProcessID="1896" ThreadID="1964"></Execution>
<Channel>Microsoft-Windows-Deployment-Services-Diagnostics/Operational</Channel>
<Computer>WIN-J9LVFC7736M.WDS.com</Computer>
<Security UserID="S-1-5-18"></Security>
</System>
<UserData><TptReadFileBuffer xmlns:auto-ns2="http://schemas.microsoft.com/win/2004/08/events" xmlns="Microsoft-Windows-Deployment-Services-Diagnostics"><FilePath>C:\RemoteInstall\boot\x86\wdsnbp.com</FilePath>
<FileSize>30832</FileSize>
<BufferType>0</BufferType>
</TptReadFileBuffer>
</UserData>
</Event>

<Event xmlns="http://schemas.microsoft.com/win/2004/08/events/event"><System><Provider Name="Microsoft-Windows-Deployment-Services-Diagnostics" Guid="{22b7d623-566b-47b6-9ba0-bc9da3c9d646}"></Provider>
<EventID Qualifiers="">57348</EventID>
<Version>0</Version>
<Level>4</Level>
<Task>0</Task>
<Opcode>0</Opcode>
<Keywords>0x8000000000000002</Keywords>
<TimeCreated SystemTime="2019-11-29 06:50:24.508265"></TimeCreated>
<EventRecordID>138285</EventRecordID>
<Correlation ActivityID="" RelatedActivityID=""></Correlation>
<Execution ProcessID="1896" ThreadID="1964"></Execution>
<Channel>Microsoft-Windows-Deployment-Services-Diagnostics/Operational</Channel>
<Computer>WIN-J9LVFC7736M.WDS.com</Computer>
<Security UserID="S-1-5-18"></Security>
</System>
<UserData><TptReadFileBuffer xmlns:auto-ns2="http://schemas.microsoft.com/win/2004/08/events" xmlns="Microsoft-Windows-Deployment-Services-Diagnostics"><FilePath>C:\RemoteInstall\boot\x86\wdsnbp.com</FilePath>
<FileSize>30832</FileSize>
<BufferType>0</BufferType>
</TptReadFileBuffer>
</UserData>
</Event>

<Event xmlns="http://schemas.microsoft.com/win/2004/08/events/event"><System><Provider Name="Microsoft-Windows-Deployment-Services-Diagnostics" Guid="{22b7d623-566b-47b6-9ba0-bc9da3c9d646}"></Provider>
<EventID Qualifiers="">4099</EventID>
<Version>0</Version>
<Level>4</Level>
<Task>101</Task>
<Opcode>1</Opcode>
<Keywords>0x8000000000000003</Keywords>
<TimeCreated SystemTime="2019-11-29 06:50:24.508265"></TimeCreated>
<EventRecordID>138286</EventRecordID>
<Correlation ActivityID="" RelatedActivityID=""></Correlation>
<Execution ProcessID="1896" ThreadID="1964"></Execution>
<Channel>Microsoft-Windows-Deployment-Services-Diagnostics/Operational</Channel>
<Computer>WIN-J9LVFC7736M.WDS.com</Computer>
<Security UserID="S-1-5-18"></Security>
</System>
<UserData><TFTPDownloadStartedEvent xmlns:auto-ns2="http://schemas.microsoft.com/win/2004/08/events" xmlns="Microsoft-Windows-Deployment-Services-Diagnostics"><ClientIP>192.168.0.100</ClientIP>
<FileName>boot\x86\wdsnbp.com</FileName>
<FileSize>30832</FileSize>
<ClientPort>2071</ClientPort>
<ServerPort>63337</ServerPort>
<VariableWindow>False</VariableWindow>
</TFTPDownloadStartedEvent>
</UserData>
</Event>

<Event xmlns="http://schemas.microsoft.com/win/2004/08/events/event"><System><Provider Name="Microsoft-Windows-Deployment-Services-Diagnostics" Guid="{22b7d623-566b-47b6-9ba0-bc9da3c9d646}"></Provider>
<EventID Qualifiers="">4100</EventID>
<Version>0</Version>
<Level>4</Level>
<Task>101</Task>
<Opcode>2</Opcode>
<Keywords>0x8000000000000003</Keywords>
<TimeCreated SystemTime="2019-11-29 06:50:24.508265"></TimeCreated>
<EventRecordID>138287</EventRecordID>
<Correlation ActivityID="" RelatedActivityID=""></Correlation>
<Execution ProcessID="1896" ThreadID="1964"></Execution>
<Channel>Microsoft-Windows-Deployment-Services-Diagnostics/Operational</Channel>
<Computer>WIN-J9LVFC7736M.WDS.com</Computer>
<Security UserID="S-1-5-18"></Security>
</System>
<UserData><TFTPDownloadCompletedEvent xmlns:auto-ns2="http://schemas.microsoft.com/win/2004/08/events" xmlns="Microsoft-Windows-Deployment-Services-Diagnostics"><ClientIP>192.168.0.100</ClientIP>
<FileName>boot\x86\wdsnbp.com</FileName>
<FileSize>30832</FileSize>
<ClientPort>2071</ClientPort>
<ServerPort>63337</ServerPort>
<VariableWindow>False</VariableWindow>
</TFTPDownloadCompletedEvent>
</UserData>
</Event>

<Event xmlns="http://schemas.microsoft.com/win/2004/08/events/event"><System><Provider Name="Microsoft-Windows-Deployment-Services-Diagnostics" Guid="{22b7d623-566b-47b6-9ba0-bc9da3c9d646}"></Provider>
<EventID Qualifiers="">57349</EventID>
<Version>0</Version>
<Level>4</Level>
<Task>0</Task>
<Opcode>0</Opcode>
<Keywords>0x8000000000000002</Keywords>
<TimeCreated SystemTime="2019-11-29 06:50:24.523891"></TimeCreated>
<EventRecordID>138288</EventRecordID>
<Correlation ActivityID="" RelatedActivityID=""></Correlation>
<Execution ProcessID="1896" ThreadID="2088"></Execution>
<Channel>Microsoft-Windows-Deployment-Services-Diagnostics/Operational</Channel>
<Computer>WIN-J9LVFC7736M.WDS.com</Computer>
<Security UserID="S-1-5-18"></Security>
</System>
<UserData><TptReadFileBuffer xmlns:auto-ns2="http://schemas.microsoft.com/win/2004/08/events" xmlns="Microsoft-Windows-Deployment-Services-Diagnostics"><FilePath>C:\RemoteInstall\boot\x86\wdsnbp.com</FilePath>
<FileSize>30832</FileSize>
<BufferType>0</BufferType>
</TptReadFileBuffer>
</UserData>
</Event>

<Event xmlns="http://schemas.microsoft.com/win/2004/08/events/event"><System><Provider Name="Microsoft-Windows-Deployment-Services-Diagnostics" Guid="{22b7d623-566b-47b6-9ba0-bc9da3c9d646}"></Provider>
<EventID Qualifiers="">57349</EventID>
<Version>0</Version>
<Level>4</Level>
<Task>0</Task>
<Opcode>0</Opcode>
<Keywords>0x8000000000000002</Keywords>
<TimeCreated SystemTime="2019-11-29 06:50:24.523891"></TimeCreated>
<EventRecordID>138289</EventRecordID>
<Correlation ActivityID="" RelatedActivityID=""></Correlation>
<Execution ProcessID="1896" ThreadID="2088"></Execution>
<Channel>Microsoft-Windows-Deployment-Services-Diagnostics/Operational</Channel>
<Computer>WIN-J9LVFC7736M.WDS.com</Computer>
<Security UserID="S-1-5-18"></Security>
</System>
<UserData><TptReadFileBuffer xmlns:auto-ns2="http://schemas.microsoft.com/win/2004/08/events" xmlns="Microsoft-Windows-Deployment-Services-Diagnostics"><FilePath>C:\RemoteInstall\boot\x86\wdsnbp.com</FilePath>
<FileSize>30832</FileSize>
<BufferType>0</BufferType>
</TptReadFileBuffer>
</UserData>
</Event>

<Event xmlns="http://schemas.microsoft.com/win/2004/08/events/event"><System><Provider Name="Microsoft-Windows-Deployment-Services-Diagnostics" Guid="{22b7d623-566b-47b6-9ba0-bc9da3c9d646}"></Provider>
<EventID Qualifiers="">4096</EventID>
<Version>0</Version>
<Level>4</Level>
<Task>0</Task>
<Opcode>0</Opcode>
<Keywords>0x8000000000000002</Keywords>
<TimeCreated SystemTime="2019-11-29 06:50:27.524212"></TimeCreated>
<EventRecordID>138290</EventRecordID>
<Correlation ActivityID="" RelatedActivityID=""></Correlation>
<Execution ProcessID="1896" ThreadID="1964"></Execution>
<Channel>Microsoft-Windows-Deployment-Services-Diagnostics/Operational</Channel>
<Computer>WIN-J9LVFC7736M.WDS.com</Computer>
<Security UserID="S-1-5-18"></Security>
</System>
<UserData><PXEBootEvent xmlns:auto-ns2="http://schemas.microsoft.com/win/2004/08/events" xmlns="Microsoft-Windows-Deployment-Services-Diagnostics"><ClientHardwareAddress>74-FE-48-2E-11-ED</ClientHardwareAddress>
<ClientIP>192.168.0.100</ClientIP>
<ClientDeviceID>{03000200-0400-0500-0006-000700080009}</ClientDeviceID>
<ClientArch>3</ClientArch>
<ClientPrestaged>False</ClientPrestaged>
</PXEBootEvent>
</UserData>
</Event>

<Event xmlns="http://schemas.microsoft.com/win/2004/08/events/event"><System><Provider Name="Microsoft-Windows-Deployment-Services-Diagnostics" Guid="{22b7d623-566b-47b6-9ba0-bc9da3c9d646}"></Provider>
<EventID Qualifiers="">57348</EventID>
<Version>0</Version>
<Level>4</Level>
<Task>0</Task>
<Opcode>0</Opcode>
<Keywords>0x8000000000000002</Keywords>
<TimeCreated SystemTime="2019-11-29 06:50:27.571091"></TimeCreated>
<EventRecordID>138291</EventRecordID>
<Correlation ActivityID="" RelatedActivityID=""></Correlation>
<Execution ProcessID="1896" ThreadID="1964"></Execution>
<Channel>Microsoft-Windows-Deployment-Services-Diagnostics/Operational</Channel>
<Computer>WIN-J9LVFC7736M.WDS.com</Computer>
<Security UserID="S-1-5-18"></Security>
</System>
<UserData><TptReadFileBuffer xmlns:auto-ns2="http://schemas.microsoft.com/win/2004/08/events" xmlns="Microsoft-Windows-Deployment-Services-Diagnostics"><FilePath>C:\RemoteInstall\boot\x64\pxeboot.n12</FilePath>
<FileSize>25358</FileSize>
<BufferType>0</BufferType>
</TptReadFileBuffer>
</UserData>
</Event>

<Event xmlns="http://schemas.microsoft.com/win/2004/08/events/event"><System><Provider Name="Microsoft-Windows-Deployment-Services-Diagnostics" Guid="{22b7d623-566b-47b6-9ba0-bc9da3c9d646}"></Provider>
<EventID Qualifiers="">4099</EventID>
<Version>0</Version>
<Level>4</Level>
<Task>101</Task>
<Opcode>1</Opcode>
<Keywords>0x8000000000000003</Keywords>
<TimeCreated SystemTime="2019-11-29 06:50:27.571091"></TimeCreated>
<EventRecordID>138292</EventRecordID>
<Correlation ActivityID="" RelatedActivityID=""></Correlation>
<Execution ProcessID="1896" ThreadID="1964"></Execution>
<Channel>Microsoft-Windows-Deployment-Services-Diagnostics/Operational</Channel>
<Computer>WIN-J9LVFC7736M.WDS.com</Computer>
<Security UserID="S-1-5-18"></Security>
</System>
<UserData><TFTPDownloadStartedEvent xmlns:auto-ns2="http://schemas.microsoft.com/win/2004/08/events" xmlns="Microsoft-Windows-Deployment-Services-Diagnostics"><ClientIP>192.168.0.100</ClientIP>
<FileName>boot\x64\pxeboot.n12</FileName>
<FileSize>25358</FileSize>
<ClientPort>2072</ClientPort>
<ServerPort>63331</ServerPort>
<VariableWindow>False</VariableWindow>
</TFTPDownloadStartedEvent>
</UserData>
</Event>

